{"C:\\Users\\ashis\\Downloads\\ashish-tech-solutions\\components\\DocumentEditor.js": {"path":"C:\\Users\\ashis\\Downloads\\ashish-tech-solutions\\components\\DocumentEditor.js","statementMap":{"0":{"start":{"line":3,"column":24},"end":{"line":3,"column":39}},"1":{"start":{"line":1,"column":33},"end":{"line":1,"column":null}},"2":{"start":{"line":10,"column":42},"end":{"line":10,"column":null}},"3":{"start":{"line":11,"column":44},"end":{"line":11,"column":null}},"4":{"start":{"line":12,"column":23},"end":{"line":12,"column":null}},"5":{"start":{"line":14,"column":26},"end":{"line":20,"column":null}},"6":{"start":{"line":14,"column":37},"end":{"line":20,"column":null}},"7":{"start":{"line":15,"column":4},"end":{"line":15,"column":null}},"8":{"start":{"line":15,"column":20},"end":{"line":15,"column":null}},"9":{"start":{"line":16,"column":4},"end":{"line":16,"column":null}},"10":{"start":{"line":17,"column":4},"end":{"line":17,"column":null}},"11":{"start":{"line":18,"column":4},"end":{"line":18,"column":null}},"12":{"start":{"line":19,"column":4},"end":{"line":19,"column":null}},"13":{"start":{"line":22,"column":24},"end":{"line":26,"column":null}},"14":{"start":{"line":23,"column":4},"end":{"line":23,"column":null}},"15":{"start":{"line":24,"column":4},"end":{"line":24,"column":null}},"16":{"start":{"line":25,"column":4},"end":{"line":25,"column":null}},"17":{"start":{"line":28,"column":25},"end":{"line":35,"column":null}},"18":{"start":{"line":28,"column":36},"end":{"line":35,"column":null}},"19":{"start":{"line":29,"column":4},"end":{"line":29,"column":null}},"20":{"start":{"line":29,"column":20},"end":{"line":29,"column":null}},"21":{"start":{"line":30,"column":4},"end":{"line":30,"column":null}},"22":{"start":{"line":32,"column":4},"end":{"line":32,"column":null}},"23":{"start":{"line":32,"column":57},"end":{"line":32,"column":null}},"24":{"start":{"line":34,"column":4},"end":{"line":34,"column":null}},"25":{"start":{"line":37,"column":21},"end":{"line":50,"column":null}},"26":{"start":{"line":37,"column":32},"end":{"line":50,"column":null}},"27":{"start":{"line":38,"column":4},"end":{"line":38,"column":null}},"28":{"start":{"line":38,"column":20},"end":{"line":38,"column":null}},"29":{"start":{"line":39,"column":4},"end":{"line":39,"column":null}},"30":{"start":{"line":41,"column":4},"end":{"line":41,"column":null}},"31":{"start":{"line":41,"column":57},"end":{"line":41,"column":null}},"32":{"start":{"line":44,"column":4},"end":{"line":46,"column":null}},"33":{"start":{"line":45,"column":6},"end":{"line":45,"column":null}},"34":{"start":{"line":48,"column":4},"end":{"line":48,"column":null}},"35":{"start":{"line":49,"column":4},"end":{"line":49,"column":null}},"36":{"start":{"line":53,"column":25},"end":{"line":80,"column":null}},"37":{"start":{"line":54,"column":4},"end":{"line":79,"column":null}},"38":{"start":{"line":55,"column":25},"end":{"line":55,"column":null}},"39":{"start":{"line":56,"column":21},"end":{"line":56,"column":null}},"40":{"start":{"line":58,"column":6},"end":{"line":60,"column":null}}},"fnMap":{"0":{"name":"DocumentEditor","decl":{"start":{"line":3,"column":24},"end":{"line":3,"column":39}},"loc":{"start":{"line":9,"column":1},"end":{"line":114,"column":null}}},"1":{"name":"(anonymous_3)","decl":{"start":{"line":14,"column":26},"end":{"line":14,"column":27}},"loc":{"start":{"line":14,"column":37},"end":{"line":20,"column":null}}},"2":{"name":"(anonymous_4)","decl":{"start":{"line":14,"column":37},"end":{"line":14,"column":38}},"loc":{"start":{"line":14,"column":38},"end":{"line":20,"column":null}}},"3":{"name":"(anonymous_5)","decl":{"start":{"line":22,"column":24},"end":{"line":22,"column":25}},"loc":{"start":{"line":22,"column":25},"end":{"line":26,"column":null}}},"4":{"name":"(anonymous_6)","decl":{"start":{"line":28,"column":25},"end":{"line":28,"column":26}},"loc":{"start":{"line":28,"column":36},"end":{"line":35,"column":null}}},"5":{"name":"(anonymous_7)","decl":{"start":{"line":28,"column":36},"end":{"line":28,"column":37}},"loc":{"start":{"line":28,"column":37},"end":{"line":35,"column":null}}},"6":{"name":"(anonymous_8)","decl":{"start":{"line":37,"column":21},"end":{"line":37,"column":22}},"loc":{"start":{"line":37,"column":32},"end":{"line":50,"column":null}}},"7":{"name":"(anonymous_9)","decl":{"start":{"line":37,"column":32},"end":{"line":37,"column":33}},"loc":{"start":{"line":37,"column":33},"end":{"line":50,"column":null}}},"8":{"name":"(anonymous_10)","decl":{"start":{"line":53,"column":25},"end":{"line":53,"column":null}},"loc":{"start":{"line":53,"column":25},"end":{"line":80,"column":null}}},"9":{"name":"(anonymous_11)","decl":{"start":{"line":54,"column":24},"end":{"line":54,"column":25}},"loc":{"start":{"line":54,"column":34},"end":{"line":79,"column":null}}}},"branchMap":{"0":{"loc":{"start":{"line":8,"column":2},"end":{"line":8,"column":18}},"type":"default-arg","locations":[{"start":{"line":8,"column":14},"end":{"line":8,"column":18}}]},"1":{"loc":{"start":{"line":15,"column":4},"end":{"line":15,"column":null}},"type":"if","locations":[{"start":{"line":15,"column":4},"end":{"line":15,"column":null}},{"start":{},"end":{}}]},"2":{"loc":{"start":{"line":29,"column":4},"end":{"line":29,"column":null}},"type":"if","locations":[{"start":{"line":29,"column":4},"end":{"line":29,"column":null}},{"start":{},"end":{}}]},"3":{"loc":{"start":{"line":32,"column":4},"end":{"line":32,"column":null}},"type":"if","locations":[{"start":{"line":32,"column":4},"end":{"line":32,"column":null}},{"start":{},"end":{}}]},"4":{"loc":{"start":{"line":32,"column":8},"end":{"line":32,"column":57}},"type":"binary-expr","locations":[{"start":{"line":32,"column":8},"end":{"line":32,"column":33}},{"start":{"line":32,"column":33},"end":{"line":32,"column":57}}]},"5":{"loc":{"start":{"line":38,"column":4},"end":{"line":38,"column":null}},"type":"if","locations":[{"start":{"line":38,"column":4},"end":{"line":38,"column":null}},{"start":{},"end":{}}]},"6":{"loc":{"start":{"line":41,"column":4},"end":{"line":41,"column":null}},"type":"if","locations":[{"start":{"line":41,"column":4},"end":{"line":41,"column":null}},{"start":{},"end":{}}]},"7":{"loc":{"start":{"line":41,"column":8},"end":{"line":41,"column":57}},"type":"binary-expr","locations":[{"start":{"line":41,"column":8},"end":{"line":41,"column":33}},{"start":{"line":41,"column":33},"end":{"line":41,"column":57}}]},"8":{"loc":{"start":{"line":44,"column":4},"end":{"line":46,"column":null}},"type":"if","locations":[{"start":{"line":44,"column":4},"end":{"line":46,"column":null}},{"start":{},"end":{}}]},"9":{"loc":{"start":{"line":66,"column":41},"end":{"line":66,"column":70}},"type":"cond-expr","locations":[{"start":{"line":66,"column":54},"end":{"line":66,"column":67}},{"start":{"line":66,"column":67},"end":{"line":66,"column":70}}]},"10":{"loc":{"start":{"line":66,"column":73},"end":{"line":66,"column":99}},"type":"cond-expr","locations":[{"start":{"line":66,"column":82},"end":{"line":66,"column":96}},{"start":{"line":66,"column":96},"end":{"line":66,"column":99}}]},"11":{"loc":{"start":{"line":68,"column":22},"end":{"line":68,"column":null}},"type":"binary-expr","locations":[{"start":{"line":68,"column":22},"end":{"line":68,"column":42}},{"start":{"line":68,"column":42},"end":{"line":68,"column":null}}]},"12":{"loc":{"start":{"line":69,"column":17},"end":{"line":69,"column":null}},"type":"binary-expr","locations":[{"start":{"line":69,"column":17},"end":{"line":69,"column":32}},{"start":{"line":69,"column":32},"end":{"line":69,"column":null}}]},"13":{"loc":{"start":{"line":70,"column":18},"end":{"line":70,"column":null}},"type":"binary-expr","locations":[{"start":{"line":70,"column":18},"end":{"line":70,"column":34}},{"start":{"line":70,"column":34},"end":{"line":70,"column":null}}]},"14":{"loc":{"start":{"line":71,"column":19},"end":{"line":71,"column":null}},"type":"binary-expr","locations":[{"start":{"line":71,"column":19},"end":{"line":71,"column":36}},{"start":{"line":71,"column":36},"end":{"line":71,"column":null}}]},"15":{"loc":{"start":{"line":72,"column":20},"end":{"line":72,"column":null}},"type":"binary-expr","locations":[{"start":{"line":72,"column":20},"end":{"line":72,"column":38}},{"start":{"line":72,"column":38},"end":{"line":72,"column":null}}]},"16":{"loc":{"start":{"line":73,"column":20},"end":{"line":73,"column":null}},"type":"binary-expr","locations":[{"start":{"line":73,"column":20},"end":{"line":73,"column":38}},{"start":{"line":73,"column":38},"end":{"line":73,"column":null}}]},"17":{"loc":{"start":{"line":60,"column":15},"end":{"line":60,"column":null}},"type":"binary-expr","locations":[{"start":{"line":60,"column":15},"end":{"line":60,"column":29}},{"start":{"line":60,"column":29},"end":{"line":60,"column":null}}]},"18":{"loc":{"start":{"line":95,"column":20},"end":{"line":95,"column":null}},"type":"cond-expr","locations":[{"start":{"line":95,"column":32},"end":{"line":95,"column":41}},{"start":{"line":95,"column":41},"end":{"line":95,"column":null}}]},"19":{"loc":{"start":{"line":109,"column":12},"end":{"line":109,"column":null}},"type":"cond-expr","locations":[{"start":{"line":109,"column":24},"end":{"line":109,"column":78}},{"start":{"line":109,"column":78},"end":{"line":109,"column":null}}]}},"s":{"0":0,"1":0,"2":0,"3":0,"4":0,"5":0,"6":0,"7":0,"8":0,"9":0,"10":0,"11":0,"12":0,"13":0,"14":0,"15":0,"16":0,"17":0,"18":0,"19":0,"20":0,"21":0,"22":0,"23":0,"24":0,"25":0,"26":0,"27":0,"28":0,"29":0,"30":0,"31":0,"32":0,"33":0,"34":0,"35":0,"36":0,"37":0,"38":0,"39":0,"40":0},"f":{"0":0,"1":0,"2":0,"3":0,"4":0,"5":0,"6":0,"7":0,"8":0,"9":0},"b":{"0":[0],"1":[0,0],"2":[0,0],"3":[0,0],"4":[0,0],"5":[0,0],"6":[0,0],"7":[0,0],"8":[0,0],"9":[0,0],"10":[0,0],"11":[0,0],"12":[0,0],"13":[0,0],"14":[0,0],"15":[0,0],"16":[0,0],"17":[0,0],"18":[0,0],"19":[0,0]}}
,"C:\\Users\\ashis\\Downloads\\ashish-tech-solutions\\components\\DraggableResume.js": {"path":"C:\\Users\\ashis\\Downloads\\ashish-tech-solutions\\components\\DraggableResume.js","statementMap":{"0":{"start":{"line":4,"column":24},"end":{"line":4,"column":40}},"1":{"start":{"line":1,"column":25},"end":{"line":1,"column":null}},"2":{"start":{"line":2,"column":29},"end":{"line":2,"column":null}},"3":{"start":{"line":11,"column":42},"end":{"line":11,"column":null}},"4":{"start":{"line":12,"column":44},"end":{"line":12,"column":null}},"5":{"start":{"line":15,"column":23},"end":{"line":24,"column":null}},"6":{"start":{"line":27,"column":27},"end":{"line":34,"column":null}},"7":{"start":{"line":28,"column":4},"end":{"line":28,"column":null}},"8":{"start":{"line":28,"column":57},"end":{"line":28,"column":null}},"9":{"start":{"line":30,"column":4},"end":{"line":30,"column":null}},"10":{"start":{"line":30,"column":35},"end":{"line":30,"column":null}},"11":{"start":{"line":31,"column":4},"end":{"line":31,"column":null}},"12":{"start":{"line":31,"column":42},"end":{"line":31,"column":null}},"13":{"start":{"line":33,"column":4},"end":{"line":33,"column":null}},"14":{"start":{"line":37,"column":26},"end":{"line":37,"column":null}},"15":{"start":{"line":39,"column":26},"end":{"line":43,"column":null}},"16":{"start":{"line":39,"column":37},"end":{"line":43,"column":null}},"17":{"start":{"line":40,"column":4},"end":{"line":40,"column":null}},"18":{"start":{"line":41,"column":4},"end":{"line":41,"column":null}},"19":{"start":{"line":42,"column":4},"end":{"line":42,"column":null}},"20":{"start":{"line":45,"column":24},"end":{"line":48,"column":null}},"21":{"start":{"line":46,"column":4},"end":{"line":46,"column":null}},"22":{"start":{"line":47,"column":4},"end":{"line":47,"column":null}},"23":{"start":{"line":50,"column":25},"end":{"line":57,"column":null}},"24":{"start":{"line":50,"column":36},"end":{"line":57,"column":null}},"25":{"start":{"line":51,"column":4},"end":{"line":51,"column":null}},"26":{"start":{"line":52,"column":4},"end":{"line":52,"column":null}},"27":{"start":{"line":54,"column":4},"end":{"line":56,"column":null}},"28":{"start":{"line":55,"column":6},"end":{"line":55,"column":null}},"29":{"start":{"line":59,"column":21},"end":{"line":80,"column":null}},"30":{"start":{"line":59,"column":32},"end":{"line":80,"column":null}},"31":{"start":{"line":60,"column":4},"end":{"line":60,"column":null}},"32":{"start":{"line":62,"column":4},"end":{"line":76,"column":null}},"33":{"start":{"line":63,"column":23},"end":{"line":63,"column":null}},"34":{"start":{"line":64,"column":29},"end":{"line":64,"column":58}},"35":{"start":{"line":65,"column":28},"end":{"line":65,"column":50}},"36":{"start":{"line":67,"column":32},"end":{"line":67,"column":null}},"37":{"start":{"line":68,"column":31},"end":{"line":68,"column":null}},"38":{"start":{"line":71,"column":6},"end":{"line":71,"column":null}},"39":{"start":{"line":73,"column":6},"end":{"line":73,"column":null}},"40":{"start":{"line":75,"column":6},"end":{"line":75,"column":null}},"41":{"start":{"line":78,"column":4},"end":{"line":78,"column":null}},"42":{"start":{"line":79,"column":4},"end":{"line":79,"column":null}},"43":{"start":{"line":83,"column":31},"end":{"line":86,"column":null}},"44":{"start":{"line":85,"column":4},"end":{"line":85,"column":null}}},"fnMap":{"0":{"name":"DraggableResume","decl":{"start":{"line":4,"column":24},"end":{"line":4,"column":40}},"loc":{"start":{"line":10,"column":1},"end":{"line":120,"column":null}}},"1":{"name":"(anonymous_3)","decl":{"start":{"line":27,"column":27},"end":{"line":27,"column":28}},"loc":{"start":{"line":27,"column":28},"end":{"line":34,"column":null}}},"2":{"name":"(anonymous_4)","decl":{"start":{"line":39,"column":26},"end":{"line":39,"column":27}},"loc":{"start":{"line":39,"column":37},"end":{"line":43,"column":null}}},"3":{"name":"(anonymous_5)","decl":{"start":{"line":39,"column":37},"end":{"line":39,"column":38}},"loc":{"start":{"line":39,"column":38},"end":{"line":43,"column":null}}},"4":{"name":"(anonymous_6)","decl":{"start":{"line":45,"column":24},"end":{"line":45,"column":null}},"loc":{"start":{"line":45,"column":24},"end":{"line":48,"column":null}}},"5":{"name":"(anonymous_7)","decl":{"start":{"line":50,"column":25},"end":{"line":50,"column":26}},"loc":{"start":{"line":50,"column":36},"end":{"line":57,"column":null}}},"6":{"name":"(anonymous_8)","decl":{"start":{"line":50,"column":36},"end":{"line":50,"column":37}},"loc":{"start":{"line":50,"column":37},"end":{"line":57,"column":null}}},"7":{"name":"(anonymous_9)","decl":{"start":{"line":59,"column":21},"end":{"line":59,"column":22}},"loc":{"start":{"line":59,"column":32},"end":{"line":80,"column":null}}},"8":{"name":"(anonymous_10)","decl":{"start":{"line":59,"column":32},"end":{"line":59,"column":33}},"loc":{"start":{"line":59,"column":33},"end":{"line":80,"column":null}}},"9":{"name":"(anonymous_11)","decl":{"start":{"line":83,"column":31},"end":{"line":83,"column":32}},"loc":{"start":{"line":83,"column":32},"end":{"line":86,"column":null}}}},"branchMap":{"0":{"loc":{"start":{"line":15,"column":23},"end":{"line":24,"column":null}},"type":"binary-expr","locations":[{"start":{"line":15,"column":23},"end":{"line":15,"column":44}},{"start":{"line":15,"column":44},"end":{"line":24,"column":null}}]},"1":{"loc":{"start":{"line":28,"column":4},"end":{"line":28,"column":null}},"type":"if","locations":[{"start":{"line":28,"column":4},"end":{"line":28,"column":null}},{"start":{},"end":{}}]},"2":{"loc":{"start":{"line":30,"column":4},"end":{"line":30,"column":null}},"type":"if","locations":[{"start":{"line":30,"column":4},"end":{"line":30,"column":null}},{"start":{},"end":{}}]},"3":{"loc":{"start":{"line":31,"column":4},"end":{"line":31,"column":null}},"type":"if","locations":[{"start":{"line":31,"column":4},"end":{"line":31,"column":null}},{"start":{},"end":{}}]},"4":{"loc":{"start":{"line":31,"column":49},"end":{"line":31,"column":null}},"type":"binary-expr","locations":[{"start":{"line":31,"column":49},"end":{"line":31,"column":72}},{"start":{"line":31,"column":72},"end":{"line":31,"column":null}}]},"5":{"loc":{"start":{"line":33,"column":11},"end":{"line":33,"column":null}},"type":"binary-expr","locations":[{"start":{"line":33,"column":11},"end":{"line":33,"column":28}},{"start":{"line":33,"column":32},"end":{"line":33,"column":null}}]},"6":{"loc":{"start":{"line":54,"column":4},"end":{"line":56,"column":null}},"type":"if","locations":[{"start":{"line":54,"column":4},"end":{"line":56,"column":null}},{"start":{},"end":{}}]},"7":{"loc":{"start":{"line":54,"column":8},"end":{"line":54,"column":57}},"type":"binary-expr","locations":[{"start":{"line":54,"column":8},"end":{"line":54,"column":33}},{"start":{"line":54,"column":33},"end":{"line":54,"column":57}}]},"8":{"loc":{"start":{"line":62,"column":4},"end":{"line":76,"column":null}},"type":"if","locations":[{"start":{"line":62,"column":4},"end":{"line":76,"column":null}},{"start":{},"end":{}}]},"9":{"loc":{"start":{"line":62,"column":8},"end":{"line":62,"column":57}},"type":"binary-expr","locations":[{"start":{"line":62,"column":8},"end":{"line":62,"column":33}},{"start":{"line":62,"column":33},"end":{"line":62,"column":57}}]}},"s":{"0":3,"1":1,"2":1,"3":3,"4":3,"5":3,"6":3,"7":12,"8":1,"9":11,"10":3,"11":8,"12":0,"13":8,"14":3,"15":3,"16":0,"17":0,"18":0,"19":0,"20":3,"21":0,"22":0,"23":3,"24":0,"25":0,"26":0,"27":0,"28":0,"29":3,"30":0,"31":0,"32":0,"33":0,"34":0,"35":0,"36":0,"37":0,"38":0,"39":0,"40":0,"41":0,"42":0,"43":3,"44":0},"f":{"0":3,"1":12,"2":0,"3":0,"4":0,"5":0,"6":0,"7":0,"8":0,"9":0},"b":{"0":[3,0],"1":[1,11],"2":[3,8],"3":[0,8],"4":[0,0],"5":[8,8],"6":[0,0],"7":[0,0],"8":[0,0],"9":[0,0]}}
,"C:\\Users\\ashis\\Downloads\\ashish-tech-solutions\\components\\DraggableSection.js": {"path":"C:\\Users\\ashis\\Downloads\\ashish-tech-solutions\\components\\DraggableSection.js","statementMap":{"0":{"start":{"line":3,"column":24},"end":{"line":3,"column":41}},"1":{"start":{"line":1,"column":25},"end":{"line":1,"column":null}},"2":{"start":{"line":14,"column":38},"end":{"line":14,"column":null}},"3":{"start":{"line":19,"column":26},"end":{"line":19,"column":null}},"4":{"start":{"line":20,"column":26},"end":{"line":20,"column":null}}},"fnMap":{"0":{"name":"DraggableSection","decl":{"start":{"line":3,"column":24},"end":{"line":3,"column":41}},"loc":{"start":{"line":13,"column":1},"end":{"line":142,"column":null}}},"1":{"name":"(anonymous_3)","decl":{"start":{"line":19,"column":20},"end":{"line":19,"column":26}},"loc":{"start":{"line":19,"column":26},"end":{"line":19,"column":null}}},"2":{"name":"(anonymous_4)","decl":{"start":{"line":20,"column":20},"end":{"line":20,"column":26}},"loc":{"start":{"line":20,"column":26},"end":{"line":20,"column":null}}}},"branchMap":{"0":{"loc":{"start":{"line":18,"column":38},"end":{"line":18,"column":67}},"type":"cond-expr","locations":[{"start":{"line":18,"column":51},"end":{"line":18,"column":64}},{"start":{"line":18,"column":64},"end":{"line":18,"column":67}}]},"1":{"loc":{"start":{"line":18,"column":70},"end":{"line":18,"column":96}},"type":"cond-expr","locations":[{"start":{"line":18,"column":79},"end":{"line":18,"column":93}},{"start":{"line":18,"column":93},"end":{"line":18,"column":96}}]},"2":{"loc":{"start":{"line":27,"column":34},"end":{"line":27,"column":62}},"type":"cond-expr","locations":[{"start":{"line":27,"column":47},"end":{"line":27,"column":59}},{"start":{"line":27,"column":59},"end":{"line":27,"column":62}}]}},"s":{"0":0,"1":1,"2":0,"3":0,"4":0},"f":{"0":0,"1":0,"2":0},"b":{"0":[0,0],"1":[0,0],"2":[0,0]}}
,"C:\\Users\\ashis\\Downloads\\ashish-tech-solutions\\components\\FreeDraggable.js": {"path":"C:\\Users\\ashis\\Downloads\\ashish-tech-solutions\\components\\FreeDraggable.js","statementMap":{"0":{"start":{"line":3,"column":24},"end":{"line":3,"column":38}},"1":{"start":{"line":1,"column":44},"end":{"line":1,"column":null}},"2":{"start":{"line":15,"column":34},"end":{"line":15,"column":null}},"3":{"start":{"line":16,"column":38},"end":{"line":16,"column":null}},"4":{"start":{"line":17,"column":36},"end":{"line":17,"column":null}},"5":{"start":{"line":18,"column":27},"end":{"line":18,"column":null}},"6":{"start":{"line":19,"column":21},"end":{"line":19,"column":null}},"7":{"start":{"line":22,"column":2},"end":{"line":24,"column":null}},"8":{"start":{"line":23,"column":4},"end":{"line":23,"column":null}},"9":{"start":{"line":26,"column":26},"end":{"line":49,"column":null}},"10":{"start":{"line":27,"column":4},"end":{"line":27,"column":null}},"11":{"start":{"line":27,"column":20},"end":{"line":27,"column":null}},"12":{"start":{"line":30,"column":4},"end":{"line":30,"column":null}},"13":{"start":{"line":33,"column":4},"end":{"line":33,"column":null}},"14":{"start":{"line":34,"column":4},"end":{"line":34,"column":null}},"15":{"start":{"line":35,"column":4},"end":{"line":38,"column":null}},"16":{"start":{"line":41,"column":4},"end":{"line":43,"column":null}},"17":{"start":{"line":42,"column":6},"end":{"line":42,"column":null}},"18":{"start":{"line":46,"column":4},"end":{"line":48,"column":null}},"19":{"start":{"line":47,"column":6},"end":{"line":47,"column":null}},"20":{"start":{"line":51,"column":26},"end":{"line":67,"column":null}},"21":{"start":{"line":52,"column":4},"end":{"line":52,"column":null}},"22":{"start":{"line":52,"column":35},"end":{"line":52,"column":null}},"23":{"start":{"line":54,"column":17},"end":{"line":54,"column":null}},"24":{"start":{"line":55,"column":17},"end":{"line":55,"column":null}},"25":{"start":{"line":57,"column":4},"end":{"line":57,"column":null}},"26":{"start":{"line":60,"column":4},"end":{"line":66,"column":null}},"27":{"start":{"line":61,"column":21},"end":{"line":64,"column":null}},"28":{"start":{"line":65,"column":6},"end":{"line":65,"column":null}},"29":{"start":{"line":69,"column":24},"end":{"line":86,"column":null}},"30":{"start":{"line":70,"column":4},"end":{"line":84,"column":null}},"31":{"start":{"line":71,"column":6},"end":{"line":78,"column":null}},"32":{"start":{"line":73,"column":22},"end":{"line":76,"column":null}},"33":{"start":{"line":77,"column":8},"end":{"line":77,"column":null}},"34":{"start":{"line":81,"column":6},"end":{"line":83,"column":null}},"35":{"start":{"line":82,"column":8},"end":{"line":82,"column":null}},"36":{"start":{"line":85,"column":4},"end":{"line":85,"column":null}},"37":{"start":{"line":89,"column":2},"end":{"line":99,"column":null}},"38":{"start":{"line":90,"column":4},"end":{"line":98,"column":null}},"39":{"start":{"line":91,"column":6},"end":{"line":91,"column":null}},"40":{"start":{"line":92,"column":6},"end":{"line":92,"column":null}},"41":{"start":{"line":94,"column":6},"end":{"line":97,"column":null}},"42":{"start":{"line":95,"column":8},"end":{"line":95,"column":null}},"43":{"start":{"line":96,"column":8},"end":{"line":96,"column":null}}},"fnMap":{"0":{"name":"FreeDraggable","decl":{"start":{"line":3,"column":24},"end":{"line":3,"column":38}},"loc":{"start":{"line":14,"column":1},"end":{"line":158,"column":null}}},"1":{"name":"(anonymous_3)","decl":{"start":{"line":22,"column":12},"end":{"line":22,"column":null}},"loc":{"start":{"line":22,"column":12},"end":{"line":24,"column":5}}},"2":{"name":"(anonymous_4)","decl":{"start":{"line":26,"column":26},"end":{"line":26,"column":27}},"loc":{"start":{"line":26,"column":27},"end":{"line":49,"column":null}}},"3":{"name":"(anonymous_5)","decl":{"start":{"line":51,"column":26},"end":{"line":51,"column":27}},"loc":{"start":{"line":51,"column":27},"end":{"line":67,"column":null}}},"4":{"name":"(anonymous_6)","decl":{"start":{"line":69,"column":24},"end":{"line":69,"column":null}},"loc":{"start":{"line":69,"column":24},"end":{"line":86,"column":null}}},"5":{"name":"(anonymous_7)","decl":{"start":{"line":89,"column":12},"end":{"line":89,"column":null}},"loc":{"start":{"line":89,"column":12},"end":{"line":99,"column":5}}},"6":{"name":"(anonymous_8)","decl":{"start":{"line":94,"column":13},"end":{"line":94,"column":null}},"loc":{"start":{"line":94,"column":13},"end":{"line":97,"column":null}}}},"branchMap":{"0":{"loc":{"start":{"line":6,"column":2},"end":{"line":6,"column":34}},"type":"default-arg","locations":[{"start":{"line":6,"column":20},"end":{"line":6,"column":34}}]},"1":{"loc":{"start":{"line":11,"column":2},"end":{"line":11,"column":18}},"type":"default-arg","locations":[{"start":{"line":11,"column":14},"end":{"line":11,"column":18}}]},"2":{"loc":{"start":{"line":13,"column":2},"end":{"line":13,"column":20}},"type":"default-arg","locations":[{"start":{"line":13,"column":15},"end":{"line":13,"column":20}}]},"3":{"loc":{"start":{"line":27,"column":4},"end":{"line":27,"column":null}},"type":"if","locations":[{"start":{"line":27,"column":4},"end":{"line":27,"column":null}},{"start":{},"end":{}}]},"4":{"loc":{"start":{"line":41,"column":4},"end":{"line":43,"column":null}},"type":"if","locations":[{"start":{"line":41,"column":4},"end":{"line":43,"column":null}},{"start":{},"end":{}}]},"5":{"loc":{"start":{"line":46,"column":4},"end":{"line":48,"column":null}},"type":"if","locations":[{"start":{"line":46,"column":4},"end":{"line":48,"column":null}},{"start":{},"end":{}}]},"6":{"loc":{"start":{"line":52,"column":4},"end":{"line":52,"column":null}},"type":"if","locations":[{"start":{"line":52,"column":4},"end":{"line":52,"column":null}},{"start":{},"end":{}}]},"7":{"loc":{"start":{"line":52,"column":8},"end":{"line":52,"column":35}},"type":"binary-expr","locations":[{"start":{"line":52,"column":8},"end":{"line":52,"column":23}},{"start":{"line":52,"column":23},"end":{"line":52,"column":35}}]},"8":{"loc":{"start":{"line":60,"column":4},"end":{"line":66,"column":null}},"type":"if","locations":[{"start":{"line":60,"column":4},"end":{"line":66,"column":null}},{"start":{},"end":{}}]},"9":{"loc":{"start":{"line":70,"column":4},"end":{"line":84,"column":null}},"type":"if","locations":[{"start":{"line":70,"column":4},"end":{"line":84,"column":null}},{"start":{},"end":{}}]},"10":{"loc":{"start":{"line":71,"column":6},"end":{"line":78,"column":null}},"type":"if","locations":[{"start":{"line":71,"column":6},"end":{"line":78,"column":null}},{"start":{},"end":{}}]},"11":{"loc":{"start":{"line":81,"column":6},"end":{"line":83,"column":null}},"type":"if","locations":[{"start":{"line":81,"column":6},"end":{"line":83,"column":null}},{"start":{},"end":{}}]},"12":{"loc":{"start":{"line":90,"column":4},"end":{"line":98,"column":null}},"type":"if","locations":[{"start":{"line":90,"column":4},"end":{"line":98,"column":null}},{"start":{},"end":{}}]},"13":{"loc":{"start":{"line":109,"column":16},"end":{"line":109,"column":null}},"type":"cond-expr","locations":[{"start":{"line":109,"column":29},"end":{"line":109,"column":65}},{"start":{"line":109,"column":65},"end":{"line":109,"column":null}}]},"14":{"loc":{"start":{"line":109,"column":29},"end":{"line":109,"column":65}},"type":"cond-expr","locations":[{"start":{"line":109,"column":42},"end":{"line":109,"column":55}},{"start":{"line":109,"column":55},"end":{"line":109,"column":65}}]},"15":{"loc":{"start":{"line":111,"column":20},"end":{"line":111,"column":null}},"type":"cond-expr","locations":[{"start":{"line":111,"column":33},"end":{"line":111,"column":42}},{"start":{"line":111,"column":42},"end":{"line":111,"column":null}}]},"16":{"loc":{"start":{"line":112,"column":19},"end":{"line":112,"column":null}},"type":"cond-expr","locations":[{"start":{"line":112,"column":32},"end":{"line":112,"column":54}},{"start":{"line":112,"column":54},"end":{"line":112,"column":null}}]},"17":{"loc":{"start":{"line":112,"column":54},"end":{"line":112,"column":null}},"type":"cond-expr","locations":[{"start":{"line":112,"column":67},"end":{"line":112,"column":99}},{"start":{"line":112,"column":99},"end":{"line":112,"column":null}}]},"18":{"loc":{"start":{"line":113,"column":16},"end":{"line":113,"column":null}},"type":"cond-expr","locations":[{"start":{"line":113,"column":29},"end":{"line":113,"column":36}},{"start":{"line":113,"column":36},"end":{"line":113,"column":null}}]},"19":{"loc":{"start":{"line":113,"column":36},"end":{"line":113,"column":null}},"type":"cond-expr","locations":[{"start":{"line":113,"column":49},"end":{"line":113,"column":55}},{"start":{"line":113,"column":55},"end":{"line":113,"column":null}}]},"20":{"loc":{"start":{"line":115,"column":35},"end":{"line":115,"column":64}},"type":"cond-expr","locations":[{"start":{"line":115,"column":48},"end":{"line":115,"column":61}},{"start":{"line":115,"column":61},"end":{"line":115,"column":64}}]},"21":{"loc":{"start":{"line":115,"column":67},"end":{"line":115,"column":96}},"type":"cond-expr","locations":[{"start":{"line":115,"column":80},"end":{"line":115,"column":93}},{"start":{"line":115,"column":93},"end":{"line":115,"column":96}}]},"22":{"loc":{"start":{"line":120,"column":7},"end":{"line":120,"column":20}},"type":"binary-expr","locations":[{"start":{"line":120,"column":7},"end":{"line":120,"column":20}},{"start":{"line":120,"column":20},"end":{"line":120,"column":null}}]}},"s":{"0":10,"1":1,"2":14,"3":14,"4":14,"5":14,"6":14,"7":14,"8":10,"9":14,"10":1,"11":0,"12":1,"13":1,"14":1,"15":1,"16":1,"17":1,"18":1,"19":1,"20":14,"21":1,"22":0,"23":1,"24":1,"25":1,"26":1,"27":1,"28":1,"29":14,"30":1,"31":1,"32":1,"33":1,"34":1,"35":1,"36":1,"37":14,"38":13,"39":2,"40":2,"41":2,"42":2,"43":2},"f":{"0":14,"1":10,"2":1,"3":1,"4":1,"5":13,"6":2},"b":{"0":[0],"1":[0],"2":[0],"3":[0,1],"4":[1,0],"5":[1,0],"6":[0,1],"7":[1,1],"8":[1,0],"9":[1,0],"10":[1,0],"11":[1,0],"12":[2,11],"13":[14,0],"14":[3,11],"15":[3,11],"16":[0,14],"17":[3,11],"18":[3,11],"19":[0,11],"20":[3,11],"21":[0,14],"22":[14,14]}}
,"C:\\Users\\ashis\\Downloads\\ashish-tech-solutions\\components\\IconPicker.js": {"path":"C:\\Users\\ashis\\Downloads\\ashish-tech-solutions\\components\\IconPicker.js","statementMap":{"0":{"start":{"line":40,"column":24},"end":{"line":40,"column":35}},"1":{"start":{"line":1,"column":25},"end":{"line":1,"column":null}},"2":{"start":{"line":3,"column":24},"end":{"line":38,"column":null}},"3":{"start":{"line":41,"column":46},"end":{"line":41,"column":null}},"4":{"start":{"line":52,"column":10},"end":{"line":53,"column":null}},"5":{"start":{"line":55,"column":27},"end":{"line":55,"column":null}},"6":{"start":{"line":64,"column":10},"end":{"line":65,"column":null}},"7":{"start":{"line":68,"column":14},"end":{"line":68,"column":null}},"8":{"start":{"line":69,"column":14},"end":{"line":69,"column":null}}},"fnMap":{"0":{"name":"IconPicker","decl":{"start":{"line":40,"column":24},"end":{"line":40,"column":35}},"loc":{"start":{"line":40,"column":63},"end":{"line":192,"column":null}}},"1":{"name":"(anonymous_3)","decl":{"start":{"line":51,"column":42},"end":{"line":51,"column":43}},"loc":{"start":{"line":52,"column":10},"end":{"line":53,"column":null}}},"2":{"name":"(anonymous_4)","decl":{"start":{"line":55,"column":21},"end":{"line":55,"column":27}},"loc":{"start":{"line":55,"column":27},"end":{"line":55,"column":null}}},"3":{"name":"(anonymous_5)","decl":{"start":{"line":63,"column":45},"end":{"line":63,"column":46}},"loc":{"start":{"line":64,"column":10},"end":{"line":65,"column":null}}},"4":{"name":"(anonymous_6)","decl":{"start":{"line":67,"column":21},"end":{"line":67,"column":null}},"loc":{"start":{"line":67,"column":21},"end":{"line":70,"column":null}}}},"branchMap":{"0":{"loc":{"start":{"line":54,"column":39},"end":{"line":54,"column":83}},"type":"cond-expr","locations":[{"start":{"line":54,"column":69},"end":{"line":54,"column":80}},{"start":{"line":54,"column":80},"end":{"line":54,"column":83}}]},"1":{"loc":{"start":{"line":66,"column":38},"end":{"line":66,"column":76}},"type":"cond-expr","locations":[{"start":{"line":66,"column":60},"end":{"line":66,"column":73}},{"start":{"line":66,"column":73},"end":{"line":66,"column":76}}]}},"s":{"0":0,"1":0,"2":0,"3":0,"4":0,"5":0,"6":0,"7":0,"8":0},"f":{"0":0,"1":0,"2":0,"3":0,"4":0},"b":{"0":[0,0],"1":[0,0]}}
,"C:\\Users\\ashis\\Downloads\\ashish-tech-solutions\\components\\Logo.js": {"path":"C:\\Users\\ashis\\Downloads\\ashish-tech-solutions\\components\\Logo.js","statementMap":{"0":{"start":{"line":3,"column":24},"end":{"line":3,"column":29}},"1":{"start":{"line":1,"column":19},"end":{"line":1,"column":null}}},"fnMap":{"0":{"name":"Logo","decl":{"start":{"line":3,"column":24},"end":{"line":3,"column":29}},"loc":{"start":{"line":3,"column":65},"end":{"line":19,"column":null}}}},"branchMap":{"0":{"loc":{"start":{"line":3,"column":31},"end":{"line":3,"column":46}},"type":"default-arg","locations":[{"start":{"line":3,"column":38},"end":{"line":3,"column":46}}]},"1":{"loc":{"start":{"line":3,"column":48},"end":{"line":3,"column":63}},"type":"default-arg","locations":[{"start":{"line":3,"column":59},"end":{"line":3,"column":63}}]},"2":{"loc":{"start":{"line":12,"column":7},"end":{"line":12,"column":null}},"type":"binary-expr","locations":[{"start":{"line":12,"column":7},"end":{"line":12,"column":null}}]}},"s":{"0":12,"1":1},"f":{"0":12},"b":{"0":[12],"1":[12],"2":[12]}}
,"C:\\Users\\ashis\\Downloads\\ashish-tech-solutions\\components\\ShapesLibrary.js": {"path":"C:\\Users\\ashis\\Downloads\\ashish-tech-solutions\\components\\ShapesLibrary.js","statementMap":{"0":{"start":{"line":3,"column":13},"end":{"line":3,"column":19}},"1":{"start":{"line":141,"column":13},"end":{"line":141,"column":22}},"2":{"start":{"line":171,"column":13},"end":{"line":171,"column":26}},"3":{"start":{"line":182,"column":13},"end":{"line":182,"column":23}},"4":{"start":{"line":210,"column":13},"end":{"line":210,"column":29}},"5":{"start":{"line":3,"column":22},"end":{"line":139,"column":null}},"6":{"start":{"line":98,"column":25},"end":{"line":103,"column":null}},"7":{"start":{"line":108,"column":25},"end":{"line":113,"column":null}},"8":{"start":{"line":118,"column":25},"end":{"line":124,"column":null}},"9":{"start":{"line":141,"column":25},"end":{"line":169,"column":null}},"10":{"start":{"line":171,"column":29},"end":{"line":180,"column":null}},"11":{"start":{"line":182,"column":26},"end":{"line":208,"column":null}},"12":{"start":{"line":210,"column":32},"end":{"line":235,"column":null}}},"fnMap":{"0":{"name":"(anonymous_14)","decl":{"start":{"line":98,"column":13},"end":{"line":98,"column":14}},"loc":{"start":{"line":98,"column":25},"end":{"line":103,"column":null}}},"1":{"name":"(anonymous_15)","decl":{"start":{"line":108,"column":13},"end":{"line":108,"column":14}},"loc":{"start":{"line":108,"column":25},"end":{"line":113,"column":null}}},"2":{"name":"(anonymous_16)","decl":{"start":{"line":118,"column":13},"end":{"line":118,"column":14}},"loc":{"start":{"line":118,"column":25},"end":{"line":124,"column":null}}}},"branchMap":{},"s":{"0":0,"1":0,"2":0,"3":0,"4":0,"5":0,"6":0,"7":0,"8":0,"9":0,"10":0,"11":0,"12":0},"f":{"0":0,"1":0,"2":0},"b":{}}
,"C:\\Users\\ashis\\Downloads\\ashish-tech-solutions\\components\\StylePanel.js": {"path":"C:\\Users\\ashis\\Downloads\\ashish-tech-solutions\\components\\StylePanel.js","statementMap":{"0":{"start":{"line":3,"column":24},"end":{"line":3,"column":35}},"1":{"start":{"line":1,"column":44},"end":{"line":1,"column":null}},"2":{"start":{"line":4,"column":19},"end":{"line":4,"column":null}},"3":{"start":{"line":7,"column":2},"end":{"line":16,"column":null}},"4":{"start":{"line":8,"column":31},"end":{"line":12,"column":null}},"5":{"start":{"line":9,"column":6},"end":{"line":11,"column":null}},"6":{"start":{"line":10,"column":8},"end":{"line":10,"column":null}},"7":{"start":{"line":14,"column":4},"end":{"line":14,"column":null}},"8":{"start":{"line":15,"column":4},"end":{"line":15,"column":null}},"9":{"start":{"line":15,"column":17},"end":{"line":15,"column":null}},"10":{"start":{"line":18,"column":2},"end":{"line":18,"column":null}},"11":{"start":{"line":18,"column":26},"end":{"line":18,"column":null}},"12":{"start":{"line":20,"column":23},"end":{"line":25,"column":null}},"13":{"start":{"line":21,"column":4},"end":{"line":24,"column":null}},"14":{"start":{"line":22,"column":6},"end":{"line":22,"column":null}},"15":{"start":{"line":23,"column":6},"end":{"line":23,"column":null}},"16":{"start":{"line":28,"column":26},"end":{"line":279,"column":null}},"17":{"start":{"line":29,"column":4},"end":{"line":278,"column":null}},"18":{"start":{"line":31,"column":8},"end":{"line":56,"column":null}},"19":{"start":{"line":59,"column":8},"end":{"line":84,"column":null}},"20":{"start":{"line":87,"column":8},"end":{"line":121,"column":null}},"21":{"start":{"line":124,"column":8},"end":{"line":149,"column":null}},"22":{"start":{"line":152,"column":8},"end":{"line":179,"column":null}},"23":{"start":{"line":182,"column":8},"end":{"line":200,"column":null}},"24":{"start":{"line":205,"column":8},"end":{"line":232,"column":null}},"25":{"start":{"line":235,"column":8},"end":{"line":253,"column":null}},"26":{"start":{"line":256,"column":8},"end":{"line":274,"column":null}},"27":{"start":{"line":277,"column":8},"end":{"line":277,"column":null}},"28":{"start":{"line":281,"column":23},"end":{"line":281,"column":null}},"29":{"start":{"line":301,"column":10},"end":{"line":301,"column":27}},"30":{"start":{"line":309,"column":35},"end":{"line":309,"column":null}},"31":{"start":{"line":315,"column":35},"end":{"line":315,"column":null}},"32":{"start":{"line":329,"column":35},"end":{"line":329,"column":null}},"33":{"start":{"line":339,"column":33},"end":{"line":339,"column":null}},"34":{"start":{"line":343,"column":18},"end":{"line":343,"column":34}}},"fnMap":{"0":{"name":"StylePanel","decl":{"start":{"line":3,"column":24},"end":{"line":3,"column":35}},"loc":{"start":{"line":3,"column":109},"end":{"line":364,"column":null}}},"1":{"name":"(anonymous_2)","decl":{"start":{"line":7,"column":12},"end":{"line":7,"column":null}},"loc":{"start":{"line":7,"column":12},"end":{"line":16,"column":5}}},"2":{"name":"(anonymous_3)","decl":{"start":{"line":8,"column":31},"end":{"line":8,"column":32}},"loc":{"start":{"line":8,"column":32},"end":{"line":12,"column":null}}},"3":{"name":"(anonymous_4)","decl":{"start":{"line":15,"column":11},"end":{"line":15,"column":17}},"loc":{"start":{"line":15,"column":17},"end":{"line":15,"column":null}}},"4":{"name":"(anonymous_5)","decl":{"start":{"line":20,"column":23},"end":{"line":20,"column":null}},"loc":{"start":{"line":20,"column":23},"end":{"line":25,"column":null}}},"5":{"name":"(anonymous_6)","decl":{"start":{"line":28,"column":26},"end":{"line":28,"column":null}},"loc":{"start":{"line":28,"column":26},"end":{"line":279,"column":null}}},"6":{"name":"(anonymous_7)","decl":{"start":{"line":300,"column":34},"end":{"line":300,"column":35}},"loc":{"start":{"line":301,"column":10},"end":{"line":301,"column":27}}},"7":{"name":"(anonymous_8)","decl":{"start":{"line":309,"column":28},"end":{"line":309,"column":29}},"loc":{"start":{"line":309,"column":35},"end":{"line":309,"column":null}}},"8":{"name":"(anonymous_9)","decl":{"start":{"line":315,"column":28},"end":{"line":315,"column":29}},"loc":{"start":{"line":315,"column":35},"end":{"line":315,"column":null}}},"9":{"name":"(anonymous_10)","decl":{"start":{"line":329,"column":28},"end":{"line":329,"column":29}},"loc":{"start":{"line":329,"column":35},"end":{"line":329,"column":null}}},"10":{"name":"(anonymous_11)","decl":{"start":{"line":339,"column":26},"end":{"line":339,"column":27}},"loc":{"start":{"line":339,"column":33},"end":{"line":339,"column":null}}},"11":{"name":"(anonymous_12)","decl":{"start":{"line":342,"column":36},"end":{"line":342,"column":37}},"loc":{"start":{"line":343,"column":18},"end":{"line":343,"column":34}}}},"branchMap":{"0":{"loc":{"start":{"line":9,"column":6},"end":{"line":11,"column":null}},"type":"if","locations":[{"start":{"line":9,"column":6},"end":{"line":11,"column":null}},{"start":{},"end":{}}]},"1":{"loc":{"start":{"line":9,"column":10},"end":{"line":9,"column":72}},"type":"binary-expr","locations":[{"start":{"line":9,"column":10},"end":{"line":9,"column":30}},{"start":{"line":9,"column":30},"end":{"line":9,"column":72}}]},"2":{"loc":{"start":{"line":18,"column":2},"end":{"line":18,"column":null}},"type":"if","locations":[{"start":{"line":18,"column":2},"end":{"line":18,"column":null}},{"start":{},"end":{}}]},"3":{"loc":{"start":{"line":21,"column":4},"end":{"line":24,"column":null}},"type":"if","locations":[{"start":{"line":21,"column":4},"end":{"line":24,"column":null}},{"start":{},"end":{}}]},"4":{"loc":{"start":{"line":29,"column":4},"end":{"line":278,"column":null}},"type":"switch","locations":[{"start":{"line":30,"column":6},"end":{"line":56,"column":null}},{"start":{"line":58,"column":6},"end":{"line":84,"column":null}},{"start":{"line":86,"column":6},"end":{"line":121,"column":null}},{"start":{"line":123,"column":6},"end":{"line":149,"column":null}},{"start":{"line":151,"column":6},"end":{"line":179,"column":null}},{"start":{"line":181,"column":6},"end":{"line":200,"column":null}},{"start":{"line":202,"column":6},"end":{"line":202,"column":null}},{"start":{"line":203,"column":6},"end":{"line":203,"column":null}},{"start":{"line":204,"column":6},"end":{"line":232,"column":null}},{"start":{"line":234,"column":6},"end":{"line":253,"column":null}},{"start":{"line":255,"column":6},"end":{"line":274,"column":null}},{"start":{"line":276,"column":6},"end":{"line":277,"column":null}}]},"5":{"loc":{"start":{"line":37,"column":21},"end":{"line":37,"column":null}},"type":"binary-expr","locations":[{"start":{"line":37,"column":21},"end":{"line":37,"column":45}},{"start":{"line":37,"column":45},"end":{"line":37,"column":null}}]},"6":{"loc":{"start":{"line":45,"column":21},"end":{"line":45,"column":null}},"type":"binary-expr","locations":[{"start":{"line":45,"column":21},"end":{"line":45,"column":46}},{"start":{"line":45,"column":46},"end":{"line":45,"column":null}}]},"7":{"loc":{"start":{"line":51,"column":21},"end":{"line":51,"column":null}},"type":"binary-expr","locations":[{"start":{"line":51,"column":21},"end":{"line":51,"column":44}},{"start":{"line":51,"column":44},"end":{"line":51,"column":null}}]},"8":{"loc":{"start":{"line":65,"column":21},"end":{"line":65,"column":null}},"type":"binary-expr","locations":[{"start":{"line":65,"column":21},"end":{"line":65,"column":43}},{"start":{"line":65,"column":43},"end":{"line":65,"column":null}}]},"9":{"loc":{"start":{"line":73,"column":21},"end":{"line":73,"column":null}},"type":"binary-expr","locations":[{"start":{"line":73,"column":21},"end":{"line":73,"column":44}},{"start":{"line":73,"column":44},"end":{"line":73,"column":null}}]},"10":{"loc":{"start":{"line":79,"column":21},"end":{"line":79,"column":null}},"type":"binary-expr","locations":[{"start":{"line":79,"column":21},"end":{"line":79,"column":44}},{"start":{"line":79,"column":44},"end":{"line":79,"column":null}}]},"11":{"loc":{"start":{"line":93,"column":21},"end":{"line":93,"column":null}},"type":"binary-expr","locations":[{"start":{"line":93,"column":21},"end":{"line":93,"column":50}},{"start":{"line":93,"column":50},"end":{"line":93,"column":null}}]},"12":{"loc":{"start":{"line":101,"column":21},"end":{"line":101,"column":null}},"type":"binary-expr","locations":[{"start":{"line":101,"column":21},"end":{"line":101,"column":51}},{"start":{"line":101,"column":51},"end":{"line":101,"column":null}}]},"13":{"loc":{"start":{"line":107,"column":21},"end":{"line":107,"column":null}},"type":"binary-expr","locations":[{"start":{"line":107,"column":21},"end":{"line":107,"column":52}},{"start":{"line":107,"column":52},"end":{"line":107,"column":null}}]},"14":{"loc":{"start":{"line":116,"column":21},"end":{"line":116,"column":null}},"type":"binary-expr","locations":[{"start":{"line":116,"column":21},"end":{"line":116,"column":55}},{"start":{"line":116,"column":55},"end":{"line":116,"column":null}}]},"15":{"loc":{"start":{"line":130,"column":21},"end":{"line":130,"column":null}},"type":"binary-expr","locations":[{"start":{"line":130,"column":21},"end":{"line":130,"column":46}},{"start":{"line":130,"column":46},"end":{"line":130,"column":null}}]},"16":{"loc":{"start":{"line":136,"column":21},"end":{"line":136,"column":null}},"type":"binary-expr","locations":[{"start":{"line":136,"column":21},"end":{"line":136,"column":46}},{"start":{"line":136,"column":46},"end":{"line":136,"column":null}}]},"17":{"loc":{"start":{"line":143,"column":21},"end":{"line":143,"column":null}},"type":"binary-expr","locations":[{"start":{"line":143,"column":21},"end":{"line":143,"column":50}},{"start":{"line":143,"column":50},"end":{"line":143,"column":null}}]},"18":{"loc":{"start":{"line":158,"column":21},"end":{"line":158,"column":null}},"type":"binary-expr","locations":[{"start":{"line":158,"column":21},"end":{"line":158,"column":45}},{"start":{"line":158,"column":45},"end":{"line":158,"column":null}}]},"19":{"loc":{"start":{"line":166,"column":21},"end":{"line":166,"column":null}},"type":"binary-expr","locations":[{"start":{"line":166,"column":21},"end":{"line":166,"column":43}},{"start":{"line":166,"column":43},"end":{"line":166,"column":null}}]},"20":{"loc":{"start":{"line":172,"column":21},"end":{"line":172,"column":null}},"type":"binary-expr","locations":[{"start":{"line":172,"column":21},"end":{"line":172,"column":44}},{"start":{"line":172,"column":44},"end":{"line":172,"column":null}}]},"21":{"loc":{"start":{"line":188,"column":21},"end":{"line":188,"column":null}},"type":"binary-expr","locations":[{"start":{"line":188,"column":21},"end":{"line":188,"column":45}},{"start":{"line":188,"column":45},"end":{"line":188,"column":null}}]},"22":{"loc":{"start":{"line":196,"column":21},"end":{"line":196,"column":null}},"type":"binary-expr","locations":[{"start":{"line":196,"column":21},"end":{"line":196,"column":46}},{"start":{"line":196,"column":46},"end":{"line":196,"column":null}}]},"23":{"loc":{"start":{"line":211,"column":21},"end":{"line":211,"column":null}},"type":"binary-expr","locations":[{"start":{"line":211,"column":21},"end":{"line":211,"column":46}},{"start":{"line":211,"column":46},"end":{"line":211,"column":null}}]},"24":{"loc":{"start":{"line":219,"column":21},"end":{"line":219,"column":null}},"type":"binary-expr","locations":[{"start":{"line":219,"column":21},"end":{"line":219,"column":43}},{"start":{"line":219,"column":43},"end":{"line":219,"column":null}}]},"25":{"loc":{"start":{"line":225,"column":21},"end":{"line":225,"column":null}},"type":"binary-expr","locations":[{"start":{"line":225,"column":21},"end":{"line":225,"column":49}},{"start":{"line":225,"column":49},"end":{"line":225,"column":null}}]},"26":{"loc":{"start":{"line":241,"column":21},"end":{"line":241,"column":null}},"type":"binary-expr","locations":[{"start":{"line":241,"column":21},"end":{"line":241,"column":44}},{"start":{"line":241,"column":44},"end":{"line":241,"column":null}}]},"27":{"loc":{"start":{"line":249,"column":21},"end":{"line":249,"column":null}},"type":"binary-expr","locations":[{"start":{"line":249,"column":21},"end":{"line":249,"column":43}},{"start":{"line":249,"column":43},"end":{"line":249,"column":null}}]},"28":{"loc":{"start":{"line":262,"column":21},"end":{"line":262,"column":null}},"type":"binary-expr","locations":[{"start":{"line":262,"column":21},"end":{"line":262,"column":48}},{"start":{"line":262,"column":48},"end":{"line":262,"column":null}}]},"29":{"loc":{"start":{"line":270,"column":21},"end":{"line":270,"column":null}},"type":"binary-expr","locations":[{"start":{"line":270,"column":21},"end":{"line":270,"column":51}},{"start":{"line":270,"column":51},"end":{"line":270,"column":null}}]},"30":{"loc":{"start":{"line":304,"column":13},"end":{"line":304,"column":null}},"type":"binary-expr","locations":[{"start":{"line":304,"column":13},"end":{"line":304,"column":null}}]},"31":{"loc":{"start":{"line":321,"column":13},"end":{"line":321,"column":null}},"type":"binary-expr","locations":[{"start":{"line":321,"column":13},"end":{"line":321,"column":null}}]},"32":{"loc":{"start":{"line":327,"column":24},"end":{"line":327,"column":null}},"type":"binary-expr","locations":[{"start":{"line":327,"column":24},"end":{"line":327,"column":39}},{"start":{"line":327,"column":39},"end":{"line":327,"column":null}}]},"33":{"loc":{"start":{"line":336,"column":13},"end":{"line":336,"column":null}},"type":"binary-expr","locations":[{"start":{"line":336,"column":13},"end":{"line":336,"column":null}}]},"34":{"loc":{"start":{"line":351,"column":9},"end":{"line":351,"column":null}},"type":"binary-expr","locations":[{"start":{"line":351,"column":9},"end":{"line":351,"column":null}}]}},"s":{"0":4,"1":1,"2":13,"3":13,"4":1,"5":0,"6":0,"7":1,"8":1,"9":1,"10":13,"11":1,"12":12,"13":0,"14":0,"15":0,"16":12,"17":12,"18":12,"19":0,"20":0,"21":0,"22":0,"23":0,"24":0,"25":0,"26":0,"27":0,"28":12,"29":0,"30":0,"31":0,"32":0,"33":0,"34":0},"f":{"0":13,"1":1,"2":0,"3":1,"4":0,"5":12,"6":0,"7":0,"8":0,"9":0,"10":0,"11":0},"b":{"0":[0,0],"1":[0,0],"2":[1,12],"3":[0,0],"4":[12,0,0,0,0,0,0,0,0,0,0,0],"5":[12,0],"6":[12,0],"7":[12,0],"8":[0,0],"9":[0,0],"10":[0,0],"11":[0,0],"12":[0,0],"13":[0,0],"14":[0,0],"15":[0,0],"16":[0,0],"17":[0,0],"18":[0,0],"19":[0,0],"20":[0,0],"21":[0,0],"22":[0,0],"23":[0,0],"24":[0,0],"25":[0,0],"26":[0,0],"27":[0,0],"28":[0,0],"29":[0,0],"30":[0],"31":[0],"32":[0,0],"33":[0],"34":[0]}}
,"C:\\Users\\ashis\\Downloads\\ashish-tech-solutions\\components\\StylePresets.js": {"path":"C:\\Users\\ashis\\Downloads\\ashish-tech-solutions\\components\\StylePresets.js","statementMap":{"0":{"start":{"line":3,"column":24},"end":{"line":3,"column":37}},"1":{"start":{"line":1,"column":42},"end":{"line":1,"column":null}},"2":{"start":{"line":4,"column":18},"end":{"line":92,"column":null}},"3":{"start":{"line":101,"column":10},"end":{"line":102,"column":null}},"4":{"start":{"line":104,"column":27},"end":{"line":104,"column":null}}},"fnMap":{"0":{"name":"StylePresets","decl":{"start":{"line":3,"column":24},"end":{"line":3,"column":37}},"loc":{"start":{"line":3,"column":54},"end":{"line":220,"column":null}}},"1":{"name":"(anonymous_3)","decl":{"start":{"line":100,"column":21},"end":{"line":100,"column":22}},"loc":{"start":{"line":101,"column":10},"end":{"line":102,"column":null}}},"2":{"name":"(anonymous_4)","decl":{"start":{"line":104,"column":21},"end":{"line":104,"column":27}},"loc":{"start":{"line":104,"column":27},"end":{"line":104,"column":null}}}},"branchMap":{"0":{"loc":{"start":{"line":109,"column":33},"end":{"line":109,"column":null}},"type":"binary-expr","locations":[{"start":{"line":109,"column":33},"end":{"line":109,"column":66}},{"start":{"line":109,"column":66},"end":{"line":109,"column":null}}]}},"s":{"0":0,"1":0,"2":0,"3":0,"4":0},"f":{"0":0,"1":0,"2":0},"b":{"0":[0,0]}}
,"C:\\Users\\ashis\\Downloads\\ashish-tech-solutions\\components\\Editor\\AlignmentToolbar.js": {"path":"C:\\Users\\ashis\\Downloads\\ashish-tech-solutions\\components\\Editor\\AlignmentToolbar.js","statementMap":{"0":{"start":{"line":1,"column":24},"end":{"line":1,"column":41}},"1":{"start":{"line":6,"column":2},"end":{"line":6,"column":null}},"2":{"start":{"line":6,"column":35},"end":{"line":6,"column":null}},"3":{"start":{"line":8,"column":21},"end":{"line":17,"column":null}},"4":{"start":{"line":36,"column":8},"end":{"line":36,"column":null}},"5":{"start":{"line":46,"column":27},"end":{"line":46,"column":null}},"6":{"start":{"line":61,"column":33},"end":{"line":61,"column":null}},"7":{"start":{"line":62,"column":33},"end":{"line":62,"column":null}}},"fnMap":{"0":{"name":"AlignmentToolbar","decl":{"start":{"line":1,"column":24},"end":{"line":1,"column":41}},"loc":{"start":{"line":5,"column":1},"end":{"line":70,"column":null}}},"1":{"name":"(anonymous_2)","decl":{"start":{"line":35,"column":22},"end":{"line":35,"column":23}},"loc":{"start":{"line":36,"column":8},"end":{"line":36,"column":null}}},"2":{"name":"(anonymous_3)","decl":{"start":{"line":46,"column":21},"end":{"line":46,"column":27}},"loc":{"start":{"line":46,"column":27},"end":{"line":46,"column":null}}},"3":{"name":"(anonymous_4)","decl":{"start":{"line":61,"column":26},"end":{"line":61,"column":27}},"loc":{"start":{"line":61,"column":33},"end":{"line":61,"column":null}}},"4":{"name":"(anonymous_5)","decl":{"start":{"line":62,"column":26},"end":{"line":62,"column":27}},"loc":{"start":{"line":62,"column":33},"end":{"line":62,"column":null}}}},"branchMap":{"0":{"loc":{"start":{"line":4,"column":2},"end":{"line":4,"column":27}},"type":"default-arg","locations":[{"start":{"line":4,"column":13},"end":{"line":4,"column":27}}]},"1":{"loc":{"start":{"line":6,"column":2},"end":{"line":6,"column":null}},"type":"if","locations":[{"start":{"line":6,"column":2},"end":{"line":6,"column":null}},{"start":{},"end":{}}]},"2":{"loc":{"start":{"line":37,"column":12},"end":{"line":37,"column":27}},"type":"binary-expr","locations":[{"start":{"line":37,"column":12},"end":{"line":37,"column":27}},{"start":{"line":37,"column":27},"end":{"line":37,"column":null}}]}},"s":{"0":0,"1":0,"2":0,"3":0,"4":0,"5":0,"6":0,"7":0},"f":{"0":0,"1":0,"2":0,"3":0,"4":0},"b":{"0":[0],"1":[0,0],"2":[0,0]}}
,"C:\\Users\\ashis\\Downloads\\ashish-tech-solutions\\components\\Editor\\BlankCanvas.js": {"path":"C:\\Users\\ashis\\Downloads\\ashish-tech-solutions\\components\\Editor\\BlankCanvas.js","statementMap":{"0":{"start":{"line":8,"column":24},"end":{"line":8,"column":36}},"1":{"start":{"line":1,"column":25},"end":{"line":1,"column":null}},"2":{"start":{"line":2,"column":26},"end":{"line":2,"column":null}},"3":{"start":{"line":3,"column":24},"end":{"line":3,"column":null}},"4":{"start":{"line":4,"column":17},"end":{"line":4,"column":null}},"5":{"start":{"line":5,"column":29},"end":{"line":5,"column":null}},"6":{"start":{"line":6,"column":29},"end":{"line":6,"column":null}},"7":{"start":{"line":24,"column":46},"end":{"line":24,"column":null}},"8":{"start":{"line":25,"column":48},"end":{"line":25,"column":null}},"9":{"start":{"line":26,"column":50},"end":{"line":26,"column":null}},"10":{"start":{"line":27,"column":40},"end":{"line":27,"column":null}},"11":{"start":{"line":29,"column":26},"end":{"line":34,"column":null}},"12":{"start":{"line":30,"column":4},"end":{"line":33,"column":null}},"13":{"start":{"line":31,"column":6},"end":{"line":31,"column":null}},"14":{"start":{"line":32,"column":6},"end":{"line":32,"column":null}},"15":{"start":{"line":36,"column":25},"end":{"line":40,"column":null}},"16":{"start":{"line":37,"column":4},"end":{"line":39,"column":null}},"17":{"start":{"line":38,"column":6},"end":{"line":38,"column":null}},"18":{"start":{"line":42,"column":24},"end":{"line":45,"column":null}},"19":{"start":{"line":43,"column":4},"end":{"line":43,"column":null}},"20":{"start":{"line":44,"column":4},"end":{"line":44,"column":null}},"21":{"start":{"line":50,"column":21},"end":{"line":58,"column":null}},"22":{"start":{"line":51,"column":4},"end":{"line":51,"column":null}},"23":{"start":{"line":51,"column":34},"end":{"line":51,"column":null}},"24":{"start":{"line":53,"column":21},"end":{"line":53,"column":null}},"25":{"start":{"line":54,"column":4},"end":{"line":57,"column":null}},"26":{"start":{"line":60,"column":31},"end":{"line":96,"column":null}},"27":{"start":{"line":61,"column":4},"end":{"line":61,"column":null}},"28":{"start":{"line":61,"column":26},"end":{"line":61,"column":null}},"29":{"start":{"line":64,"column":28},"end":{"line":64,"column":null}},"30":{"start":{"line":67,"column":4},"end":{"line":95,"column":null}},"31":{"start":{"line":69,"column":22},"end":{"line":80,"column":null}},"32":{"start":{"line":70,"column":24},"end":{"line":70,"column":null}},"33":{"start":{"line":70,"column":44},"end":{"line":70,"column":null}},"34":{"start":{"line":71,"column":8},"end":{"line":78,"column":null}},"35":{"start":{"line":72,"column":29},"end":{"line":72,"column":null}},"36":{"start":{"line":73,"column":34},"end":{"line":76,"column":null}},"37":{"start":{"line":77,"column":10},"end":{"line":77,"column":null}},"38":{"start":{"line":79,"column":8},"end":{"line":79,"column":null}},"39":{"start":{"line":83,"column":6},"end":{"line":91,"column":null}},"40":{"start":{"line":84,"column":8},"end":{"line":90,"column":null}},"41":{"start":{"line":85,"column":10},"end":{"line":85,"column":null}},"42":{"start":{"line":87,"column":10},"end":{"line":89,"column":null}},"43":{"start":{"line":88,"column":12},"end":{"line":88,"column":null}},"44":{"start":{"line":94,"column":6},"end":{"line":94,"column":null}},"45":{"start":{"line":98,"column":29},"end":{"line":114,"column":null}},"46":{"start":{"line":99,"column":4},"end":{"line":101,"column":null}},"47":{"start":{"line":100,"column":6},"end":{"line":100,"column":null}},"48":{"start":{"line":102,"column":26},"end":{"line":102,"column":null}},"49":{"start":{"line":103,"column":30},"end":{"line":103,"column":null}},"50":{"start":{"line":107,"column":4},"end":{"line":109,"column":null}},"51":{"start":{"line":108,"column":6},"end":{"line":108,"column":null}},"52":{"start":{"line":111,"column":4},"end":{"line":113,"column":null}},"53":{"start":{"line":112,"column":6},"end":{"line":112,"column":null}},"54":{"start":{"line":116,"column":24},"end":{"line":297,"column":null}},"55":{"start":{"line":117,"column":23},"end":{"line":117,"column":null}},"56":{"start":{"line":118,"column":22},"end":{"line":118,"column":null}},"57":{"start":{"line":120,"column":4},"end":{"line":296,"column":null}},"58":{"start":{"line":132,"column":32},"end":{"line":132,"column":null}},"59":{"start":{"line":133,"column":32},"end":{"line":133,"column":null}},"60":{"start":{"line":140,"column":27},"end":{"line":140,"column":null}},"61":{"start":{"line":149,"column":32},"end":{"line":149,"column":null}},"62":{"start":{"line":150,"column":32},"end":{"line":150,"column":null}},"63":{"start":{"line":168,"column":32},"end":{"line":168,"column":null}},"64":{"start":{"line":169,"column":32},"end":{"line":169,"column":null}},"65":{"start":{"line":185,"column":32},"end":{"line":185,"column":null}},"66":{"start":{"line":186,"column":32},"end":{"line":186,"column":null}},"67":{"start":{"line":201,"column":32},"end":{"line":201,"column":null}},"68":{"start":{"line":202,"column":32},"end":{"line":202,"column":null}},"69":{"start":{"line":215,"column":32},"end":{"line":215,"column":null}},"70":{"start":{"line":216,"column":32},"end":{"line":216,"column":null}},"71":{"start":{"line":231,"column":32},"end":{"line":231,"column":null}},"72":{"start":{"line":232,"column":32},"end":{"line":232,"column":null}},"73":{"start":{"line":240,"column":27},"end":{"line":245,"column":null}},"74":{"start":{"line":255,"column":32},"end":{"line":255,"column":null}},"75":{"start":{"line":256,"column":32},"end":{"line":256,"column":null}},"76":{"start":{"line":274,"column":32},"end":{"line":274,"column":null}},"77":{"start":{"line":275,"column":32},"end":{"line":275,"column":null}},"78":{"start":{"line":287,"column":32},"end":{"line":287,"column":null}},"79":{"start":{"line":288,"column":32},"end":{"line":288,"column":null}},"80":{"start":{"line":299,"column":28},"end":{"line":304,"column":null}},"81":{"start":{"line":301,"column":4},"end":{"line":303,"column":null}},"82":{"start":{"line":302,"column":6},"end":{"line":302,"column":null}},"83":{"start":{"line":306,"column":28},"end":{"line":378,"column":null}},"84":{"start":{"line":307,"column":4},"end":{"line":307,"column":null}},"85":{"start":{"line":308,"column":4},"end":{"line":308,"column":null}},"86":{"start":{"line":311,"column":4},"end":{"line":313,"column":null}},"87":{"start":{"line":312,"column":6},"end":{"line":312,"column":null}},"88":{"start":{"line":315,"column":25},"end":{"line":315,"column":null}},"89":{"start":{"line":316,"column":4},"end":{"line":316,"column":null}},"90":{"start":{"line":316,"column":23},"end":{"line":316,"column":null}},"91":{"start":{"line":318,"column":22},"end":{"line":318,"column":null}},"92":{"start":{"line":319,"column":26},"end":{"line":319,"column":null}},"93":{"start":{"line":322,"column":27},"end":{"line":322,"column":null}},"94":{"start":{"line":322,"column":49},"end":{"line":322,"column":null}},"95":{"start":{"line":323,"column":22},"end":{"line":323,"column":null}},"96":{"start":{"line":323,"column":48},"end":{"line":323,"column":null}},"97":{"start":{"line":324,"column":22},"end":{"line":324,"column":null}},"98":{"start":{"line":324,"column":49},"end":{"line":324,"column":null}},"99":{"start":{"line":326,"column":20},"end":{"line":371,"column":null}},"100":{"start":{"line":332,"column":10},"end":{"line":332,"column":null}},"101":{"start":{"line":332,"column":34},"end":{"line":332,"column":null}},"102":{"start":{"line":341,"column":10},"end":{"line":341,"column":null}},"103":{"start":{"line":341,"column":34},"end":{"line":341,"column":null}},"104":{"start":{"line":349,"column":10},"end":{"line":349,"column":null}},"105":{"start":{"line":349,"column":34},"end":{"line":349,"column":null}},"106":{"start":{"line":357,"column":29},"end":{"line":357,"column":null}},"107":{"start":{"line":358,"column":10},"end":{"line":358,"column":null}},"108":{"start":{"line":358,"column":34},"end":{"line":358,"column":null}},"109":{"start":{"line":368,"column":10},"end":{"line":368,"column":null}},"110":{"start":{"line":368,"column":34},"end":{"line":368,"column":null}},"111":{"start":{"line":373,"column":4},"end":{"line":377,"column":null}},"112":{"start":{"line":384,"column":30},"end":{"line":384,"column":null}},"113":{"start":{"line":408,"column":62},"end":{"line":408,"column":93}},"114":{"start":{"line":410,"column":39},"end":{"line":410,"column":70}},"115":{"start":{"line":412,"column":12},"end":{"line":412,"column":null}},"116":{"start":{"line":415,"column":12},"end":{"line":415,"column":null}},"117":{"start":{"line":424,"column":50},"end":{"line":424,"column":null}},"118":{"start":{"line":435,"column":27},"end":{"line":435,"column":null}},"119":{"start":{"line":436,"column":32},"end":{"line":436,"column":null}},"120":{"start":{"line":437,"column":31},"end":{"line":437,"column":null}},"121":{"start":{"line":438,"column":25},"end":{"line":438,"column":null}},"122":{"start":{"line":441,"column":33},"end":{"line":444,"column":null}},"123":{"start":{"line":446,"column":8},"end":{"line":448,"column":null}},"124":{"start":{"line":457,"column":14},"end":{"line":457,"column":null}},"125":{"start":{"line":463,"column":16},"end":{"line":463,"column":null}},"126":{"start":{"line":464,"column":16},"end":{"line":466,"column":null}},"127":{"start":{"line":465,"column":18},"end":{"line":465,"column":null}},"128":{"start":{"line":468,"column":36},"end":{"line":468,"column":null}},"129":{"start":{"line":504,"column":25},"end":{"line":504,"column":null}}},"fnMap":{"0":{"name":"BlankCanvas","decl":{"start":{"line":8,"column":24},"end":{"line":8,"column":36}},"loc":{"start":{"line":23,"column":1},"end":{"line":509,"column":null}}},"1":{"name":"(anonymous_3)","decl":{"start":{"line":29,"column":26},"end":{"line":29,"column":27}},"loc":{"start":{"line":29,"column":27},"end":{"line":34,"column":null}}},"2":{"name":"(anonymous_4)","decl":{"start":{"line":36,"column":25},"end":{"line":36,"column":26}},"loc":{"start":{"line":36,"column":37},"end":{"line":40,"column":null}}},"3":{"name":"(anonymous_5)","decl":{"start":{"line":42,"column":24},"end":{"line":42,"column":null}},"loc":{"start":{"line":42,"column":24},"end":{"line":45,"column":null}}},"4":{"name":"(anonymous_6)","decl":{"start":{"line":50,"column":21},"end":{"line":50,"column":22}},"loc":{"start":{"line":50,"column":22},"end":{"line":58,"column":null}}},"5":{"name":"(anonymous_7)","decl":{"start":{"line":60,"column":31},"end":{"line":60,"column":32}},"loc":{"start":{"line":60,"column":56},"end":{"line":96,"column":null}}},"6":{"name":"(anonymous_8)","decl":{"start":{"line":69,"column":45},"end":{"line":69,"column":null}},"loc":{"start":{"line":69,"column":45},"end":{"line":80,"column":9}}},"7":{"name":"(anonymous_9)","decl":{"start":{"line":70,"column":38},"end":{"line":70,"column":44}},"loc":{"start":{"line":70,"column":44},"end":{"line":70,"column":null}}},"8":{"name":"(anonymous_10)","decl":{"start":{"line":87,"column":26},"end":{"line":87,"column":null}},"loc":{"start":{"line":87,"column":26},"end":{"line":89,"column":null}}},"9":{"name":"(anonymous_11)","decl":{"start":{"line":98,"column":29},"end":{"line":98,"column":30}},"loc":{"start":{"line":98,"column":41},"end":{"line":114,"column":null}}},"10":{"name":"(anonymous_12)","decl":{"start":{"line":116,"column":24},"end":{"line":116,"column":25}},"loc":{"start":{"line":116,"column":25},"end":{"line":297,"column":null}}},"11":{"name":"(anonymous_13)","decl":{"start":{"line":132,"column":26},"end":{"line":132,"column":32}},"loc":{"start":{"line":132,"column":32},"end":{"line":132,"column":null}}},"12":{"name":"(anonymous_14)","decl":{"start":{"line":133,"column":26},"end":{"line":133,"column":32}},"loc":{"start":{"line":133,"column":32},"end":{"line":133,"column":null}}},"13":{"name":"(anonymous_15)","decl":{"start":{"line":149,"column":26},"end":{"line":149,"column":32}},"loc":{"start":{"line":149,"column":32},"end":{"line":149,"column":null}}},"14":{"name":"(anonymous_16)","decl":{"start":{"line":150,"column":26},"end":{"line":150,"column":32}},"loc":{"start":{"line":150,"column":32},"end":{"line":150,"column":null}}},"15":{"name":"(anonymous_17)","decl":{"start":{"line":168,"column":26},"end":{"line":168,"column":32}},"loc":{"start":{"line":168,"column":32},"end":{"line":168,"column":null}}},"16":{"name":"(anonymous_18)","decl":{"start":{"line":169,"column":26},"end":{"line":169,"column":32}},"loc":{"start":{"line":169,"column":32},"end":{"line":169,"column":null}}},"17":{"name":"(anonymous_19)","decl":{"start":{"line":185,"column":26},"end":{"line":185,"column":32}},"loc":{"start":{"line":185,"column":32},"end":{"line":185,"column":null}}},"18":{"name":"(anonymous_20)","decl":{"start":{"line":186,"column":26},"end":{"line":186,"column":32}},"loc":{"start":{"line":186,"column":32},"end":{"line":186,"column":null}}},"19":{"name":"(anonymous_21)","decl":{"start":{"line":201,"column":26},"end":{"line":201,"column":32}},"loc":{"start":{"line":201,"column":32},"end":{"line":201,"column":null}}},"20":{"name":"(anonymous_22)","decl":{"start":{"line":202,"column":26},"end":{"line":202,"column":32}},"loc":{"start":{"line":202,"column":32},"end":{"line":202,"column":null}}},"21":{"name":"(anonymous_23)","decl":{"start":{"line":215,"column":26},"end":{"line":215,"column":32}},"loc":{"start":{"line":215,"column":32},"end":{"line":215,"column":null}}},"22":{"name":"(anonymous_24)","decl":{"start":{"line":216,"column":26},"end":{"line":216,"column":32}},"loc":{"start":{"line":216,"column":32},"end":{"line":216,"column":null}}},"23":{"name":"(anonymous_25)","decl":{"start":{"line":231,"column":26},"end":{"line":231,"column":32}},"loc":{"start":{"line":231,"column":32},"end":{"line":231,"column":null}}},"24":{"name":"(anonymous_26)","decl":{"start":{"line":232,"column":26},"end":{"line":232,"column":32}},"loc":{"start":{"line":232,"column":32},"end":{"line":232,"column":null}}},"25":{"name":"(anonymous_27)","decl":{"start":{"line":255,"column":26},"end":{"line":255,"column":32}},"loc":{"start":{"line":255,"column":32},"end":{"line":255,"column":null}}},"26":{"name":"(anonymous_28)","decl":{"start":{"line":256,"column":26},"end":{"line":256,"column":32}},"loc":{"start":{"line":256,"column":32},"end":{"line":256,"column":null}}},"27":{"name":"(anonymous_29)","decl":{"start":{"line":274,"column":26},"end":{"line":274,"column":32}},"loc":{"start":{"line":274,"column":32},"end":{"line":274,"column":null}}},"28":{"name":"(anonymous_30)","decl":{"start":{"line":275,"column":26},"end":{"line":275,"column":32}},"loc":{"start":{"line":275,"column":32},"end":{"line":275,"column":null}}},"29":{"name":"(anonymous_31)","decl":{"start":{"line":287,"column":26},"end":{"line":287,"column":32}},"loc":{"start":{"line":287,"column":32},"end":{"line":287,"column":null}}},"30":{"name":"(anonymous_32)","decl":{"start":{"line":288,"column":26},"end":{"line":288,"column":32}},"loc":{"start":{"line":288,"column":32},"end":{"line":288,"column":null}}},"31":{"name":"(anonymous_33)","decl":{"start":{"line":299,"column":28},"end":{"line":299,"column":29}},"loc":{"start":{"line":299,"column":29},"end":{"line":304,"column":null}}},"32":{"name":"(anonymous_34)","decl":{"start":{"line":306,"column":28},"end":{"line":306,"column":29}},"loc":{"start":{"line":306,"column":48},"end":{"line":378,"column":null}}},"33":{"name":"(anonymous_35)","decl":{"start":{"line":322,"column":43},"end":{"line":322,"column":49}},"loc":{"start":{"line":322,"column":49},"end":{"line":322,"column":null}}},"34":{"name":"(anonymous_36)","decl":{"start":{"line":323,"column":42},"end":{"line":323,"column":48}},"loc":{"start":{"line":323,"column":48},"end":{"line":323,"column":null}}},"35":{"name":"(anonymous_37)","decl":{"start":{"line":324,"column":43},"end":{"line":324,"column":49}},"loc":{"start":{"line":324,"column":49},"end":{"line":324,"column":null}}},"36":{"name":"(anonymous_38)","decl":{"start":{"line":331,"column":17},"end":{"line":331,"column":null}},"loc":{"start":{"line":331,"column":17},"end":{"line":333,"column":null}}},"37":{"name":"(anonymous_39)","decl":{"start":{"line":332,"column":28},"end":{"line":332,"column":34}},"loc":{"start":{"line":332,"column":34},"end":{"line":332,"column":null}}},"38":{"name":"(anonymous_40)","decl":{"start":{"line":340,"column":17},"end":{"line":340,"column":null}},"loc":{"start":{"line":340,"column":17},"end":{"line":342,"column":null}}},"39":{"name":"(anonymous_41)","decl":{"start":{"line":341,"column":28},"end":{"line":341,"column":34}},"loc":{"start":{"line":341,"column":34},"end":{"line":341,"column":null}}},"40":{"name":"(anonymous_42)","decl":{"start":{"line":348,"column":17},"end":{"line":348,"column":null}},"loc":{"start":{"line":348,"column":17},"end":{"line":350,"column":null}}},"41":{"name":"(anonymous_43)","decl":{"start":{"line":349,"column":28},"end":{"line":349,"column":34}},"loc":{"start":{"line":349,"column":34},"end":{"line":349,"column":null}}},"42":{"name":"(anonymous_44)","decl":{"start":{"line":356,"column":17},"end":{"line":356,"column":null}},"loc":{"start":{"line":356,"column":17},"end":{"line":359,"column":null}}},"43":{"name":"(anonymous_45)","decl":{"start":{"line":358,"column":28},"end":{"line":358,"column":34}},"loc":{"start":{"line":358,"column":34},"end":{"line":358,"column":null}}},"44":{"name":"(anonymous_46)","decl":{"start":{"line":367,"column":17},"end":{"line":367,"column":null}},"loc":{"start":{"line":367,"column":17},"end":{"line":369,"column":null}}},"45":{"name":"(anonymous_47)","decl":{"start":{"line":368,"column":28},"end":{"line":368,"column":34}},"loc":{"start":{"line":368,"column":34},"end":{"line":368,"column":null}}},"46":{"name":"(anonymous_48)","decl":{"start":{"line":384,"column":23},"end":{"line":384,"column":24}},"loc":{"start":{"line":384,"column":30},"end":{"line":384,"column":null}}},"47":{"name":"(anonymous_49)","decl":{"start":{"line":408,"column":56},"end":{"line":408,"column":62}},"loc":{"start":{"line":408,"column":62},"end":{"line":408,"column":93}}},"48":{"name":"(anonymous_50)","decl":{"start":{"line":410,"column":33},"end":{"line":410,"column":39}},"loc":{"start":{"line":410,"column":39},"end":{"line":410,"column":70}}},"49":{"name":"(anonymous_51)","decl":{"start":{"line":411,"column":20},"end":{"line":411,"column":21}},"loc":{"start":{"line":411,"column":21},"end":{"line":413,"column":null}}},"50":{"name":"(anonymous_52)","decl":{"start":{"line":414,"column":20},"end":{"line":414,"column":21}},"loc":{"start":{"line":414,"column":21},"end":{"line":416,"column":null}}},"51":{"name":"(anonymous_53)","decl":{"start":{"line":424,"column":44},"end":{"line":424,"column":50}},"loc":{"start":{"line":424,"column":50},"end":{"line":424,"column":null}}},"52":{"name":"(anonymous_54)","decl":{"start":{"line":434,"column":20},"end":{"line":434,"column":21}},"loc":{"start":{"line":434,"column":21},"end":{"line":474,"column":null}}},"53":{"name":"(anonymous_55)","decl":{"start":{"line":456,"column":22},"end":{"line":456,"column":23}},"loc":{"start":{"line":456,"column":27},"end":{"line":458,"column":null}}},"54":{"name":"(anonymous_56)","decl":{"start":{"line":462,"column":23},"end":{"line":462,"column":24}},"loc":{"start":{"line":462,"column":24},"end":{"line":467,"column":null}}},"55":{"name":"(anonymous_57)","decl":{"start":{"line":468,"column":29},"end":{"line":468,"column":30}},"loc":{"start":{"line":468,"column":36},"end":{"line":468,"column":null}}},"56":{"name":"(anonymous_58)","decl":{"start":{"line":504,"column":19},"end":{"line":504,"column":25}},"loc":{"start":{"line":504,"column":25},"end":{"line":504,"column":null}}}},"branchMap":{"0":{"loc":{"start":{"line":9,"column":2},"end":{"line":9,"column":15}},"type":"default-arg","locations":[{"start":{"line":9,"column":13},"end":{"line":9,"column":15}}]},"1":{"loc":{"start":{"line":10,"column":2},"end":{"line":10,"column":16}},"type":"default-arg","locations":[{"start":{"line":10,"column":14},"end":{"line":10,"column":16}}]},"2":{"loc":{"start":{"line":20,"column":2},"end":{"line":20,"column":25}},"type":"default-arg","locations":[{"start":{"line":20,"column":23},"end":{"line":20,"column":25}}]},"3":{"loc":{"start":{"line":21,"column":2},"end":{"line":21,"column":19}},"type":"default-arg","locations":[{"start":{"line":21,"column":17},"end":{"line":21,"column":19}}]},"4":{"loc":{"start":{"line":22,"column":2},"end":{"line":22,"column":18}},"type":"default-arg","locations":[{"start":{"line":22,"column":14},"end":{"line":22,"column":18}}]},"5":{"loc":{"start":{"line":30,"column":4},"end":{"line":33,"column":null}},"type":"if","locations":[{"start":{"line":30,"column":4},"end":{"line":33,"column":null}},{"start":{},"end":{}}]},"6":{"loc":{"start":{"line":30,"column":8},"end":{"line":30,"column":81}},"type":"binary-expr","locations":[{"start":{"line":30,"column":8},"end":{"line":30,"column":41}},{"start":{"line":30,"column":41},"end":{"line":30,"column":81}}]},"7":{"loc":{"start":{"line":37,"column":4},"end":{"line":39,"column":null}},"type":"if","locations":[{"start":{"line":37,"column":4},"end":{"line":39,"column":null}},{"start":{},"end":{}}]},"8":{"loc":{"start":{"line":37,"column":8},"end":{"line":37,"column":81}},"type":"binary-expr","locations":[{"start":{"line":37,"column":8},"end":{"line":37,"column":41}},{"start":{"line":37,"column":41},"end":{"line":37,"column":81}}]},"9":{"loc":{"start":{"line":51,"column":4},"end":{"line":51,"column":null}},"type":"if","locations":[{"start":{"line":51,"column":4},"end":{"line":51,"column":null}},{"start":{},"end":{}}]},"10":{"loc":{"start":{"line":53,"column":21},"end":{"line":53,"column":null}},"type":"binary-expr","locations":[{"start":{"line":53,"column":21},"end":{"line":53,"column":46}},{"start":{"line":53,"column":46},"end":{"line":53,"column":null}}]},"11":{"loc":{"start":{"line":61,"column":4},"end":{"line":61,"column":null}},"type":"if","locations":[{"start":{"line":61,"column":4},"end":{"line":61,"column":null}},{"start":{},"end":{}}]},"12":{"loc":{"start":{"line":67,"column":4},"end":{"line":95,"column":null}},"type":"if","locations":[{"start":{"line":67,"column":4},"end":{"line":95,"column":null}},{"start":{"line":92,"column":11},"end":{"line":95,"column":null}}]},"13":{"loc":{"start":{"line":67,"column":8},"end":{"line":67,"column":90}},"type":"binary-expr","locations":[{"start":{"line":67,"column":8},"end":{"line":67,"column":41}},{"start":{"line":67,"column":41},"end":{"line":67,"column":83}},{"start":{"line":67,"column":83},"end":{"line":67,"column":90}}]},"14":{"loc":{"start":{"line":71,"column":8},"end":{"line":78,"column":null}},"type":"if","locations":[{"start":{"line":71,"column":8},"end":{"line":78,"column":null}},{"start":{},"end":{}}]},"15":{"loc":{"start":{"line":72,"column":29},"end":{"line":72,"column":null}},"type":"binary-expr","locations":[{"start":{"line":72,"column":29},"end":{"line":72,"column":49}},{"start":{"line":72,"column":49},"end":{"line":72,"column":null}}]},"16":{"loc":{"start":{"line":83,"column":6},"end":{"line":91,"column":null}},"type":"if","locations":[{"start":{"line":83,"column":6},"end":{"line":91,"column":null}},{"start":{},"end":{}}]},"17":{"loc":{"start":{"line":84,"column":8},"end":{"line":90,"column":null}},"type":"if","locations":[{"start":{"line":84,"column":8},"end":{"line":90,"column":null}},{"start":{"line":86,"column":15},"end":{"line":90,"column":null}}]},"18":{"loc":{"start":{"line":99,"column":4},"end":{"line":101,"column":null}},"type":"if","locations":[{"start":{"line":99,"column":4},"end":{"line":101,"column":null}},{"start":{},"end":{}}]},"19":{"loc":{"start":{"line":102,"column":26},"end":{"line":102,"column":null}},"type":"binary-expr","locations":[{"start":{"line":102,"column":26},"end":{"line":102,"column":45}},{"start":{"line":102,"column":45},"end":{"line":102,"column":null}}]},"20":{"loc":{"start":{"line":107,"column":4},"end":{"line":109,"column":null}},"type":"if","locations":[{"start":{"line":107,"column":4},"end":{"line":109,"column":null}},{"start":{},"end":{}}]},"21":{"loc":{"start":{"line":107,"column":8},"end":{"line":107,"column":78}},"type":"binary-expr","locations":[{"start":{"line":107,"column":8},"end":{"line":107,"column":29}},{"start":{"line":107,"column":29},"end":{"line":107,"column":47}},{"start":{"line":107,"column":47},"end":{"line":107,"column":78}}]},"22":{"loc":{"start":{"line":111,"column":4},"end":{"line":113,"column":null}},"type":"if","locations":[{"start":{"line":111,"column":4},"end":{"line":113,"column":null}},{"start":{},"end":{}}]},"23":{"loc":{"start":{"line":120,"column":4},"end":{"line":296,"column":null}},"type":"switch","locations":[{"start":{"line":236,"column":6},"end":{"line":236,"column":null}},{"start":{"line":237,"column":6},"end":{"line":237,"column":null}},{"start":{"line":238,"column":6},"end":{"line":238,"column":null}}]},"24":{"loc":{"start":{"line":127,"column":26},"end":{"line":127,"column":null}},"type":"binary-expr","locations":[{"start":{"line":127,"column":26},"end":{"line":127,"column":57}},{"start":{"line":127,"column":57},"end":{"line":127,"column":null}}]},"25":{"loc":{"start":{"line":128,"column":28},"end":{"line":128,"column":null}},"type":"binary-expr","locations":[{"start":{"line":128,"column":28},"end":{"line":128,"column":61}},{"start":{"line":128,"column":61},"end":{"line":128,"column":null}}]},"26":{"loc":{"start":{"line":130,"column":22},"end":{"line":130,"column":null}},"type":"cond-expr","locations":[{"start":{"line":130,"column":34},"end":{"line":130,"column":43}},{"start":{"line":130,"column":43},"end":{"line":130,"column":null}}]},"27":{"loc":{"start":{"line":135,"column":13},"end":{"line":135,"column":null}},"type":"binary-expr","locations":[{"start":{"line":135,"column":13},"end":{"line":135,"column":32}},{"start":{"line":135,"column":32},"end":{"line":135,"column":null}}]},"28":{"loc":{"start":{"line":140,"column":27},"end":{"line":140,"column":null}},"type":"binary-expr","locations":[{"start":{"line":140,"column":27},"end":{"line":140,"column":44}},{"start":{"line":140,"column":44},"end":{"line":140,"column":null}}]},"29":{"loc":{"start":{"line":147,"column":22},"end":{"line":147,"column":null}},"type":"cond-expr","locations":[{"start":{"line":147,"column":34},"end":{"line":147,"column":43}},{"start":{"line":147,"column":43},"end":{"line":147,"column":null}}]},"30":{"loc":{"start":{"line":152,"column":13},"end":{"line":152,"column":null}},"type":"binary-expr","locations":[{"start":{"line":152,"column":13},"end":{"line":152,"column":32}},{"start":{"line":152,"column":32},"end":{"line":152,"column":null}}]},"31":{"loc":{"start":{"line":160,"column":21},"end":{"line":160,"column":null}},"type":"binary-expr","locations":[{"start":{"line":160,"column":21},"end":{"line":160,"column":44}},{"start":{"line":160,"column":44},"end":{"line":160,"column":null}}]},"32":{"loc":{"start":{"line":161,"column":22},"end":{"line":161,"column":null}},"type":"binary-expr","locations":[{"start":{"line":161,"column":22},"end":{"line":161,"column":46}},{"start":{"line":161,"column":46},"end":{"line":161,"column":null}}]},"33":{"loc":{"start
[...]
line":163,"column":null}},"57":{"start":{"line":125,"column":4},"end":{"line":131,"column":null}},"58":{"start":{"line":126,"column":6},"end":{"line":126,"column":null}},"59":{"start":{"line":126,"column":27},"end":{"line":126,"column":47}},"60":{"start":{"line":127,"column":26},"end":{"line":127,"column":null}},"61":{"start":{"line":127,"column":32},"end":{"line":127,"column":null}},"62":{"start":{"line":128,"column":6},"end":{"line":128,"column":null}},"63":{"start":{"line":130,"column":6},"end":{"line":130,"column":null}},"64":{"start":{"line":133,"column":16},"end":{"line":137,"column":null}},"65":{"start":{"line":139,"column":4},"end":{"line":156,"column":null}},"66":{"start":{"line":139,"column":17},"end":{"line":139,"column":20}},"67":{"start":{"line":140,"column":26},"end":{"line":140,"column":34}},"68":{"start":{"line":142,"column":21},"end":{"line":147,"column":null}},"69":{"start":{"line":149,"column":22},"end":{"line":149,"column":null}},"70":{"start":{"line":151,"column":6},"end":{"line":153,"column":null}},"71":{"start":{"line":152,"column":8},"end":{"line":152,"column":null}},"72":{"start":{"line":155,"column":6},"end":{"line":155,"column":null}},"73":{"start":{"line":158,"column":4},"end":{"line":158,"column":null}},"74":{"start":{"line":159,"column":4},"end":{"line":159,"column":null}},"75":{"start":{"line":161,"column":4},"end":{"line":161,"column":null}},"76":{"start":{"line":162,"column":4},"end":{"line":162,"column":null}}},"fnMap":{"0":{"name":"exportToPNG","decl":{"start":{"line":7,"column":22},"end":{"line":7,"column":33}},"loc":{"start":{"line":7,"column":86},"end":{"line":39,"column":null}}},"1":{"name":"(anonymous_9)","decl":{"start":{"line":12,"column":27},"end":{"line":12,"column":34}},"loc":{"start":{"line":12,"column":27},"end":{"line":12,"column":47}}},"2":{"name":"(anonymous_10)","decl":{"start":{"line":25,"column":18},"end":{"line":25,"column":19}},"loc":{"start":{"line":25,"column":19},"end":{"line":32,"column":7}}},"3":{"name":"exportToJPG","decl":{"start":{"line":41,"column":22},"end":{"line":41,"column":33}},"loc":{"start":{"line":41,"column":86},"end":{"line":72,"column":null}}},"4":{"name":"(anonymous_12)","decl":{"start":{"line":45,"column":27},"end":{"line":45,"column":34}},"loc":{"start":{"line":45,"column":27},"end":{"line":45,"column":47}}},"5":{"name":"(anonymous_13)","decl":{"start":{"line":58,"column":18},"end":{"line":58,"column":19}},"loc":{"start":{"line":58,"column":19},"end":{"line":65,"column":7}}},"6":{"name":"exportToPDF","decl":{"start":{"line":74,"column":22},"end":{"line":74,"column":33}},"loc":{"start":{"line":74,"column":86},"end":{"line":119,"column":null}}},"7":{"name":"(anonymous_15)","decl":{"start":{"line":78,"column":27},"end":{"line":78,"column":34}},"loc":{"start":{"line":78,"column":27},"end":{"line":78,"column":47}}},"8":{"name":"(anonymous_16)","decl":{"start":{"line":79,"column":32},"end":{"line":79,"column":39}},"loc":{"start":{"line":79,"column":32},"end":{"line":79,"column":null}}},"9":{"name":"exportAllPagesToPDF","decl":{"start":{"line":122,"column":22},"end":{"line":122,"column":41}},"loc":{"start":{"line":122,"column":72},"end":{"line":164,"column":null}}},"10":{"name":"(anonymous_18)","decl":{"start":{"line":126,"column":27},"end":{"line":126,"column":34}},"loc":{"start":{"line":126,"column":27},"end":{"line":126,"column":47}}},"11":{"name":"(anonymous_19)","decl":{"start":{"line":127,"column":32},"end":{"line":127,"column":39}},"loc":{"start":{"line":127,"column":32},"end":{"line":127,"column":null}}}},"branchMap":{"0":{"loc":{"start":{"line":7,"column":49},"end":{"line":7,"column":72}},"type":"default-arg","locations":[{"start":{"line":7,"column":60},"end":{"line":7,"column":72}}]},"1":{"loc":{"start":{"line":7,"column":74},"end":{"line":7,"column":86}},"type":"default-arg","locations":[{"start":{"line":7,"column":84},"end":{"line":7,"column":86}}]},"2":{"loc":{"start":{"line":18,"column":23},"end":{"line":18,"column":null}},"type":"cond-expr","locations":[{"start":{"line":18,"column":45},"end":{"line":18,"column":52}},{"start":{"line":18,"column":52},"end":{"line":18,"column":null}}]},"3":{"loc":{"start":{"line":19,"column":13},"end":{"line":19,"column":null}},"type":"binary-expr","locations":[{"start":{"line":19,"column":13},"end":{"line":19,"column":30}},{"start":{"line":19,"column":30},"end":{"line":19,"column":null}}]},"4":{"loc":{"start":{"line":41,"column":49},"end":{"line":41,"column":72}},"type":"default-arg","locations":[{"start":{"line":41,"column":60},"end":{"line":41,"column":72}}]},"5":{"loc":{"start":{"line":41,"column":74},"end":{"line":41,"column":86}},"type":"default-arg","locations":[{"start":{"line":41,"column":84},"end":{"line":41,"column":86}}]},"6":{"loc":{"start":{"line":52,"column":13},"end":{"line":52,"column":null}},"type":"binary-expr","locations":[{"start":{"line":52,"column":13},"end":{"line":52,"column":30}},{"start":{"line":52,"column":30},"end":{"line":52,"column":null}}]},"7":{"loc":{"start":{"line":65,"column":21},"end":{"line":65,"column":null}},"type":"binary-expr","locations":[{"start":{"line":65,"column":21},"end":{"line":65,"column":40}},{"start":{"line":65,"column":40},"end":{"line":65,"column":null}}]},"8":{"loc":{"start":{"line":74,"column":49},"end":{"line":74,"column":72}},"type":"default-arg","locations":[{"start":{"line":74,"column":60},"end":{"line":74,"column":72}}]},"9":{"loc":{"start":{"line":74,"column":74},"end":{"line":74,"column":86}},"type":"default-arg","locations":[{"start":{"line":74,"column":84},"end":{"line":74,"column":86}}]},"10":{"loc":{"start":{"line":97,"column":21},"end":{"line":97,"column":null}},"type":"binary-expr","locations":[{"start":{"line":97,"column":21},"end":{"line":97,"column":42}},{"start":{"line":97,"column":42},"end":{"line":97,"column":null}}]},"11":{"loc":{"start":{"line":98,"column":22},"end":{"line":98,"column":null}},"type":"binary-expr","locations":[{"start":{"line":98,"column":22},"end":{"line":98,"column":44}},{"start":{"line":98,"column":44},"end":{"line":98,"column":null}}]},"12":{"loc":{"start":{"line":102,"column":19},"end":{"line":102,"column":null}},"type":"cond-expr","locations":[{"start":{"line":102,"column":42},"end":{"line":102,"column":56}},{"start":{"line":102,"column":56},"end":{"line":102,"column":null}}]},"13":{"loc":{"start":{"line":122,"column":49},"end":{"line":122,"column":72}},"type":"default-arg","locations":[{"start":{"line":122,"column":60},"end":{"line":122,"column":72}}]},"14":{"loc":{"start":{"line":151,"column":6},"end":{"line":153,"column":null}},"type":"if","locations":[{"start":{"line":151,"column":6},"end":{"line":153,"column":null}},{"start":{},"end":{}}]}},"s":{"0":0,"1":0,"2":0,"3":0,"4":0,"5":0,"6":0,"7":0,"8":0,"9":0,"10":0,"11":0,"12":0,"13":0,"14":0,"15":0,"16":0,"17":0,"18":0,"19":0,"20":0,"21":0,"22":0,"23":0,"24":0,"25":0,"26":0,"27":0,"28":0,"29":0,"30":0,"31":0,"32":0,"33":0,"34":0,"35":0,"36":0,"37":0,"38":0,"39":0,"40":0,"41":0,"42":0,"43":0,"44":0,"45":0,"46":0,"47":0,"48":0,"49":0,"50":0,"51":0,"52":0,"53":0,"54":0,"55":0,"56":0,"57":0,"58":0,"59":0,"60":0,"61":0,"62":0,"63":0,"64":0,"65":0,"66":0,"67":0,"68":0,"69":0,"70":0,"71":0,"72":0,"73":0,"74":0,"75":0,"76":0},"f":{"0":0,"1":0,"2":0,"3":0,"4":0,"5":0,"6":0,"7":0,"8":0,"9":0,"10":0,"11":0},"b":{"0":[0],"1":[0],"2":[0,0],"3":[0,0],"4":[0],"5":[0],"6":[0,0],"7":[0,0],"8":[0],"9":[0],"10":[0,0],"11":[0,0],"12":[0,0],"13":[0],"14":[0,0]}}
,"C:\\Users\\ashis\\Downloads\\ashish-tech-solutions\\utils\\projectStorage.js": {"path":"C:\\Users\\ashis\\Downloads\\ashish-tech-solutions\\utils\\projectStorage.js","statementMap":{"0":{"start":{"line":7,"column":16},"end":{"line":7,"column":27}},"1":{"start":{"line":19,"column":16},"end":{"line":19,"column":27}},"2":{"start":{"line":40,"column":16},"end":{"line":40,"column":31}},"3":{"start":{"line":52,"column":16},"end":{"line":52,"column":28}},"4":{"start":{"line":73,"column":16},"end":{"line":73,"column":27}},"5":{"start":{"line":77,"column":16},"end":{"line":77,"column":29}},"6":{"start":{"line":82,"column":16},"end":{"line":82,"column":31}},"7":{"start":{"line":87,"column":16},"end":{"line":87,"column":30}},"8":{"start":{"line":104,"column":16},"end":{"line":104,"column":35}},"9":{"start":{"line":121,"column":16},"end":{"line":121,"column":37}},"10":{"start":{"line":3,"column":20},"end":{"line":3,"column":null}},"11":{"start":{"line":4,"column":22},"end":{"line":4,"column":null}},"12":{"start":{"line":5,"column":21},"end":{"line":5,"column":null}},"13":{"start":{"line":8,"column":2},"end":{"line":16,"column":null}},"14":{"start":{"line":9,"column":24},"end":{"line":9,"column":null}},"15":{"start":{"line":10,"column":4},"end":{"line":10,"column":null}},"16":{"start":{"line":11,"column":4},"end":{"line":11,"column":null}},"17":{"start":{"line":12,"column":4},"end":{"line":12,"column":null}},"18":{"start":{"line":14,"column":4},"end":{"line":14,"column":null}},"19":{"start":{"line":15,"column":4},"end":{"line":15,"column":null}},"20":{"start":{"line":20,"column":2},"end":{"line":37,"column":null}},"21":{"start":{"line":21,"column":24},"end":{"line":21,"column":null}},"22":{"start":{"line":22,"column":4},"end":{"line":24,"column":null}},"23":{"start":{"line":23,"column":6},"end":{"line":23,"column":null}},"24":{"start":{"line":26,"column":20},"end":{"line":26,"column":null}},"25":{"start":{"line":27,"column":22},"end":{"line":27,"column":null}},"26":{"start":{"line":29,"column":4},"end":{"line":33,"column":null}},"27":{"start":{"line":35,"column":4},"end":{"line":35,"column":null}},"28":{"start":{"line":36,"column":4},"end":{"line":36,"column":null}},"29":{"start":{"line":41,"column":2},"end":{"line":49,"column":null}},"30":{"start":{"line":42,"column":24},"end":{"line":42,"column":null}},"31":{"start":{"line":43,"column":4},"end":{"line":43,"column":null}},"32":{"start":{"line":44,"column":4},"end":{"line":44,"column":null}},"33":{"start":{"line":45,"column":4},"end":{"line":45,"column":null}},"34":{"start":{"line":47,"column":4},"end":{"line":47,"column":null}},"35":{"start":{"line":48,"column":4},"end":{"line":48,"column":null}},"36":{"start":{"line":53,"column":2},"end":{"line":70,"column":null}},"37":{"start":{"line":54,"column":24},"end":{"line":54,"column":null}},"38":{"start":{"line":55,"column":4},"end":{"line":57,"column":null}},"39":{"start":{"line":56,"column":6},"end":{"line":56,"column":null}},"40":{"start":{"line":59,"column":20},"end":{"line":59,"column":null}},"41":{"start":{"line":60,"column":22},"end":{"line":60,"column":null}},"42":{"start":{"line":62,"column":4},"end":{"line":66,"column":null}},"43":{"start":{"line":68,"column":4},"end":{"line":68,"column":null}},"44":{"start":{"line":69,"column":4},"end":{"line":69,"column":null}},"45":{"start":{"line":74,"column":2},"end":{"line":74,"column":null}},"46":{"start":{"line":78,"column":2},"end":{"line":78,"column":null}},"47":{"start":{"line":79,"column":2},"end":{"line":79,"column":null}},"48":{"start":{"line":83,"column":20},"end":{"line":83,"column":null}},"49":{"start":{"line":84,"column":2},"end":{"line":84,"column":null}},"50":{"start":{"line":88,"column":2},"end":{"line":88,"column":null}},"51":{"start":{"line":88,"column":18},"end":{"line":88,"column":null}},"52":{"start":{"line":90,"column":14},"end":{"line":90,"column":null}},"53":{"start":{"line":91,"column":15},"end":{"line":91,"column":null}},"54":{"start":{"line":93,"column":18},"end":{"line":93,"column":null}},"55":{"start":{"line":94,"column":18},"end":{"line":94,"column":null}},"56":{"start":{"line":95,"column":16},"end":{"line":95,"column":null}},"57":{"start":{"line":96,"column":15},"end":{"line":96,"column":null}},"58":{"start":{"line":98,"column":2},"end":{"line":98,"column":null}},"59":{"start":{"line":98,"column":20},"end":{"line":98,"column":null}},"60":{"start":{"line":99,"column":2},"end":{"line":99,"column":null}},"61":{"start":{"line":99,"column":20},"end":{"line":99,"column":null}},"62":{"start":{"line":100,"column":2},"end":{"line":100,"column":null}},"63":{"start":{"line":100,"column":18},"end":{"line":100,"column":null}},"64":{"start":{"line":101,"column":2},"end":{"line":101,"column":null}},"65":{"start":{"line":105,"column":2},"end":{"line":118,"column":null}},"66":{"start":{"line":106,"column":24},"end":{"line":106,"column":null}},"67":{"start":{"line":107,"column":17},"end":{"line":107,"column":null}},"68":{"start":{"line":108,"column":16},"end":{"line":108,"column":null}},"69":{"start":{"line":109,"column":17},"end":{"line":109,"column":null}},"70":{"start":{"line":110,"column":4},"end":{"line":110,"column":null}},"71":{"start":{"line":111,"column":4},"end":{"line":111,"column":null}},"72":{"start":{"line":112,"column":4},"end":{"line":112,"column":null}},"73":{"start":{"line":113,"column":4},"end":{"line":113,"column":null}},"74":{"start":{"line":114,"column":4},"end":{"line":114,"column":null}},"75":{"start":{"line":116,"column":4},"end":{"line":116,"column":null}},"76":{"start":{"line":117,"column":4},"end":{"line":117,"column":null}},"77":{"start":{"line":122,"column":2},"end":{"line":139,"column":null}},"78":{"start":{"line":123,"column":19},"end":{"line":123,"column":null}},"79":{"start":{"line":125,"column":4},"end":{"line":132,"column":null}},"80":{"start":{"line":126,"column":6},"end":{"line":131,"column":null}},"81":{"start":{"line":127,"column":24},"end":{"line":127,"column":null}},"82":{"start":{"line":128,"column":8},"end":{"line":128,"column":null}},"83":{"start":{"line":130,"column":8},"end":{"line":130,"column":null}},"84":{"start":{"line":134,"column":4},"end":{"line":136,"column":null}},"85":{"start":{"line":135,"column":6},"end":{"line":135,"column":null}},"86":{"start":{"line":138,"column":4},"end":{"line":138,"column":null}}},"fnMap":{"0":{"name":"saveProject","decl":{"start":{"line":7,"column":16},"end":{"line":7,"column":27}},"loc":{"start":{"line":7,"column":35},"end":{"line":17,"column":null}}},"1":{"name":"loadProject","decl":{"start":{"line":19,"column":16},"end":{"line":19,"column":27}},"loc":{"start":{"line":19,"column":16},"end":{"line":38,"column":null}}},"2":{"name":"autoSaveProject","decl":{"start":{"line":40,"column":16},"end":{"line":40,"column":31}},"loc":{"start":{"line":40,"column":39},"end":{"line":50,"column":null}}},"3":{"name":"loadAutoSave","decl":{"start":{"line":52,"column":16},"end":{"line":52,"column":28}},"loc":{"start":{"line":52,"column":16},"end":{"line":71,"column":null}}},"4":{"name":"hasAutoSave","decl":{"start":{"line":73,"column":16},"end":{"line":73,"column":27}},"loc":{"start":{"line":73,"column":16},"end":{"line":75,"column":null}}},"5":{"name":"clearAutoSave","decl":{"start":{"line":77,"column":16},"end":{"line":77,"column":29}},"loc":{"start":{"line":77,"column":16},"end":{"line":80,"column":null}}},"6":{"name":"getLastSaveTime","decl":{"start":{"line":82,"column":16},"end":{"line":82,"column":31}},"loc":{"start":{"line":82,"column":16},"end":{"line":85,"column":null}}},"7":{"name":"formatSaveTime","decl":{"start":{"line":87,"column":16},"end":{"line":87,"column":30}},"loc":{"start":{"line":87,"column":40},"end":{"line":102,"column":null}}},"8":{"name":"exportProjectAsJSON","decl":{"start":{"line":104,"column":16},"end":{"line":104,"column":35}},"loc":{"start":{"line":104,"column":53},"end":{"line":119,"column":null}}},"9":{"name":"importProjectFromJSON","decl":{"start":{"line":121,"column":16},"end":{"line":121,"column":37}},"loc":{"start":{"line":121,"column":42},"end":{"line":140,"column":null}}},"10":{"name":"(anonymous_21)","decl":{"start":{"line":122,"column":21},"end":{"line":122,"column":22}},"loc":{"start":{"line":122,"column":31},"end":{"line":139,"column":null}}},"11":{"name":"(anonymous_22)","decl":{"start":{"line":125,"column":20},"end":{"line":125,"column":21}},"loc":{"start":{"line":125,"column":21},"end":{"line":132,"column":null}}},"12":{"name":"(anonymous_23)","decl":{"start":{"line":134,"column":21},"end":{"line":134,"column":null}},"loc":{"start":{"line":134,"column":21},"end":{"line":136,"column":null}}}},"branchMap":{"0":{"loc":{"start":{"line":22,"column":4},"end":{"line":24,"column":null}},"type":"if","locations":[{"start":{"line":22,"column":4},"end":{"line":24,"column":null}},{"start":{},"end":{}}]},"1":{"loc":{"start":{"line":32,"column":17},"end":{"line":32,"column":null}},"type":"cond-expr","locations":[{"start":{"line":32,"column":29},"end":{"line":32,"column":51}},{"start":{"line":32,"column":51},"end":{"line":32,"column":null}}]},"2":{"loc":{"start":{"line":55,"column":4},"end":{"line":57,"column":null}},"type":"if","locations":[{"start":{"line":55,"column":4},"end":{"line":57,"column":null}},{"start":{},"end":{}}]},"3":{"loc":{"start":{"line":65,"column":17},"end":{"line":65,"column":null}},"type":"cond-expr","locations":[{"start":{"line":65,"column":29},"end":{"line":65,"column":51}},{"start":{"line":65,"column":51},"end":{"line":65,"column":null}}]},"4":{"loc":{"start":{"line":84,"column":9},"end":{"line":84,"column":null}},"type":"cond-expr","locations":[{"start":{"line":84,"column":21},"end":{"line":84,"column":43}},{"start":{"line":84,"column":43},"end":{"line":84,"column":null}}]},"5":{"loc":{"start":{"line":88,"column":2},"end":{"line":88,"column":null}},"type":"if","locations":[{"start":{"line":88,"column":2},"end":{"line":88,"column":null}},{"start":{},"end":{}}]},"6":{"loc":{"start":{"line":98,"column":2},"end":{"line":98,"column":null}},"type":"if","locations":[{"start":{"line":98,"column":2},"end":{"line":98,"column":null}},{"start":{},"end":{}}]},"7":{"loc":{"start":{"line":99,"column":2},"end":{"line":99,"column":null}},"type":"if","locations":[{"start":{"line":99,"column":2},"end":{"line":99,"column":null}},{"start":{},"end":{}}]},"8":{"loc":{"start":{"line":99,"column":47},"end":{"line":99,"column":70}},"type":"cond-expr","locations":[{"start":{"line":99,"column":61},"end":{"line":99,"column":67}},{"start":{"line":99,"column":67},"end":{"line":99,"column":70}}]},"9":{"loc":{"start":{"line":100,"column":2},"end":{"line":100,"column":null}},"type":"if","locations":[{"start":{"line":100,"column":2},"end":{"line":100,"column":null}},{"start":{},"end":{}}]},"10":{"loc":{"start":{"line":100,"column":41},"end":{"line":100,"column":62}},"type":"cond-expr","locations":[{"start":{"line":100,"column":53},"end":{"line":100,"column":59}},{"start":{"line":100,"column":59},"end":{"line":100,"column":62}}]},"11":{"loc":{"start":{"line":101,"column":23},"end":{"line":101,"column":43}},"type":"cond-expr","locations":[{"start":{"line":101,"column":34},"end":{"line":101,"column":40}},{"start":{"line":101,"column":40},"end":{"line":101,"column":43}}]},"12":{"loc":{"start":{"line":110,"column":20},"end":{"line":110,"column":67}},"type":"binary-expr","locations":[{"start":{"line":110,"column":20},"end":{"line":110,"column":32}},{"start":{"line":110,"column":32},"end":{"line":110,"column":67}}]},"13":{"loc":{"start":{"line":110,"column":35},"end":{"line":110,"column":61}},"type":"binary-expr","locations":[{"start":{"line":110,"column":35},"end":{"line":110,"column":52}},{"start":{"line":110,"column":52},"end":{"line":110,"column":61}}]}},"s":{"0":1,"1":2,"2":0,"3":0,"4":0,"5":0,"6":0,"7":0,"8":0,"9":0,"10":1,"11":1,"12":1,"13":1,"14":1,"15":1,"16":1,"17":1,"18":0,"19":0,"20":2,"21":2,"22":2,"23":2,"24":0,"25":0,"26":0,"27":0,"28":0,"29":0,"30":0,"31":0,"32":0,"33":0,"34":0,"35":0,"36":0,"37":0,"38":0,"39":0,"40":0,"41":0,"42":0,"43":0,"44":0,"45":0,"46":0,"47":0,"48":0,"49":0,"50":0,"51":0,"52":0,"53":0,"54":0,"55":0,"56":0,"57":0,"58":0,"59":0,"60":0,"61":0,"62":0,"63":0,"64":0,"65":0,"66":0,"67":0,"68":0,"69":0,"70":0,"71":0,"72":0,"73":0,"74":0,"75":0,"76":0,"77":0,"78":0,"79":0,"80":0,"81":0,"82":0,"83":0,"84":0,"85":0,"86":0},"f":{"0":1,"1":2,"2":0,"3":0,"4":0,"5":0,"6":0,"7":0,"8":0,"9":0,"10":0,"11":0,"12":0},"b":{"0":[2,0],"1":[0,0],"2":[0,0],"3":[0,0],"4":[0,0],"5":[0,0],"6":[0,0],"7":[0,0],"8":[0,0],"9":[0,0],"10":[0,0],"11":[0,0],"12":[0,0],"13":[0,0]}}
}
