TN:
SF:components\DocumentEditor.js
FN:3,DocumentEditor
FN:14,(anonymous_3)
FN:14,(anonymous_4)
FN:22,(anonymous_5)
FN:28,(anonymous_6)
FN:28,(anonymous_7)
FN:37,(anonymous_8)
FN:37,(anonymous_9)
FN:53,(anonymous_10)
FN:54,(anonymous_11)
FNF:10
FNH:0
FNDA:0,DocumentEditor
FNDA:0,(anonymous_3)
FNDA:0,(anonymous_4)
FNDA:0,(anonymous_5)
FNDA:0,(anonymous_6)
FNDA:0,(anonymous_7)
FNDA:0,(anonymous_8)
FNDA:0,(anonymous_9)
FNDA:0,(anonymous_10)
FNDA:0,(anonymous_11)
DA:1,0
DA:3,0
DA:10,0
DA:11,0
DA:12,0
DA:14,0
DA:15,0
DA:16,0
DA:17,0
DA:18,0
DA:19,0
DA:22,0
DA:23,0
DA:24,0
DA:25,0
DA:28,0
DA:29,0
DA:30,0
DA:32,0
DA:34,0
DA:37,0
DA:38,0
DA:39,0
DA:41,0
DA:44,0
DA:45,0
DA:48,0
DA:49,0
DA:53,0
DA:54,0
DA:55,0
DA:56,0
DA:58,0
LF:33
LH:0
BRDA:8,0,0,0
BRDA:15,1,0,0
BRDA:15,1,1,0
BRDA:29,2,0,0
BRDA:29,2,1,0
BRDA:32,3,0,0
BRDA:32,3,1,0
BRDA:32,4,0,0
BRDA:32,4,1,0
BRDA:38,5,0,0
BRDA:38,5,1,0
BRDA:41,6,0,0
BRDA:41,6,1,0
BRDA:41,7,0,0
BRDA:41,7,1,0
BRDA:44,8,0,0
BRDA:44,8,1,0
BRDA:66,9,0,0
BRDA:66,9,1,0
BRDA:66,10,0,0
BRDA:66,10,1,0
BRDA:68,11,0,0
BRDA:68,11,1,0
BRDA:69,12,0,0
BRDA:69,12,1,0
BRDA:70,13,0,0
BRDA:70,13,1,0
BRDA:71,14,0,0
BRDA:71,14,1,0
BRDA:72,15,0,0
BRDA:72,15,1,0
BRDA:73,16,0,0
BRDA:73,16,1,0
BRDA:60,17,0,0
BRDA:60,17,1,0
BRDA:95,18,0,0
BRDA:95,18,1,0
BRDA:109,19,0,0
BRDA:109,19,1,0
BRF:39
BRH:0
end_of_record
TN:
SF:components\DraggableResume.js
FN:4,DraggableResume
FN:27,(anonymous_3)
FN:39,(anonymous_4)
FN:39,(anonymous_5)
FN:45,(anonymous_6)
FN:50,(anonymous_7)
FN:50,(anonymous_8)
FN:59,(anonymous_9)
FN:59,(anonymous_10)
FN:83,(anonymous_11)
FNF:10
FNH:2
FNDA:3,DraggableResume
FNDA:12,(anonymous_3)
FNDA:0,(anonymous_4)
FNDA:0,(anonymous_5)
FNDA:0,(anonymous_6)
FNDA:0,(anonymous_7)
FNDA:0,(anonymous_8)
FNDA:0,(anonymous_9)
FNDA:0,(anonymous_10)
FNDA:0,(anonymous_11)
DA:1,1
DA:2,1
DA:4,3
DA:11,3
DA:12,3
DA:15,3
DA:27,3
DA:28,12
DA:30,11
DA:31,8
DA:33,8
DA:37,3
DA:39,3
DA:40,0
DA:41,0
DA:42,0
DA:45,3
DA:46,0
DA:47,0
DA:50,3
DA:51,0
DA:52,0
DA:54,0
DA:55,0
DA:59,3
DA:60,0
DA:62,0
DA:63,0
DA:64,0
DA:65,0
DA:67,0
DA:68,0
DA:71,0
DA:73,0
DA:75,0
DA:78,0
DA:79,0
DA:83,3
DA:85,0
LF:39
LH:17
BRDA:15,0,0,3
BRDA:15,0,1,0
BRDA:28,1,0,1
BRDA:28,1,1,11
BRDA:30,2,0,3
BRDA:30,2,1,8
BRDA:31,3,0,0
BRDA:31,3,1,8
BRDA:31,4,0,0
BRDA:31,4,1,0
BRDA:33,5,0,8
BRDA:33,5,1,8
BRDA:54,6,0,0
BRDA:54,6,1,0
BRDA:54,7,0,0
BRDA:54,7,1,0
BRDA:62,8,0,0
BRDA:62,8,1,0
BRDA:62,9,0,0
BRDA:62,9,1,0
BRF:20
BRH:8
end_of_record
TN:
SF:components\DraggableSection.js
FN:3,DraggableSection
FN:19,(anonymous_3)
FN:20,(anonymous_4)
FNF:3
FNH:0
FNDA:0,DraggableSection
FNDA:0,(anonymous_3)
FNDA:0,(anonymous_4)
DA:1,1
DA:3,0
DA:14,0
DA:19,0
DA:20,0
LF:5
LH:1
BRDA:18,0,0,0
BRDA:18,0,1,0
BRDA:18,1,0,0
BRDA:18,1,1,0
BRDA:27,2,0,0
BRDA:27,2,1,0
BRF:6
BRH:0
end_of_record
TN:
SF:components\FreeDraggable.js
FN:3,FreeDraggable
FN:22,(anonymous_3)
FN:26,(anonymous_4)
FN:51,(anonymous_5)
FN:69,(anonymous_6)
FN:89,(anonymous_7)
FN:94,(anonymous_8)
FNF:7
FNH:7
FNDA:14,FreeDraggable
FNDA:10,(anonymous_3)
FNDA:1,(anonymous_4)
FNDA:1,(anonymous_5)
FNDA:1,(anonymous_6)
FNDA:13,(anonymous_7)
FNDA:2,(anonymous_8)
DA:1,1
DA:3,10
DA:15,14
DA:16,14
DA:17,14
DA:18,14
DA:19,14
DA:22,14
DA:23,10
DA:26,14
DA:27,1
DA:30,1
DA:33,1
DA:34,1
DA:35,1
DA:41,1
DA:42,1
DA:46,1
DA:47,1
DA:51,14
DA:52,1
DA:54,1
DA:55,1
DA:57,1
DA:60,1
DA:61,1
DA:65,1
DA:69,14
DA:70,1
DA:71,1
DA:73,1
DA:77,1
DA:81,1
DA:82,1
DA:85,1
DA:89,14
DA:90,13
DA:91,2
DA:92,2
DA:94,2
DA:95,2
DA:96,2
LF:42
LH:42
BRDA:6,0,0,0
BRDA:11,1,0,0
BRDA:13,2,0,0
BRDA:27,3,0,0
BRDA:27,3,1,1
BRDA:41,4,0,1
BRDA:41,4,1,0
BRDA:46,5,0,1
BRDA:46,5,1,0
BRDA:52,6,0,0
BRDA:52,6,1,1
BRDA:52,7,0,1
BRDA:52,7,1,1
BRDA:60,8,0,1
BRDA:60,8,1,0
BRDA:70,9,0,1
BRDA:70,9,1,0
BRDA:71,10,0,1
BRDA:71,10,1,0
BRDA:81,11,0,1
BRDA:81,11,1,0
BRDA:90,12,0,2
BRDA:90,12,1,11
BRDA:109,13,0,14
BRDA:109,13,1,0
BRDA:109,14,0,3
BRDA:109,14,1,11
BRDA:111,15,0,3
BRDA:111,15,1,11
BRDA:112,16,0,0
BRDA:112,16,1,14
BRDA:112,17,0,3
BRDA:112,17,1,11
BRDA:113,18,0,3
BRDA:113,18,1,11
BRDA:113,19,0,0
BRDA:113,19,1,11
BRDA:115,20,0,3
BRDA:115,20,1,11
BRDA:115,21,0,0
BRDA:115,21,1,14
BRDA:120,22,0,14
BRDA:120,22,1,14
BRF:43
BRH:28
end_of_record
TN:
SF:components\IconPicker.js
FN:40,IconPicker
FN:51,(anonymous_3)
FN:55,(anonymous_4)
FN:63,(anonymous_5)
FN:67,(anonymous_6)
FNF:5
FNH:0
FNDA:0,IconPicker
FNDA:0,(anonymous_3)
FNDA:0,(anonymous_4)
FNDA:0,(anonymous_5)
FNDA:0,(anonymous_6)
DA:1,0
DA:3,0
DA:40,0
DA:41,0
DA:52,0
DA:55,0
DA:64,0
DA:68,0
DA:69,0
LF:9
LH:0
BRDA:54,0,0,0
BRDA:54,0,1,0
BRDA:66,1,0,0
BRDA:66,1,1,0
BRF:4
BRH:0
end_of_record
TN:
SF:components\Logo.js
FN:3,Logo
FNF:1
FNH:1
FNDA:12,Logo
DA:1,1
DA:3,12
LF:2
LH:2
BRDA:3,0,0,12
BRDA:3,1,0,12
BRDA:12,2,0,12
BRF:3
BRH:3
end_of_record
TN:
SF:components\ShapesLibrary.js
FN:98,(anonymous_14)
FN:108,(anonymous_15)
FN:118,(anonymous_16)
FNF:3
FNH:0
FNDA:0,(anonymous_14)
FNDA:0,(anonymous_15)
FNDA:0,(anonymous_16)
DA:3,0
DA:98,0
DA:108,0
DA:118,0
DA:141,0
DA:171,0
DA:182,0
DA:210,0
LF:8
LH:0
BRF:0
BRH:0
end_of_record
TN:
SF:components\StylePanel.js
FN:3,StylePanel
FN:7,(anonymous_2)
FN:8,(anonymous_3)
FN:15,(anonymous_4)
FN:20,(anonymous_5)
FN:28,(anonymous_6)
FN:300,(anonymous_7)
FN:309,(anonymous_8)
FN:315,(anonymous_9)
FN:329,(anonymous_10)
FN:339,(anonymous_11)
FN:342,(anonymous_12)
FNF:12
FNH:4
FNDA:13,StylePanel
FNDA:1,(anonymous_2)
FNDA:0,(anonymous_3)
FNDA:1,(anonymous_4)
FNDA:0,(anonymous_5)
FNDA:12,(anonymous_6)
FNDA:0,(anonymous_7)
FNDA:0,(anonymous_8)
FNDA:0,(anonymous_9)
FNDA:0,(anonymous_10)
FNDA:0,(anonymous_11)
FNDA:0,(anonymous_12)
DA:1,1
DA:3,4
DA:4,13
DA:7,13
DA:8,1
DA:9,0
DA:10,0
DA:14,1
DA:15,1
DA:18,13
DA:20,12
DA:21,0
DA:22,0
DA:23,0
DA:28,12
DA:29,12
DA:31,12
DA:59,0
DA:87,0
DA:124,0
DA:152,0
DA:182,0
DA:205,0
DA:235,0
DA:256,0
DA:277,0
DA:281,12
DA:301,0
DA:309,0
DA:315,0
DA:329,0
DA:339,0
DA:343,0
LF:33
LH:13
BRDA:9,0,0,0
BRDA:9,0,1,0
BRDA:9,1,0,0
BRDA:9,1,1,0
BRDA:18,2,0,1
BRDA:18,2,1,12
BRDA:21,3,0,0
BRDA:21,3,1,0
BRDA:29,4,0,12
BRDA:29,4,1,0
BRDA:29,4,2,0
BRDA:29,4,3,0
BRDA:29,4,4,0
BRDA:29,4,5,0
BRDA:29,4,6,0
BRDA:29,4,7,0
BRDA:29,4,8,0
BRDA:29,4,9,0
BRDA:29,4,10,0
BRDA:29,4,11,0
BRDA:37,5,0,12
BRDA:37,5,1,0
BRDA:45,6,0,12
BRDA:45,6,1,0
BRDA:51,7,0,12
BRDA:51,7,1,0
BRDA:65,8,0,0
BRDA:65,8,1,0
BRDA:73,9,0,0
BRDA:73,9,1,0
BRDA:79,10,0,0
BRDA:79,10,1,0
BRDA:93,11,0,0
BRDA:93,11,1,0
BRDA:101,12,0,0
BRDA:101,12,1,0
BRDA:107,13,0,0
BRDA:107,13,1,0
BRDA:116,14,0,0
BRDA:116,14,1,0
BRDA:130,15,0,0
BRDA:130,15,1,0
BRDA:136,16,0,0
BRDA:136,16,1,0
BRDA:143,17,0,0
BRDA:143,17,1,0
BRDA:158,18,0,0
BRDA:158,18,1,0
BRDA:166,19,0,0
BRDA:166,19,1,0
BRDA:172,20,0,0
BRDA:172,20,1,0
BRDA:188,21,0,0
BRDA:188,21,1,0
BRDA:196,22,0,0
BRDA:196,22,1,0
BRDA:211,23,0,0
BRDA:211,23,1,0
BRDA:219,24,0,0
BRDA:219,24,1,0
BRDA:225,25,0,0
BRDA:225,25,1,0
BRDA:241,26,0,0
BRDA:241,26,1,0
BRDA:249,27,0,0
BRDA:249,27,1,0
BRDA:262,28,0,0
BRDA:262,28,1,0
BRDA:270,29,0,0
BRDA:270,29,1,0
BRDA:304,30,0,0
BRDA:321,31,0,0
BRDA:327,32,0,0
BRDA:327,32,1,0
BRDA:336,33,0,0
BRDA:351,34,0,0
BRF:76
BRH:6
end_of_record
TN:
SF:components\StylePresets.js
FN:3,StylePresets
FN:100,(anonymous_3)
FN:104,(anonymous_4)
FNF:3
FNH:0
FNDA:0,StylePresets
FNDA:0,(anonymous_3)
FNDA:0,(anonymous_4)
DA:1,0
DA:3,0
DA:4,0
DA:101,0
DA:104,0
LF:5
LH:0
BRDA:109,0,0,0
BRDA:109,0,1,0
BRF:2
BRH:0
end_of_record
TN:
SF:components\Editor\AlignmentToolbar.js
FN:1,AlignmentToolbar
FN:35,(anonymous_2)
FN:46,(anonymous_3)
FN:61,(anonymous_4)
FN:62,(anonymous_5)
FNF:5
FNH:0
FNDA:0,AlignmentToolbar
FNDA:0,(anonymous_2)
FNDA:0,(anonymous_3)
FNDA:0,(anonymous_4)
FNDA:0,(anonymous_5)
DA:1,0
DA:6,0
DA:8,0
DA:36,0
DA:46,0
DA:61,0
DA:62,0
LF:7
LH:0
BRDA:4,0,0,0
BRDA:6,1,0,0
BRDA:6,1,1,0
BRDA:37,2,0,0
BRDA:37,2,1,0
BRF:5
BRH:0
end_of_record
TN:
SF:components\Editor\BlankCanvas.js
FN:8,BlankCanvas
FN:29,(anonymous_3)
FN:36,(anonymous_4)
FN:42,(anonymous_5)
FN:50,(anonymous_6)
FN:60,(anonymous_7)
FN:69,(anonymous_8)
FN:70,(anonymous_9)
FN:87,(anonymous_10)
FN:98,(anonymous_11)
FN:116,(anonymous_12)
FN:132,(anonymous_13)
FN:133,(anonymous_14)
FN:149,(anonymous_15)
FN:150,(anonymous_16)
FN:168,(anonymous_17)
FN:169,(anonymous_18)
FN:185,(anonymous_19)
FN:186,(anonymous_20)
FN:201,(anonymous_21)
FN:202,(anonymous_22)
FN:215,(anonymous_23)
FN:216,(anonymous_24)
FN:231,(anonymous_25)
FN:232,(anonymous_26)
FN:255,(anonymous_27)
FN:256,(anonymous_28)
FN:274,(anonymous_29)
FN:275,(anonymous_30)
FN:287,(anonymous_31)
FN:288,(anonymous_32)
FN:299,(anonymous_33)
FN:306,(anonymous_34)
FN:322,(anonymous_35)
FN:323,(anonymous_36)
FN:324,(anonymous_37)
FN:331,(anonymous_38)
FN:332,(anonymous_39)
FN:340,(anonymous_40)
FN:341,(anonymous_41)
FN:348,(anonymous_42)
FN:349,(anonymous_43)
FN:356,(anonymous_44)
FN:358,(anonymous_45)
FN:367,(anonymous_46)
FN:368,(anonymous_47)
FN:384,(anonymous_48)
FN:408,(anonymous_49)
FN:410,(anonymous_50)
FN:411,(anonymous_51)
FN:414,(anonymous_52)
FN:424,(anonymous_53)
FN:434,(anonymous_54)
FN:456,(anonymous_55)
FN:462,(anonymous_56)
FN:468,(anonymous_57)
FN:504,(anonymous_58)
FNF:57
FNH:10
FNDA:5,BlankCanvas
FNDA:1,(anonymous_3)
FNDA:1,(anonymous_4)
FNDA:1,(anonymous_5)
FNDA:0,(anonymous_6)
FNDA:1,(anonymous_7)
FNDA:0,(anonymous_8)
FNDA:0,(anonymous_9)
FNDA:0,(anonymous_10)
FNDA:1,(anonymous_11)
FNDA:10,(anonymous_12)
FNDA:0,(anonymous_13)
FNDA:0,(anonymous_14)
FNDA:0,(anonymous_15)
FNDA:0,(anonymous_16)
FNDA:0,(anonymous_17)
FNDA:0,(anonymous_18)
FNDA:0,(anonymous_19)
FNDA:0,(anonymous_20)
FNDA:0,(anonymous_21)
FNDA:0,(anonymous_22)
FNDA:0,(anonymous_23)
FNDA:0,(anonymous_24)
FNDA:0,(anonymous_25)
FNDA:0,(anonymous_26)
FNDA:0,(anonymous_27)
FNDA:0,(anonymous_28)
FNDA:0,(anonymous_29)
FNDA:0,(anonymous_30)
FNDA:0,(anonymous_31)
FNDA:0,(anonymous_32)
FNDA:0,(anonymous_33)
FNDA:0,(anonymous_34)
FNDA:0,(anonymous_35)
FNDA:0,(anonymous_36)
FNDA:0,(anonymous_37)
FNDA:0,(anonymous_38)
FNDA:0,(anonymous_39)
FNDA:0,(anonymous_40)
FNDA:0,(anonymous_41)
FNDA:0,(anonymous_42)
FNDA:0,(anonymous_43)
FNDA:0,(anonymous_44)
FNDA:0,(anonymous_45)
FNDA:0,(anonymous_46)
FNDA:0,(anonymous_47)
FNDA:0,(anonymous_48)
FNDA:0,(anonymous_49)
FNDA:0,(anonymous_50)
FNDA:0,(anonymous_51)
FNDA:0,(anonymous_52)
FNDA:0,(anonymous_53)
FNDA:10,(anonymous_54)
FNDA:1,(anonymous_55)
FNDA:1,(anonymous_56)
FNDA:0,(anonymous_57)
FNDA:0,(anonymous_58)
DA:1,1
DA:2,1
DA:3,1
DA:4,1
DA:5,1
DA:6,1
DA:8,5
DA:24,5
DA:25,5
DA:26,5
DA:27,5
DA:29,5
DA:30,1
DA:31,0
DA:32,0
DA:36,5
DA:37,1
DA:38,0
DA:42,5
DA:43,1
DA:44,1
DA:50,5
DA:51,0
DA:53,0
DA:54,0
DA:60,5
DA:61,1
DA:64,0
DA:67,0
DA:69,0
DA:70,0
DA:71,0
DA:72,0
DA:73,0
DA:77,0
DA:79,0
DA:83,0
DA:84,0
DA:85,0
DA:87,0
DA:88,0
DA:94,0
DA:98,5
DA:99,1
DA:100,1
DA:102,1
DA:103,1
DA:107,1
DA:108,0
DA:111,1
DA:112,0
DA:116,5
DA:117,10
DA:118,10
DA:120,10
DA:132,0
DA:133,0
DA:140,0
DA:149,0
DA:150,0
DA:168,0
DA:169,0
DA:185,0
DA:186,0
DA:201,0
DA:202,0
DA:215,0
DA:216,0
DA:231,0
DA:232,0
DA:240,0
DA:255,0
DA:256,0
DA:274,0
DA:275,0
DA:287,0
DA:288,0
DA:299,5
DA:301,0
DA:302,0
DA:306,5
DA:307,0
DA:308,0
DA:311,0
DA:312,0
DA:315,0
DA:316,0
DA:318,0
DA:319,0
DA:322,0
DA:323,0
DA:324,0
DA:326,0
DA:332,0
DA:341,0
DA:349,0
DA:357,0
DA:358,0
DA:368,0
DA:373,0
DA:384,0
DA:408,0
DA:410,0
DA:412,0
DA:415,0
DA:424,0
DA:435,10
DA:436,10
DA:437,10
DA:438,10
DA:441,10
DA:446,10
DA:457,1
DA:463,1
DA:464,1
DA:465,0
DA:468,0
DA:504,0
LF:118
LH:43
BRDA:9,0,0,0
BRDA:10,1,0,0
BRDA:20,2,0,5
BRDA:21,3,0,5
BRDA:22,4,0,5
BRDA:30,5,0,0
BRDA:30,5,1,1
BRDA:30,6,0,1
BRDA:30,6,1,0
BRDA:37,7,0,0
BRDA:37,7,1,1
BRDA:37,8,0,1
BRDA:37,8,1,0
BRDA:51,9,0,0
BRDA:51,9,1,0
BRDA:53,10,0,0
BRDA:53,10,1,0
BRDA:61,11,0,1
BRDA:61,11,1,0
BRDA:67,12,0,0
BRDA:67,12,1,0
BRDA:67,13,0,0
BRDA:67,13,1,0
BRDA:67,13,2,0
BRDA:71,14,0,0
BRDA:71,14,1,0
BRDA:72,15,0,0
BRDA:72,15,1,0
BRDA:83,16,0,0
BRDA:83,16,1,0
BRDA:84,17,0,0
BRDA:84,17,1,0
BRDA:99,18,0,1
BRDA:99,18,1,0
BRDA:102,19,0,1
BRDA:102,19,1,1
BRDA:107,20,0,0
BRDA:107,20,1,1
BRDA:107,21,0,1
BRDA:107,21,1,0
BRDA:107,21,2,0
BRDA:111,22,0,0
BRDA:111,22,1,1
BRDA:120,23,0,0
BRDA:120,23,1,0
BRDA:120,23,2,0
BRDA:127,24,0,5
BRDA:127,24,1,5
BRDA:128,25,0,5
BRDA:128,25,1,5
BRDA:130,26,0,5
BRDA:130,26,1,0
BRDA:135,27,0,5
BRDA:135,27,1,0
BRDA:140,28,0,0
BRDA:140,28,1,0
BRDA:147,29,0,0
BRDA:147,29,1,0
BRDA:152,30,0,0
BRDA:152,30,1,0
BRDA:160,31,0,0
BRDA:160,31,1,0
BRDA:161,32,0,0
BRDA:161,32,1,0
BRDA:162,33,0,0
BRDA:162,33,1,0
BRDA:163,34,0,0
BRDA:163,34,1,0
BRDA:164,35,0,0
BRDA:164,35,1,0
BRDA:165,36,0,0
BRDA:165,36,1,0
BRDA:166,37,0,0
BRDA:166,37,1,0
BRDA:177,38,0,0
BRDA:177,38,1,0
BRDA:178,39,0,0
BRDA:178,39,1,0
BRDA:179,40,0,0
BRDA:179,40,1,0
BRDA:180,41,0,0
BRDA:180,41,1,0
BRDA:182,42,0,0
BRDA:182,42,1,0
BRDA:183,43,0,0
BRDA:183,43,1,0
BRDA:196,44,0,0
BRDA:196,44,1,0
BRDA:197,45,0,0
BRDA:197,45,1,0
BRDA:198,46,0,0
BRDA:198,46,1,0
BRDA:198,47,0,0
BRDA:198,47,1,0
BRDA:199,48,0,0
BRDA:199,48,1,0
BRDA:210,49,0,0
BRDA:210,49,1,0
BRDA:211,50,0,0
BRDA:211,50,1,0
BRDA:212,51,0,0
BRDA:212,51,1,0
BRDA:226,52,0,0
BRDA:226,52,1,0
BRDA:227,53,0,0
BRDA:227,53,1,0
BRDA:228,54,0,0
BRDA:228,54,1,0
BRDA:229,55,0,0
BRDA:229,55,1,0
BRDA:249,56,0,0
BRDA:249,56,1,0
BRDA:250,57,0,0
BRDA:250,57,1,0
BRDA:251,58,0,0
BRDA:251,58,1,0
BRDA:265,59,0,0
BRDA:265,59,1,0
BRDA:266,60,0,0
BRDA:266,60,1,0
BRDA:268,61,0,0
BRDA:268,61,1,0
BRDA:269,62,0,0
BRDA:269,62,1,0
BRDA:270,63,0,0
BRDA:270,63,1,0
BRDA:271,64,0,0
BRDA:271,64,1,0
BRDA:272,65,0,0
BRDA:272,65,1,0
BRDA:283,66,0,0
BRDA:283,66,1,0
BRDA:284,67,0,0
BRDA:284,67,1,0
BRDA:290,68,0,0
BRDA:290,68,1,0
BRDA:301,69,0,0
BRDA:301,69,1,0
BRDA:302,70,0,0
BRDA:302,70,1,0
BRDA:306,71,0,0
BRDA:311,72,0,0
BRDA:311,72,1,0
BRDA:311,73,0,0
BRDA:311,73,1,0
BRDA:312,74,0,0
BRDA:312,74,1,0
BRDA:315,75,0,0
BRDA:315,75,1,0
BRDA:316,76,0,0
BRDA:316,76,1,0
BRDA:318,77,0,0
BRDA:318,77,1,0
BRDA:332,78,0,0
BRDA:332,78,1,0
BRDA:341,79,0,0
BRDA:341,79,1,0
BRDA:349,80,0,0
BRDA:349,80,1,0
BRDA:354,81,0,0
BRDA:354,81,1,0
BRDA:355,82,0,0
BRDA:355,82,1,0
BRDA:355,83,0,0
BRDA:355,83,1,0
BRDA:355,84,0,0
BRDA:355,84,1,0
BRDA:358,85,0,0
BRDA:358,85,1,0
BRDA:364,86,0,0
BRDA:364,86,1,0
BRDA:368,87,0,0
BRDA:368,87,1,0
BRDA:387,88,0,5
BRDA:387,88,1,0
BRDA:388,89,0,5
BRDA:388,89,1,5
BRDA:389,90,0,5
BRDA:389,90,1,5
BRDA:392,91,0,5
BRDA:392,91,1,0
BRDA:398,92,0,5
BRDA:400,93,0,0
BRDA:400,93,1,0
BRDA:401,94,0,0
BRDA:401,94,1,0
BRDA:402,95,0,0
BRDA:402,95,1,0
BRDA:408,96,0,5
BRDA:408,96,1,0
BRDA:422,97,0,5
BRDA:436,98,0,10
BRDA:436,98,1,0
BRDA:438,99,0,10
BRDA:438,99,1,10
BRDA:441,100,0,0
BRDA:441,100,1,10
BRDA:441,101,0,10
BRDA:441,101,1,0
BRDA:441,101,2,0
BRDA:442,102,0,0
BRDA:442,102,1,0
BRDA:443,103,0,0
BRDA:443,103,1,0
BRDA:444,104,0,10
BRDA:444,104,1,10
BRDA:455,105,0,10
BRDA:455,105,1,10
BRDA:464,106,0,0
BRDA:464,106,1,1
BRDA:477,107,0,5
BRDA:499,108,0,5
BRF:212
BRH:41
end_of_record
TN:
SF:components\Editor\BottomBar.js
FN:5,BottomBar
FN:9,(anonymous_3)
FN:12,(anonymous_4)
FN:24,(anonymous_5)
FN:29,(anonymous_6)
FN:45,(anonymous_7)
FN:49,(anonymous_8)
FN:50,(anonymous_9)
FN:61,(anonymous_10)
FN:75,(anonymous_11)
FN:256,(anonymous_12)
FN:267,(anonymous_13)
FN:274,(anonymous_14)
FNF:13
FNH:0
FNDA:0,BottomBar
FNDA:0,(anonymous_3)
FNDA:0,(anonymous_4)
FNDA:0,(anonymous_5)
FNDA:0,(anonymous_6)
FNDA:0,(anonymous_7)
FNDA:0,(anonymous_8)
FNDA:0,(anonymous_9)
FNDA:0,(anonymous_10)
FNDA:0,(anonymous_11)
FNDA:0,(anonymous_12)
FNDA:0,(anonymous_13)
FNDA:0,(anonymous_14)
DA:1,0
DA:2,0
DA:3,0
DA:5,0
DA:6,0
DA:7,0
DA:8,0
DA:9,0
DA:10,0
DA:12,0
DA:13,0
DA:14,0
DA:16,0
DA:24,0
DA:25,0
DA:26,0
DA:29,0
DA:30,0
DA:31,0
DA:32,0
DA:34,0
DA:35,0
DA:37,0
DA:46,0
DA:49,0
DA:50,0
DA:61,0
DA:75,0
DA:256,0
DA:267,0
DA:274,0
LF:31
LH:0
BRDA:9,0,0,0
BRDA:9,0,1,0
BRDA:30,1,0,0
BRDA:30,1,1,0
BRDA:34,2,0,0
BRDA:34,2,1,0
BRDA:48,3,0,0
BRDA:48,3,1,0
BRDA:248,4,0,0
BRF:9
BRH:0
end_of_record
TN:
SF:components\Editor\ContextMenu.js
FN:3,ContextMenu
FN:9,(anonymous_3)
FN:10,(anonymous_4)
FN:11,(anonymous_5)
FN:18,(anonymous_6)
FN:35,(anonymous_7)
FN:44,(anonymous_8)
FN:51,(anonymous_9)
FNF:8
FNH:0
FNDA:0,ContextMenu
FNDA:0,(anonymous_3)
FNDA:0,(anonymous_4)
FNDA:0,(anonymous_5)
FNDA:0,(anonymous_6)
FNDA:0,(anonymous_7)
FNDA:0,(anonymous_8)
FNDA:0,(anonymous_9)
DA:1,1
DA:3,0
DA:9,0
DA:10,0
DA:11,0
DA:12,0
DA:15,0
DA:16,0
DA:18,0
DA:19,0
DA:20,0
DA:24,0
DA:35,0
DA:45,0
DA:52,0
DA:53,0
DA:54,0
LF:17
LH:1
BRDA:6,0,0,0
BRDA:7,1,0,0
BRDA:12,2,0,0
BRDA:12,2,1,0
BRDA:24,3,0,0
BRDA:24,3,1,0
BRDA:38,4,0,0
BRDA:45,5,0,0
BRDA:45,5,1,0
BRDA:52,6,0,0
BRDA:52,6,1,0
BRDA:50,7,0,0
BRDA:50,7,1,0
BRDA:50,8,0,0
BRDA:50,8,1,0
BRDA:61,9,0,0
BRF:16
BRH:0
end_of_record
TN:
SF:components\Editor\ElementsPanel.js
FN:4,ElementsPanel
FN:51,(anonymous_3)
FN:55,(anonymous_4)
FN:59,(anonymous_5)
FNF:4
FNH:0
FNDA:0,ElementsPanel
FNDA:0,(anonymous_3)
FNDA:0,(anonymous_4)
FNDA:0,(anonymous_5)
DA:1,0
DA:2,0
DA:4,0
DA:5,0
DA:6,0
DA:52,0
DA:56,0
DA:60,0
DA:76,0
DA:77,0
LF:10
LH:0
BRDA:62,0,0,0
BRDA:62,0,1,0
BRDA:76,1,0,0
BRDA:76,1,1,0
BRF:4
BRH:0
end_of_record
TN:
SF:components\Editor\ExportModal.js
FN:3,ExportModal
FN:11,(anonymous_2)
FN:23,(anonymous_3)
FN:50,(anonymous_4)
FN:62,(anonymous_5)
FN:65,(anonymous_6)
FN:92,(anonymous_7)
FN:95,(anonymous_8)
FN:122,(anonymous_9)
FN:137,(anonymous_10)
FNF:10
FNH:0
FNDA:0,ExportModal
FNDA:0,(anonymous_2)
FNDA:0,(anonymous_3)
FNDA:0,(anonymous_4)
FNDA:0,(anonymous_5)
FNDA:0,(anonymous_6)
FNDA:0,(anonymous_7)
FNDA:0,(anonymous_8)
FNDA:0,(anonymous_9)
FNDA:0,(anonymous_10)
DA:1,0
DA:3,0
DA:4,0
DA:5,0
DA:6,0
DA:7,0
DA:9,0
DA:11,0
DA:12,0
DA:20,0
DA:23,0
DA:24,0
DA:50,0
DA:63,0
DA:65,0
DA:93,0
DA:95,0
DA:122,0
DA:137,0
LF:19
LH:0
BRDA:9,0,0,0
BRDA:9,0,1,0
BRDA:14,1,0,0
BRDA:14,1,1,0
BRDA:14,2,0,0
BRDA:14,2,1,0
BRDA:15,3,0,0
BRDA:15,3,1,0
BRDA:15,4,0,0
BRDA:15,4,1,0
BRDA:16,5,0,0
BRDA:16,5,1,0
BRDA:17,6,0,0
BRDA:17,6,1,0
BRDA:69,7,0,0
BRDA:69,7,1,0
BRDA:70,8,0,0
BRDA:70,8,1,0
BRDA:75,9,0,0
BRDA:75,9,1,0
BRDA:86,10,0,0
BRDA:86,10,1,0
BRDA:99,11,0,0
BRDA:99,11,1,0
BRDA:100,12,0,0
BRDA:100,12,1,0
BRDA:104,13,0,0
BRDA:104,13,1,0
BRDA:116,14,0,0
BRDA:131,15,0,0
BRDA:154,16,0,0
BRDA:154,16,1,0
BRF:32
BRH:0
end_of_record
TN:
SF:components\Editor\Grid.js
FN:1,Grid
FNF:1
FNH:0
FNDA:0,Grid
DA:1,0
DA:2,0
DA:4,0
DA:5,0
DA:6,0
DA:9,0
DA:10,0
DA:24,0
DA:25,0
LF:9
LH:0
BRDA:1,0,0,0
BRDA:1,1,0,0
BRDA:2,2,0,0
BRDA:2,2,1,0
BRF:4
BRH:0
end_of_record
TN:
SF:components\Editor\LeftSidebar.js
FN:11,LeftSidebar
FN:30,(anonymous_3)
FN:34,(anonymous_4)
FN:49,(anonymous_5)
FN:52,(anonymous_6)
FNF:5
FNH:0
FNDA:0,LeftSidebar
FNDA:0,(anonymous_3)
FNDA:0,(anonymous_4)
FNDA:0,(anonymous_5)
FNDA:0,(anonymous_6)
DA:1,0
DA:2,0
DA:3,0
DA:4,0
DA:5,0
DA:6,0
DA:7,0
DA:8,0
DA:9,0
DA:11,0
DA:12,0
DA:13,0
DA:14,0
DA:16,0
DA:31,0
DA:35,0
DA:36,0
DA:49,0
DA:52,0
LF:19
LH:0
BRDA:36,0,0,0
BRDA:36,0,1,0
BRDA:33,1,0,0
BRDA:33,1,1,0
BRDA:47,2,0,0
BRDA:47,2,1,0
BRDA:59,3,0,0
BRDA:59,3,1,0
BRDA:60,4,0,0
BRDA:60,4,1,0
BRDA:61,5,0,0
BRDA:61,5,1,0
BRDA:62,6,0,0
BRDA:62,6,1,0
BRDA:63,7,0,0
BRDA:63,7,1,0
BRDA:64,8,0,0
BRDA:64,8,1,0
BRDA:65,9,0,0
BRDA:65,9,1,0
BRF:20
BRH:0
end_of_record
TN:
SF:components\Editor\ResizeHandles.js
FN:3,ResizeHandles
FN:18,(anonymous_2)
FN:29,(anonymous_3)
FN:99,(anonymous_4)
FN:105,(anonymous_5)
FN:110,(anonymous_6)
FN:143,(anonymous_7)
FN:147,(anonymous_8)
FN:151,(anonymous_9)
FN:155,(anonymous_10)
FN:161,(anonymous_11)
FN:165,(anonymous_12)
FN:169,(anonymous_13)
FN:173,(anonymous_14)
FNF:14
FNH:0
FNDA:0,ResizeHandles
FNDA:0,(anonymous_2)
FNDA:0,(anonymous_3)
FNDA:0,(anonymous_4)
FNDA:0,(anonymous_5)
FNDA:0,(anonymous_6)
FNDA:0,(anonymous_7)
FNDA:0,(anonymous_8)
FNDA:0,(anonymous_9)
FNDA:0,(anonymous_10)
FNDA:0,(anonymous_11)
FNDA:0,(anonymous_12)
FNDA:0,(anonymous_13)
FNDA:0,(anonymous_14)
DA:1,0
DA:3,0
DA:12,0
DA:13,0
DA:14,0
DA:15,0
DA:16,0
DA:18,0
DA:19,0
DA:20,0
DA:22,0
DA:23,0
DA:24,0
DA:25,0
DA:26,0
DA:29,0
DA:30,0
DA:32,0
DA:33,0
DA:35,0
DA:36,0
DA:37,0
DA:38,0
DA:40,0
DA:42,0
DA:43,0
DA:44,0
DA:45,0
DA:46,0
DA:48,0
DA:49,0
DA:50,0
DA:51,0
DA:53,0
DA:54,0
DA:55,0
DA:56,0
DA:58,0
DA:59,0
DA:60,0
DA:62,0
DA:63,0
DA:64,0
DA:66,0
DA:67,0
DA:69,0
DA:70,0
DA:71,0
DA:73,0
DA:74,0
DA:78,0
DA:79,0
DA:80,0
DA:81,0
DA:83,0
DA:88,0
DA:89,0
DA:91,0
DA:99,0
DA:100,0
DA:101,0
DA:105,0
DA:106,0
DA:107,0
DA:108,0
DA:110,0
DA:111,0
DA:112,0
DA:117,0
DA:143,0
DA:147,0
DA:151,0
DA:155,0
DA:161,0
DA:165,0
DA:169,0
DA:173,0
LF:77
LH:0
BRDA:9,0,0,0
BRDA:10,1,0,0
BRDA:30,2,0,0
BRDA:30,2,1,0
BRDA:30,3,0,0
BRDA:30,3,1,0
BRDA:40,4,0,0
BRDA:40,4,1,0
BRDA:40,4,2,0
BRDA:40,4,3,0
BRDA:40,4,4,0
BRDA:40,4,5,0
BRDA:40,4,6,0
BRDA:40,4,7,0
BRDA:78,5,0,0
BRDA:78,5,1,0
BRDA:78,6,0,0
BRDA:78,6,1,0
BRDA:80,7,0,0
BRDA:80,7,1,0
BRDA:80,8,0,0
BRDA:80,8,1,0
BRDA:106,9,0,0
BRDA:106,9,1,0
BRF:24
BRH:0
end_of_record
TN:
SF:components\Editor\RightSidebar.js
FN:7,RightSidebar
FN:15,(anonymous_3)
FN:48,(anonymous_4)
FNF:3
FNH:0
FNDA:0,RightSidebar
FNDA:0,(anonymous_3)
FNDA:0,(anonymous_4)
DA:1,0
DA:2,0
DA:3,0
DA:4,0
DA:5,0
DA:7,0
DA:8,0
DA:9,0
DA:10,0
DA:11,0
DA:13,0
DA:15,0
DA:16,0
DA:17,0
DA:32,0
DA:48,0
LF:16
LH:0
BRDA:13,0,0,0
BRDA:13,0,1,0
BRDA:16,1,0,0
BRDA:16,1,1,0
BRDA:19,2,0,0
BRDA:19,2,1,0
BRDA:32,3,0,0
BRDA:32,3,1,0
BRDA:36,4,0,0
BRDA:36,4,1,0
BRDA:39,5,0,0
BRDA:39,5,1,0
BRDA:41,6,0,0
BRDA:41,6,1,0
BRDA:56,7,0,0
BRDA:58,8,0,0
BRF:16
BRH:0
end_of_record
TN:
SF:components\Editor\TopToolbar.js
FN:3,TopToolbar
FN:35,(anonymous_3)
FN:44,(anonymous_4)
FN:47,(anonymous_5)
FN:51,(anonymous_6)
FN:54,(anonymous_7)
FN:58,(anonymous_8)
FN:61,(anonymous_9)
FN:67,(anonymous_10)
FN:71,(anonymous_11)
FN:144,(anonymous_12)
FN:145,(anonymous_13)
FN:146,(anonymous_14)
FN:153,(anonymous_15)
FNF:14
FNH:0
FNDA:0,TopToolbar
FNDA:0,(anonymous_3)
FNDA:0,(anonymous_4)
FNDA:0,(anonymous_5)
FNDA:0,(anonymous_6)
FNDA:0,(anonymous_7)
FNDA:0,(anonymous_8)
FNDA:0,(anonymous_9)
FNDA:0,(anonymous_10)
FNDA:0,(anonymous_11)
FNDA:0,(anonymous_12)
FNDA:0,(anonymous_13)
FNDA:0,(anonymous_14)
FNDA:0,(anonymous_15)
DA:1,0
DA:3,0
DA:19,0
DA:20,0
DA:35,0
DA:45,0
DA:46,0
DA:47,0
DA:52,0
DA:53,0
DA:54,0
DA:59,0
DA:60,0
DA:61,0
DA:68,0
DA:69,0
DA:70,0
DA:71,0
DA:144,0
DA:145,0
DA:146,0
DA:153,0
LF:22
LH:0
BRDA:42,0,0,0
BRDA:141,1,0,0
BRDA:146,2,0,0
BRDA:146,2,1,0
BRDA:155,3,0,0
BRDA:155,3,1,0
BRF:6
BRH:0
end_of_record
TN:
SF:components\Editor\TransformHandles.js
FN:3,TransformHandles
FN:13,(anonymous_2)
FN:19,(anonymous_3)
FN:27,(anonymous_4)
FN:36,(anonymous_5)
FN:102,(anonymous_6)
FN:141,(anonymous_7)
FN:144,(anonymous_8)
FN:185,(anonymous_9)
FNF:9
FNH:0
FNDA:0,TransformHandles
FNDA:0,(anonymous_2)
FNDA:0,(anonymous_3)
FNDA:0,(anonymous_4)
FNDA:0,(anonymous_5)
FNDA:0,(anonymous_6)
FNDA:0,(anonymous_7)
FNDA:0,(anonymous_8)
FNDA:0,(anonymous_9)
DA:1,1
DA:3,0
DA:4,0
DA:5,0
DA:6,0
DA:7,0
DA:8,0
DA:10,0
DA:11,0
DA:13,0
DA:14,0
DA:15,0
DA:16,0
DA:17,0
DA:19,0
DA:20,0
DA:21,0
DA:23,0
DA:27,0
DA:28,0
DA:29,0
DA:32,0
DA:33,0
DA:36,0
DA:37,0
DA:38,0
DA:39,0
DA:40,0
DA:42,0
DA:43,0
DA:44,0
DA:45,0
DA:47,0
DA:50,0
DA:51,0
DA:52,0
DA:53,0
DA:54,0
DA:57,0
DA:58,0
DA:59,0
DA:62,0
DA:63,0
DA:64,0
DA:65,0
DA:68,0
DA:69,0
DA:72,0
DA:73,0
DA:74,0
DA:77,0
DA:78,0
DA:81,0
DA:82,0
DA:83,0
DA:84,0
DA:87,0
DA:88,0
DA:89,0
DA:93,0
DA:94,0
DA:96,0
DA:102,0
DA:103,0
DA:104,0
DA:106,0
DA:111,0
DA:114,0
DA:142,0
DA:144,0
DA:185,0
LF:71
LH:1
BRDA:3,0,0,0
BRDA:20,1,0,0
BRDA:20,1,1,0
BRDA:47,2,0,0
BRDA:47,2,1,0
BRDA:47,2,2,0
BRDA:47,2,3,0
BRDA:47,2,4,0
BRDA:47,2,5,0
BRDA:47,2,6,0
BRDA:47,2,7,0
BRDA:51,3,0,0
BRDA:51,3,1,0
BRDA:53,4,0,0
BRDA:53,4,1,0
BRDA:63,5,0,0
BRDA:63,5,1,0
BRDA:64,6,0,0
BRDA:64,6,1,0
BRDA:73,7,0,0
BRDA:73,7,1,0
BRDA:82,8,0,0
BRDA:82,8,1,0
BRF:23
BRH:0
end_of_record
TN:
SF:components\Editor\Panels\BackgroundPanel.js
FN:4,BackgroundPanel
FN:52,(anonymous_3)
FN:56,(anonymous_4)
FN:67,(anonymous_5)
FN:72,(anonymous_6)
FN:98,(anonymous_7)
FN:104,(anonymous_8)
FN:115,(anonymous_9)
FN:120,(anonymous_10)
FNF:9
FNH:0
FNDA:0,BackgroundPanel
FNDA:0,(anonymous_3)
FNDA:0,(anonymous_4)
FNDA:0,(anonymous_5)
FNDA:0,(anonymous_6)
FNDA:0,(anonymous_7)
FNDA:0,(anonymous_8)
FNDA:0,(anonymous_9)
FNDA:0,(anonymous_10)
DA:1,0
DA:2,0
DA:4,0
DA:5,0
DA:6,0
DA:8,0
DA:17,0
DA:44,0
DA:52,0
DA:53,0
DA:56,0
DA:57,0
DA:58,0
DA:68,0
DA:72,0
DA:98,0
DA:104,0
DA:116,0
DA:120,0
LF:19
LH:0
BRDA:70,0,0,0
BRDA:70,0,1,0
BRDA:75,1,0,0
BRDA:79,2,0,0
BRDA:79,2,1,0
BRDA:79,3,0,0
BRDA:79,3,1,0
BRDA:97,4,0,0
BRDA:97,4,1,0
BRDA:103,5,0,0
BRDA:103,5,1,0
BRF:11
BRH:0
end_of_record
TN:
SF:components\Editor\Panels\ElementPropertiesPanel.js
FN:4,ElementPropertiesPanel
FN:9,(anonymous_3)
FN:13,(anonymous_4)
FN:26,(anonymous_5)
FN:37,(anonymous_6)
FN:41,(anonymous_7)
FN:58,(anonymous_8)
FN:68,(anonymous_9)
FN:82,(anonymous_10)
FN:90,(anonymous_11)
FN:103,(anonymous_12)
FN:121,(anonymous_13)
FN:148,(anonymous_14)
FN:159,(anonymous_15)
FN:174,(anonymous_16)
FN:182,(anonymous_17)
FN:198,(anonymous_18)
FN:208,(anonymous_19)
FN:229,(anonymous_20)
FN:237,(anonymous_21)
FN:251,(anonymous_22)
FN:259,(anonymous_23)
FN:277,(anonymous_24)
FN:291,(anonymous_25)
FN:299,(anonymous_26)
FN:315,(anonymous_27)
FN:323,(anonymous_28)
FN:342,(anonymous_29)
FN:353,(anonymous_30)
FNF:29
FNH:0
FNDA:0,ElementPropertiesPanel
FNDA:0,(anonymous_3)
FNDA:0,(anonymous_4)
FNDA:0,(anonymous_5)
FNDA:0,(anonymous_6)
FNDA:0,(anonymous_7)
FNDA:0,(anonymous_8)
FNDA:0,(anonymous_9)
FNDA:0,(anonymous_10)
FNDA:0,(anonymous_11)
FNDA:0,(anonymous_12)
FNDA:0,(anonymous_13)
FNDA:0,(anonymous_14)
FNDA:0,(anonymous_15)
FNDA:0,(anonymous_16)
FNDA:0,(anonymous_17)
FNDA:0,(anonymous_18)
FNDA:0,(anonymous_19)
FNDA:0,(anonymous_20)
FNDA:0,(anonymous_21)
FNDA:0,(anonymous_22)
FNDA:0,(anonymous_23)
FNDA:0,(anonymous_24)
FNDA:0,(anonymous_25)
FNDA:0,(anonymous_26)
FNDA:0,(anonymous_27)
FNDA:0,(anonymous_28)
FNDA:0,(anonymous_29)
FNDA:0,(anonymous_30)
DA:1,0
DA:2,0
DA:4,0
DA:5,0
DA:7,0
DA:9,0
DA:10,0
DA:13,0
DA:14,0
DA:26,0
DA:38,0
DA:41,0
DA:58,0
DA:68,0
DA:82,0
DA:90,0
DA:103,0
DA:121,0
DA:148,0
DA:159,0
DA:174,0
DA:182,0
DA:198,0
DA:208,0
DA:229,0
DA:237,0
DA:251,0
DA:259,0
DA:277,0
DA:291,0
DA:299,0
DA:315,0
DA:323,0
DA:342,0
DA:353,0
LF:35
LH:0
BRDA:7,0,0,0
BRDA:7,0,1,0
BRDA:20,1,0,0
BRDA:20,1,1,0
BRDA:25,2,0,0
BRDA:25,2,1,0
BRDA:33,3,0,0
BRDA:40,4,0,0
BRDA:40,4,1,0
BRDA:57,5,0,0
BRDA:57,5,1,0
BRDA:67,6,0,0
BRDA:67,6,1,0
BRDA:81,7,0,0
BRDA:81,7,1,0
BRDA:89,8,0,0
BRDA:89,8,1,0
BRDA:102,9,0,0
BRDA:102,9,1,0
BRDA:120,10,0,0
BRDA:120,10,1,0
BRDA:138,11,0,0
BRDA:147,12,0,0
BRDA:147,12,1,0
BRDA:158,13,0,0
BRDA:158,13,1,0
BRDA:173,14,0,0
BRDA:173,14,1,0
BRDA:181,15,0,0
BRDA:181,15,1,0
BRDA:197,16,0,0
BRDA:197,16,1,0
BRDA:207,17,0,0
BRDA:207,17,1,0
BRDA:219,18,0,0
BRDA:228,19,0,0
BRDA:228,19,1,0
BRDA:236,20,0,0
BRDA:236,20,1,0
BRDA:250,21,0,0
BRDA:250,21,1,0
BRDA:258,22,0,0
BRDA:258,22,1,0
BRDA:270,23,0,0
BRDA:276,24,0,0
BRDA:276,24,1,0
BRDA:290,25,0,0
BRDA:290,25,1,0
BRDA:298,26,0,0
BRDA:298,26,1,0
BRDA:314,27,0,0
BRDA:314,27,1,0
BRDA:322,28,0,0
BRDA:322,28,1,0
BRDA:341,29,0,0
BRDA:341,29,1,0
BRDA:343,30,0,0
BRDA:343,30,1,0
BRDA:352,31,0,0
BRDA:352,31,1,0
BRDA:354,32,0,0
BRDA:354,32,1,0
BRF:62
BRH:0
end_of_record
TN:
SF:components\Editor\Panels\LayersPanel.js
FN:13,LayersPanel
FN:17,(anonymous_3)
FN:20,(anonymous_4)
FN:39,(anonymous_5)
FN:62,(anonymous_6)
FN:67,(anonymous_7)
FN:71,(anonymous_8)
FN:93,(anonymous_9)
FN:102,(anonymous_10)
FN:116,(anonymous_11)
FN:127,(anonymous_12)
FN:141,(anonymous_13)
FN:155,(anonymous_14)
FNF:13
FNH:0
FNDA:0,LayersPanel
FNDA:0,(anonymous_3)
FNDA:0,(anonymous_4)
FNDA:0,(anonymous_5)
FNDA:0,(anonymous_6)
FNDA:0,(anonymous_7)
FNDA:0,(anonymous_8)
FNDA:0,(anonymous_9)
FNDA:0,(anonymous_10)
FNDA:0,(anonymous_11)
FNDA:0,(anonymous_12)
FNDA:0,(anonymous_13)
FNDA:0,(anonymous_14)
DA:1,0
DA:11,0
DA:13,0
DA:14,0
DA:16,0
DA:17,0
DA:18,0
DA:20,0
DA:21,0
DA:36,0
DA:39,0
DA:40,0
DA:41,0
DA:42,0
DA:44,0
DA:59,0
DA:62,0
DA:63,0
DA:64,0
DA:67,0
DA:68,0
DA:71,0
DA:72,0
DA:76,0
DA:94,0
DA:95,0
DA:96,0
DA:98,0
DA:102,0
DA:117,0
DA:118,0
DA:128,0
DA:129,0
DA:130,0
DA:142,0
DA:143,0
DA:144,0
DA:156,0
DA:157,0
LF:39
LH:0
BRDA:36,0,0,0
BRDA:36,0,1,0
BRDA:40,1,0,0
BRDA:40,1,1,0
BRDA:42,2,0,0
BRDA:42,2,1,0
BRDA:59,3,0,0
BRDA:59,3,1,0
BRDA:86,4,0,0
BRDA:95,5,0,0
BRDA:95,5,1,0
BRDA:101,6,0,0
BRDA:101,6,1,0
BRDA:101,7,0,0
BRDA:101,7,1,0
BRDA:120,8,0,0
BRDA:120,8,1,0
BRDA:122,9,0,0
BRDA:122,9,1,0
BRDA:129,10,0,0
BRDA:129,10,1,0
BRDA:143,11,0,0
BRDA:143,11,1,0
BRF:23
BRH:0
end_of_record
TN:
SF:components\Editor\Panels\MultiSelectPanel.js
FN:4,MultiSelectPanel
FN:9,(anonymous_3)
FN:10,(anonymous_4)
FN:15,(anonymous_5)
FN:20,(anonymous_6)
FN:46,(anonymous_7)
FNF:6
FNH:0
FNDA:0,MultiSelectPanel
FNDA:0,(anonymous_3)
FNDA:0,(anonymous_4)
FNDA:0,(anonymous_5)
FNDA:0,(anonymous_6)
FNDA:0,(anonymous_7)
DA:1,0
DA:2,0
DA:4,0
DA:5,0
DA:7,0
DA:9,0
DA:10,0
DA:11,0
DA:15,0
DA:16,0
DA:20,0
DA:21,0
DA:22,0
DA:25,0
DA:47,0
LF:15
LH:0
BRDA:7,0,0,0
BRDA:7,0,1,0
BRDA:7,1,0,0
BRDA:7,1,1,0
BRDA:21,2,0,0
BRDA:21,2,1,0
BRDA:49,3,0,0
BRDA:49,3,1,0
BRF:8
BRH:0
end_of_record
TN:
SF:components\Editor\Panels\PagePropertiesPanel.js
FN:4,PagePropertiesPanel
FN:10,(anonymous_3)
FN:21,(anonymous_4)
FN:32,(anonymous_5)
FN:38,(anonymous_6)
FN:49,(anonymous_7)
FN:69,(anonymous_8)
FN:79,(anonymous_9)
FN:94,(anonymous_10)
FN:103,(anonymous_11)
FN:112,(anonymous_12)
FN:124,(anonymous_13)
FNF:12
FNH:0
FNDA:0,PagePropertiesPanel
FNDA:0,(anonymous_3)
FNDA:0,(anonymous_4)
FNDA:0,(anonymous_5)
FNDA:0,(anonymous_6)
FNDA:0,(anonymous_7)
FNDA:0,(anonymous_8)
FNDA:0,(anonymous_9)
FNDA:0,(anonymous_10)
FNDA:0,(anonymous_11)
FNDA:0,(anonymous_12)
FNDA:0,(anonymous_13)
DA:1,0
DA:2,0
DA:4,0
DA:5,0
DA:6,0
DA:8,0
DA:10,0
DA:11,0
DA:21,0
DA:32,0
DA:38,0
DA:50,0
DA:51,0
DA:52,0
DA:69,0
DA:79,0
DA:94,0
DA:103,0
DA:112,0
DA:124,0
LF:20
LH:0
BRDA:8,0,0,0
BRDA:8,0,1,0
BRDA:20,1,0,0
BRDA:20,1,1,0
BRDA:31,2,0,0
BRDA:31,2,1,0
BRDA:37,3,0,0
BRDA:37,3,1,0
BRDA:68,4,0,0
BRDA:68,4,1,0
BRDA:78,5,0,0
BRDA:78,5,1,0
BRDA:93,6,0,0
BRDA:93,6,1,0
BRDA:102,7,0,0
BRDA:102,7,1,0
BRDA:111,8,0,0
BRDA:111,8,1,0
BRDA:118,9,0,0
BRDA:123,10,0,0
BRDA:123,10,1,0
BRF:21
BRH:0
end_of_record
TN:
SF:components\Editor\Panels\PhotosPanel.js
FN:5,PhotosPanel
FN:19,(anonymous_3)
FN:28,(anonymous_4)
FN:41,(anonymous_5)
FN:66,(anonymous_6)
FN:70,(anonymous_7)
FNF:6
FNH:0
FNDA:0,PhotosPanel
FNDA:0,(anonymous_3)
FNDA:0,(anonymous_4)
FNDA:0,(anonymous_5)
FNDA:0,(anonymous_6)
FNDA:0,(anonymous_7)
DA:1,0
DA:2,0
DA:3,0
DA:5,0
DA:6,0
DA:7,0
DA:10,0
DA:19,0
DA:20,0
DA:28,0
DA:29,0
DA:30,0
DA:41,0
DA:67,0
DA:70,0
LF:15
LH:0
BRF:0
BRH:0
end_of_record
TN:
SF:components\Editor\Panels\TemplatesPanel.js
FN:4,TemplatesPanel
FN:66,(anonymous_3)
FN:86,(anonymous_4)
FN:90,(anonymous_5)
FNF:4
FNH:0
FNDA:0,TemplatesPanel
FNDA:0,(anonymous_3)
FNDA:0,(anonymous_4)
FNDA:0,(anonymous_5)
DA:1,0
DA:2,0
DA:4,0
DA:5,0
DA:7,0
DA:66,0
DA:67,0
DA:69,0
DA:71,0
DA:87,0
DA:90,0
LF:11
LH:0
BRDA:67,0,0,0
BRDA:67,0,1,0
BRF:2
BRH:0
end_of_record
TN:
SF:components\Editor\Panels\TextPanel.js
FN:4,TextPanel
FN:152,(anonymous_3)
FN:156,(anonymous_4)
FN:170,(anonymous_5)
FN:174,(anonymous_6)
FNF:5
FNH:0
FNDA:0,TextPanel
FNDA:0,(anonymous_3)
FNDA:0,(anonymous_4)
FNDA:0,(anonymous_5)
FNDA:0,(anonymous_6)
DA:1,0
DA:2,0
DA:4,0
DA:5,0
DA:7,0
DA:58,0
DA:153,0
DA:156,0
DA:171,0
DA:174,0
LF:10
LH:0
BRDA:179,0,0,0
BRDA:179,0,1,0
BRF:2
BRH:0
end_of_record
TN:
SF:components\Editor\Panels\UploadsPanel.js
FN:1,UploadsPanel
FNF:1
FNH:0
FNDA:0,UploadsPanel
DA:1,0
LF:1
LH:0
BRF:0
BRH:0
end_of_record
TN:
SF:components\InlineEditableResume\index.js
FN:5,InlineEdit
FN:10,(anonymous_2)
FN:14,(anonymous_3)
FN:23,(anonymous_4)
FN:30,(anonymous_5)
FN:46,(anonymous_6)
FN:58,(anonymous_7)
FN:69,(anonymous_8)
FN:78,InlineEditableResume
FN:90,(anonymous_10)
FN:98,(anonymous_11)
FN:106,(anonymous_12)
FN:114,(anonymous_13)
FN:122,(anonymous_14)
FN:130,(anonymous_15)
FN:139,(anonymous_16)
FN:147,(anonymous_17)
FN:155,(anonymous_18)
FN:163,(anonymous_19)
FN:171,(anonymous_20)
FN:179,(anonymous_21)
FN:185,(anonymous_22)
FN:189,(anonymous_23)
FN:197,(anonymous_24)
FN:205,(anonymous_25)
FN:213,(anonymous_26)
FN:220,(anonymous_27)
FN:224,(anonymous_28)
FN:232,(anonymous_29)
FN:240,(anonymous_30)
FN:246,(anonymous_31)
FN:250,(anonymous_32)
FNF:32
FNH:0
FNDA:0,InlineEdit
FNDA:0,(anonymous_2)
FNDA:0,(anonymous_3)
FNDA:0,(anonymous_4)
FNDA:0,(anonymous_5)
FNDA:0,(anonymous_6)
FNDA:0,(anonymous_7)
FNDA:0,(anonymous_8)
FNDA:0,InlineEditableResume
FNDA:0,(anonymous_10)
FNDA:0,(anonymous_11)
FNDA:0,(anonymous_12)
FNDA:0,(anonymous_13)
FNDA:0,(anonymous_14)
FNDA:0,(anonymous_15)
FNDA:0,(anonymous_16)
FNDA:0,(anonymous_17)
FNDA:0,(anonymous_18)
FNDA:0,(anonymous_19)
FNDA:0,(anonymous_20)
FNDA:0,(anonymous_21)
FNDA:0,(anonymous_22)
FNDA:0,(anonymous_23)
FNDA:0,(anonymous_24)
FNDA:0,(anonymous_25)
FNDA:0,(anonymous_26)
FNDA:0,(anonymous_27)
FNDA:0,(anonymous_28)
FNDA:0,(anonymous_29)
FNDA:0,(anonymous_30)
FNDA:0,(anonymous_31)
FNDA:0,(anonymous_32)
DA:1,0
DA:2,0
DA:6,0
DA:7,0
DA:8,0
DA:10,0
DA:11,0
DA:14,0
DA:15,0
DA:16,0
DA:17,0
DA:18,0
DA:23,0
DA:24,0
DA:25,0
DA:26,0
DA:30,0
DA:31,0
DA:32,0
DA:33,0
DA:35,0
DA:36,0
DA:37,0
DA:41,0
DA:46,0
DA:58,0
DA:69,0
DA:78,0
DA:79,0
DA:80,0
DA:83,0
DA:90,0
DA:98,0
DA:106,0
DA:114,0
DA:122,0
DA:130,0
DA:139,0
DA:147,0
DA:155,0
DA:163,0
DA:171,0
DA:179,0
DA:185,0
DA:189,0
DA:197,0
DA:205,0
DA:213,0
DA:220,0
DA:224,0
DA:232,0
DA:240,0
DA:247,0
DA:250,0
LF:54
LH:0
BRDA:5,0,0,0
BRDA:5,1,0,0
BRDA:15,2,0,0
BRDA:15,2,1,0
BRDA:15,3,0,0
BRDA:15,3,1,0
BRDA:17,4,0,0
BRDA:17,4,1,0
BRDA:25,5,0,0
BRDA:25,5,1,0
BRDA:31,6,0,0
BRDA:31,6,1,0
BRDA:31,7,0,0
BRDA:31,7,1,0
BRDA:35,8,0,0
BRDA:35,8,1,0
BRDA:41,9,0,0
BRDA:41,9,1,0
BRDA:43,10,0,0
BRDA:70,11,0,0
BRDA:70,11,1,0
BRDA:73,12,0,0
BRDA:73,12,1,0
BRDA:78,13,0,0
BRDA:78,14,0,0
BRDA:86,15,0,0
BRDA:86,15,1,0
BRDA:246,16,0,0
BRDA:246,16,1,0
BRDA:255,17,0,0
BRDA:255,17,1,0
BRDA:256,18,0,0
BRDA:256,18,1,0
BRDA:260,19,0,0
BRDA:260,19,1,0
BRDA:263,20,0,0
BRDA:263,20,1,0
BRF:37
BRH:0
end_of_record
TN:
SF:components\ResumePreview\ResumePreview.js
FN:3,ResumePreview
FN:30,(anonymous_3)
FN:55,(anonymous_4)
FN:80,(anonymous_5)
FNF:4
FNH:0
FNDA:0,ResumePreview
FNDA:0,(anonymous_3)
FNDA:0,(anonymous_4)
FNDA:0,(anonymous_5)
DA:1,0
DA:3,0
DA:4,0
DA:31,0
DA:56,0
DA:81,0
LF:6
LH:0
BRDA:3,0,0,0
BRDA:4,1,0,0
BRDA:4,1,1,0
BRDA:10,2,0,0
BRDA:10,2,1,0
BRDA:12,3,0,0
BRDA:13,4,0,0
BRDA:14,5,0,0
BRDA:19,6,0,0
BRDA:27,7,0,0
BRDA:27,7,1,0
BRDA:34,8,0,0
BRDA:34,8,1,0
BRDA:35,9,0,0
BRDA:35,9,1,0
BRDA:38,10,0,0
BRDA:39,11,0,0
BRDA:39,11,1,0
BRDA:40,12,0,0
BRDA:43,13,0,0
BRDA:52,14,0,0
BRDA:52,14,1,0
BRDA:60,15,0,0
BRDA:60,15,1,0
BRDA:60,16,0,0
BRDA:60,16,1,0
BRDA:62,17,0,0
BRDA:62,17,1,0
BRDA:65,18,0,0
BRDA:66,19,0,0
BRDA:66,19,1,0
BRDA:67,20,0,0
BRDA:76,21,0,0
BRDA:76,21,1,0
BRDA:82,22,0,0
BRDA:82,22,1,0
BRDA:83,23,0,0
BRDA:83,23,1,0
BRF:38
BRH:0
end_of_record
TN:
SF:components\ResumePreview\index.js
FN:3,ResumePreview
FNF:1
FNH:0
FNDA:0,ResumePreview
DA:1,0
DA:3,0
DA:4,0
DA:5,0
DA:8,0
DA:9,0
DA:11,0
LF:7
LH:0
BRDA:3,0,0,0
BRDA:3,1,0,0
BRDA:3,2,0,0
BRDA:11,3,0,0
BRDA:11,3,1,0
BRDA:23,4,0,0
BRDA:23,4,1,0
BRDA:23,5,0,0
BRDA:23,5,1,0
BRF:9
BRH:0
end_of_record
TN:
SF:components\templates\CanvasTemplate.js
FN:4,CanvasTemplate
FN:19,(anonymous_3)
FN:28,(anonymous_4)
FN:153,(anonymous_5)
FN:190,(anonymous_6)
FN:246,(anonymous_7)
FNF:6
FNH:0
FNDA:0,CanvasTemplate
FNDA:0,(anonymous_3)
FNDA:0,(anonymous_4)
FNDA:0,(anonymous_5)
FNDA:0,(anonymous_6)
FNDA:0,(anonymous_7)
DA:1,0
DA:2,0
DA:4,0
DA:13,0
DA:16,0
DA:19,0
DA:20,0
DA:21,0
DA:25,0
DA:28,0
DA:29,0
DA:154,0
DA:191,0
DA:247,0
LF:14
LH:0
BRDA:11,0,0,0
BRDA:16,1,0,0
BRDA:16,1,1,0
BRDA:20,2,0,0
BRDA:20,2,1,0
BRDA:25,3,0,0
BRDA:25,3,1,0
BRDA:28,4,0,0
BRDA:28,5,0,0
BRDA:29,6,0,0
BRDA:29,6,1,0
BRDA:36,7,0,0
BRDA:36,7,1,0
BRDA:50,8,0,0
BRDA:50,8,1,0
BRDA:51,9,0,0
BRDA:51,9,1,0
BRDA:52,10,0,0
BRDA:52,10,1,0
BRDA:53,11,0,0
BRDA:53,11,1,0
BRDA:54,12,0,0
BRDA:54,12,1,0
BRDA:55,13,0,0
BRDA:55,13,1,0
BRDA:60,14,0,0
BRDA:60,14,1,0
BRDA:62,15,0,0
BRDA:62,15,1,0
BRDA:67,16,0,0
BRDA:67,16,1,0
BRDA:71,17,0,0
BRDA:74,18,0,0
BRDA:74,18,1,0
BRDA:77,19,0,0
BRDA:77,19,1,0
BRDA:88,20,0,0
BRDA:101,21,0,0
BRDA:114,22,0,0
BRDA:128,23,0,0
BRDA:138,24,0,0
BRDA:138,24,1,0
BRDA:139,25,0,0
BRDA:139,25,1,0
BRDA:140,26,0,0
BRDA:140,26,1,0
BRDA:141,27,0,0
BRDA:141,27,1,0
BRDA:145,28,0,0
BRDA:145,28,1,0
BRDA:167,29,0,0
BRDA:169,30,0,0
BRDA:169,30,1,0
BRDA:170,31,0,0
BRDA:170,31,1,0
BRDA:171,32,0,0
BRDA:171,32,1,0
BRDA:172,33,0,0
BRDA:172,33,1,0
BRDA:176,34,0,0
BRDA:176,34,1,0
BRDA:184,35,0,0
BRDA:195,36,0,0
BRDA:195,36,1,0
BRDA:204,37,0,0
BRDA:206,38,0,0
BRDA:206,38,1,0
BRDA:207,39,0,0
BRDA:207,39,1,0
BRDA:208,40,0,0
BRDA:208,40,1,0
BRDA:209,41,0,0
BRDA:209,41,1,0
BRDA:213,42,0,0
BRDA:213,42,1,0
BRDA:226,43,0,0
BRDA:236,44,0,0
BRDA:236,44,1,0
BRDA:237,45,0,0
BRDA:237,45,1,0
BRDA:238,46,0,0
BRDA:238,46,1,0
BRDA:239,47,0,0
BRDA:239,47,1,0
BRDA:243,48,0,0
BRDA:243,48,1,0
BRDA:262,49,0,0
BRDA:262,49,1,0
BRF:88
BRH:0
end_of_record
TN:
SF:components\templates\DynamicTemplate.js
FN:3,DynamicTemplate
FN:21,(anonymous_2)
FN:31,(anonymous_3)
FN:31,(anonymous_4)
FN:37,(anonymous_5)
FN:42,(anonymous_6)
FN:42,(anonymous_7)
FN:50,(anonymous_8)
FN:50,(anonymous_9)
FN:71,(anonymous_10)
FN:108,(anonymous_11)
FN:125,(anonymous_12)
FN:141,(anonymous_13)
FN:146,(anonymous_14)
FN:161,(anonymous_15)
FN:187,(anonymous_16)
FN:243,(anonymous_17)
FN:260,(anonymous_18)
FN:265,(anonymous_19)
FNF:19
FNH:0
FNDA:0,DynamicTemplate
FNDA:0,(anonymous_2)
FNDA:0,(anonymous_3)
FNDA:0,(anonymous_4)
FNDA:0,(anonymous_5)
FNDA:0,(anonymous_6)
FNDA:0,(anonymous_7)
FNDA:0,(anonymous_8)
FNDA:0,(anonymous_9)
FNDA:0,(anonymous_10)
FNDA:0,(anonymous_11)
FNDA:0,(anonymous_12)
FNDA:0,(anonymous_13)
FNDA:0,(anonymous_14)
FNDA:0,(anonymous_15)
FNDA:0,(anonymous_16)
FNDA:0,(anonymous_17)
FNDA:0,(anonymous_18)
FNDA:0,(anonymous_19)
DA:1,0
DA:3,0
DA:11,0
DA:12,0
DA:15,0
DA:21,0
DA:22,0
DA:24,0
DA:25,0
DA:27,0
DA:31,0
DA:32,0
DA:33,0
DA:34,0
DA:37,0
DA:38,0
DA:39,0
DA:42,0
DA:43,0
DA:44,0
DA:45,0
DA:46,0
DA:50,0
DA:51,0
DA:52,0
DA:54,0
DA:55,0
DA:56,0
DA:57,0
DA:59,0
DA:60,0
DA:61,0
DA:62,0
DA:66,0
DA:67,0
DA:71,0
DA:72,0
DA:74,0
DA:87,0
DA:95,0
DA:97,0
DA:105,0
DA:109,0
DA:122,0
DA:126,0
DA:138,0
DA:142,0
DA:147,0
DA:157,0
DA:162,0
DA:176,0
DA:184,0
DA:188,0
DA:199,0
DA:203,0
DA:244,0
DA:261,0
DA:262,0
DA:266,0
DA:267,0
LF:60
LH:0
BRDA:9,0,0,0
BRDA:15,1,0,0
BRDA:15,1,1,0
BRDA:22,2,0,0
BRDA:22,2,1,0
BRDA:24,3,0,0
BRDA:24,3,1,0
BRDA:25,4,0,0
BRDA:25,4,1,0
BRDA:32,5,0,0
BRDA:32,5,1,0
BRDA:32,6,0,0
BRDA:32,6,1,0
BRDA:43,7,0,0
BRDA:43,7,1,0
BRDA:43,8,0,0
BRDA:43,8,1,0
BRDA:43,8,2,0
BRDA:45,9,0,0
BRDA:45,9,1,0
BRDA:51,10,0,0
BRDA:51,10,1,0
BRDA:51,11,0,0
BRDA:51,11,1,0
BRDA:51,11,2,0
BRDA:54,12,0,0
BRDA:54,12,1,0
BRDA:54,13,0,0
BRDA:54,13,1,0
BRDA:59,14,0,0
BRDA:59,14,1,0
BRDA:59,15,0,0
BRDA:59,15,1,0
BRDA:72,16,0,0
BRDA:72,16,1,0
BRDA:75,17,0,0
BRDA:75,17,1,0
BRDA:77,18,0,0
BRDA:77,18,1,0
BRDA:79,19,0,0
BRDA:79,19,1,0
BRDA:80,20,0,0
BRDA:80,20,1,0
BRDA:80,21,0,0
BRDA:80,21,1,0
BRDA:81,22,0,0
BRDA:81,22,1,0
BRDA:82,23,0,0
BRDA:82,23,1,0
BRDA:83,24,0,0
BRDA:83,24,1,0
BRDA:88,25,0,0
BRDA:88,25,1,0
BRDA:89,26,0,0
BRDA:89,26,1,0
BRDA:90,27,0,0
BRDA:90,27,1,0
BRDA:91,28,0,0
BRDA:91,28,1,0
BRDA:95,29,0,0
BRDA:95,29,1,0
BRDA:95,29,2,0
BRDA:95,29,3,0
BRDA:95,29,4,0
BRDA:95,29,5,0
BRDA:95,29,6,0
BRDA:95,29,7,0
BRDA:97,30,0,0
BRDA:97,30,1,0
BRDA:99,31,0,0
BRDA:99,31,1,0
BRDA:105,32,0,0
BRDA:105,32,1,0
BRDA:107,33,0,0
BRDA:107,33,1,0
BRDA:115,34,0,0
BRDA:122,35,0,0
BRDA:122,35,1,0
BRDA:124,36,0,0
BRDA:124,36,1,0
BRDA:138,37,0,0
BRDA:138,37,1,0
BRDA:140,38,0,0
BRDA:140,38,1,0
BRDA:144,39,0,0
BRDA:157,40,0,0
BRDA:157,40,1,0
BRDA:159,41,0,0
BRDA:159,41,1,0
BRDA:176,42,0,0
BRDA:176,42,1,0
BRDA:178,43,0,0
BRDA:178,43,1,0
BRDA:184,44,0,0
BRDA:184,44,1,0
BRDA:186,45,0,0
BRDA:186,45,1,0
BRDA:203,46,0,0
BRDA:203,46,1,0
BRDA:207,47,0,0
BRDA:207,47,1,0
BRDA:208,48,0,0
BRDA:208,48,1,0
BRDA:209,49,0,0
BRDA:209,49,1,0
BRDA:210,50,0,0
BRDA:210,50,1,0
BRDA:211,51,0,0
BRDA:211,51,1,0
BRDA:212,52,0,0
BRDA:212,52,1,0
BRDA:219,53,0,0
BRDA:219,53,1,0
BRDA:221,54,0,0
BRDA:221,54,1,0
BRDA:223,55,0,0
BRDA:223,55,1,0
BRDA:225,56,0,0
BRDA:227,57,0,0
BRDA:227,57,1,0
BRDA:230,58,0,0
BRDA:230,58,1,0
BRDA:236,59,0,0
BRDA:237,60,0,0
BRDA:238,61,0,0
BRDA:246,62,0,0
BRDA:246,62,1,0
BRDA:252,63,0,0
BRDA:252,63,1,0
BRDA:252,64,0,0
BRDA:252,64,1,0
BRDA:253,65,0,0
BRDA:253,65,1,0
BRDA:254,66,0,0
BRDA:254,66,1,0
BRDA:255,67,0,0
BRDA:255,67,1,0
BRDA:257,68,0,0
BRDA:257,68,1,0
BRDA:257,69,0,0
BRDA:257,69,1,0
BRDA:261,70,0,0
BRDA:261,70,1,0
BRDA:261,71,0,0
BRDA:261,71,1,0
BRDA:266,72,0,0
BRDA:266,72,1,0
BRDA:266,73,0,0
BRDA:266,73,1,0
BRF:149
BRH:0
end_of_record
TN:
SF:components\templates\index.js
FN:34,getTemplate
FN:39,getTemplateIds
FN:44,getTemplateMetadata
FNF:3
FNH:0
FNDA:0,getTemplate
FNDA:0,getTemplateIds
FNDA:0,getTemplateMetadata
DA:1,0
DA:2,0
DA:3,0
DA:6,0
DA:34,0
DA:35,0
DA:39,0
DA:40,0
DA:44,0
DA:45,0
DA:46,0
DA:48,0
DA:57,0
LF:13
LH:0
BRDA:35,0,0,0
BRDA:35,0,1,0
BRDA:46,1,0,0
BRDA:46,1,1,0
BRF:4
BRH:0
end_of_record
TN:
SF:components\templates\ClassicTemplate\index.js
FN:3,ClassicTemplate
FN:18,(anonymous_2)
FN:26,(anonymous_3)
FN:26,(anonymous_4)
FN:30,(anonymous_5)
FN:40,(anonymous_6)
FN:52,(anonymous_7)
FN:52,(anonymous_8)
FN:59,(anonymous_9)
FN:70,(anonymous_10)
FN:70,(anonymous_11)
FN:80,(anonymous_12)
FN:80,(anonymous_13)
FN:109,(anonymous_14)
FN:139,(anonymous_15)
FN:157,(anonymous_16)
FN:162,(anonymous_17)
FN:245,(anonymous_18)
FN:294,(anonymous_19)
FN:346,(anonymous_20)
FN:359,(anonymous_21)
FN:374,(anonymous_22)
FN:384,(anonymous_23)
FN:408,(anonymous_24)
FN:422,(anonymous_25)
FN:436,(anonymous_26)
FN:446,(anonymous_27)
FN:463,(anonymous_28)
FN:477,(anonymous_29)
FN:491,(anonymous_30)
FN:499,(anonymous_31)
FN:503,(anonymous_32)
FN:532,(anonymous_33)
FN:546,(anonymous_34)
FN:560,(anonymous_35)
FN:568,(anonymous_36)
FN:572,(anonymous_37)
FN:598,(anonymous_38)
FN:612,(anonymous_39)
FN:626,(anonymous_40)
FN:634,(anonymous_41)
FN:638,(anonymous_42)
FN:656,(anonymous_43)
FN:670,(anonymous_44)
FN:684,(anonymous_45)
FN:698,(anonymous_46)
FN:708,(anonymous_47)
FN:715,(anonymous_48)
FN:726,(anonymous_49)
FN:740,(anonymous_50)
FN:754,(anonymous_51)
FN:764,(anonymous_52)
FN:780,(anonymous_53)
FN:794,(anonymous_54)
FN:808,(anonymous_55)
FN:817,(anonymous_56)
FN:821,(anonymous_57)
FN:842,(anonymous_58)
FN:847,(anonymous_59)
FN:861,(anonymous_60)
FN:875,(anonymous_61)
FN:887,(anonymous_62)
FN:901,(anonymous_63)
FN:905,(anonymous_64)
FNF:64
FNH:12
FNDA:6,ClassicTemplate
FNDA:0,(anonymous_2)
FNDA:120,(anonymous_3)
FNDA:0,(anonymous_4)
FNDA:0,(anonymous_5)
FNDA:0,(anonymous_6)
FNDA:60,(anonymous_7)
FNDA:0,(anonymous_8)
FNDA:0,(anonymous_9)
FNDA:60,(anonymous_10)
FNDA:0,(anonymous_11)
FNDA:60,(anonymous_12)
FNDA:0,(anonymous_13)
FNDA:60,(anonymous_14)
FNDA:0,(anonymous_15)
FNDA:42,(anonymous_16)
FNDA:20,(anonymous_17)
FNDA:0,(anonymous_18)
FNDA:0,(anonymous_19)
FNDA:0,(anonymous_20)
FNDA:0,(anonymous_21)
FNDA:0,(anonymous_22)
FNDA:10,(anonymous_23)
FNDA:0,(anonymous_24)
FNDA:0,(anonymous_25)
FNDA:0,(anonymous_26)
FNDA:0,(anonymous_27)
FNDA:0,(anonymous_28)
FNDA:0,(anonymous_29)
FNDA:0,(anonymous_30)
FNDA:5,(anonymous_31)
FNDA:0,(anonymous_32)
FNDA:0,(anonymous_33)
FNDA:0,(anonymous_34)
FNDA:0,(anonymous_35)
FNDA:5,(anonymous_36)
FNDA:0,(anonymous_37)
FNDA:0,(anonymous_38)
FNDA:0,(anonymous_39)
FNDA:0,(anonymous_40)
FNDA:0,(anonymous_41)
FNDA:0,(anonymous_42)
FNDA:0,(anonymous_43)
FNDA:0,(anonymous_44)
FNDA:0,(anonymous_45)
FNDA:0,(anonymous_46)
FNDA:0,(anonymous_47)
FNDA:15,(anonymous_48)
FNDA:0,(anonymous_49)
FNDA:0,(anonymous_50)
FNDA:0,(anonymous_51)
FNDA:0,(anonymous_52)
FNDA:0,(anonymous_53)
FNDA:0,(anonymous_54)
FNDA:0,(anonymous_55)
FNDA:0,(anonymous_56)
FNDA:0,(anonymous_57)
FNDA:0,(anonymous_58)
FNDA:0,(anonymous_59)
FNDA:0,(anonymous_60)
FNDA:0,(anonymous_61)
FNDA:0,(anonymous_62)
FNDA:0,(anonymous_63)
FNDA:0,(anonymous_64)
DA:1,1
DA:3,6
DA:4,6
DA:5,6
DA:6,6
DA:7,6
DA:9,6
DA:18,6
DA:19,0
DA:20,0
DA:21,0
DA:26,120
DA:27,0
DA:29,0
DA:30,0
DA:31,0
DA:32,0
DA:34,0
DA:35,0
DA:40,6
DA:41,0
DA:42,0
DA:45,0
DA:46,0
DA:47,0
DA:52,60
DA:53,0
DA:54,0
DA:55,0
DA:56,0
DA:59,6
DA:60,0
DA:61,0
DA:62,0
DA:64,0
DA:65,0
DA:66,0
DA:70,60
DA:71,0
DA:72,0
DA:73,0
DA:74,0
DA:75,0
DA:76,0
DA:80,60
DA:81,0
DA:82,0
DA:83,0
DA:85,0
DA:86,0
DA:91,0
DA:92,0
DA:93,0
DA:95,0
DA:96,0
DA:97,0
DA:99,0
DA:103,0
DA:104,0
DA:105,0
DA:109,60
DA:133,6
DA:139,6
DA:141,0
DA:152,0
DA:153,0
DA:157,6
DA:158,42
DA:162,6
DA:163,20
DA:166,20
DA:167,0
DA:171,20
DA:175,6
DA:176,6
DA:177,6
DA:178,6
DA:179,6
DA:180,6
DA:181,6
DA:182,6
DA:183,6
DA:184,6
DA:185,6
DA:186,6
DA:187,6
DA:188,6
DA:189,6
DA:190,6
DA:191,6
DA:192,6
DA:193,6
DA:196,6
DA:197,6
DA:198,6
DA:199,6
DA:200,6
DA:201,6
DA:202,6
DA:203,6
DA:204,6
DA:205,6
DA:206,6
DA:207,6
DA:208,6
DA:209,6
DA:210,6
DA:211,6
DA:212,6
DA:213,6
DA:214,6
DA:215,6
DA:216,6
DA:217,6
DA:220,6
DA:229,6
DA:245,6
DA:246,0
DA:248,0
DA:280,0
DA:294,6
DA:295,0
DA:300,0
DA:346,0
DA:359,0
DA:374,0
DA:385,10
DA:409,0
DA:410,0
DA:422,0
DA:436,0
DA:446,0
DA:464,0
DA:465,0
DA:477,0
DA:491,0
DA:500,5
DA:503,0
DA:533,0
DA:534,0
DA:546,0
DA:560,0
DA:569,5
DA:572,0
DA:599,0
DA:600,0
DA:612,0
DA:626,0
DA:635,0
DA:638,0
DA:657,0
DA:671,0
DA:672,0
DA:684,0
DA:698,0
DA:708,0
DA:716,15
DA:727,0
DA:728,0
DA:740,0
DA:754,0
DA:764,0
DA:781,0
DA:782,0
DA:794,0
DA:808,0
DA:818,0
DA:821,0
DA:843,0
DA:848,0
DA:849,0
DA:861,0
DA:875,0
DA:887,0
DA:902,0
DA:905,0
LF:176
LH:72
BRDA:10,0,0,6
BRDA:10,0,1,5
BRDA:11,1,0,6
BRDA:11,1,1,5
BRDA:12,2,0,6
BRDA:12,2,1,0
BRDA:13,3,0,6
BRDA:13,3,1,0
BRDA:14,4,0,6
BRDA:14,4,1,0
BRDA:19,5,0,0
BRDA:19,5,1,0
BRDA:27,6,0,0
BRDA:27,6,1,0
BRDA:34,7,0,0
BRDA:34,7,1,0
BRDA:41,8,0,0
BRDA:41,8,1,0
BRDA:46,9,0,0
BRDA:46,9,1,0
BRDA:53,10,0,0
BRDA:53,10,1,0
BRDA:53,11,0,0
BRDA:53,11,1,0
BRDA:65,12,0,0
BRDA:65,12,1,0
BRDA:71,13,0,0
BRDA:71,13,1,0
BRDA:71,14,0,0
BRDA:71,14,1,0
BRDA:72,15,0,0
BRDA:72,15,1,0
BRDA:75,16,0,0
BRDA:75,16,1,0
BRDA:81,17,0,0
BRDA:81,17,1,0
BRDA:81,18,0,0
BRDA:81,18,1,0
BRDA:82,19,0,0
BRDA:82,19,1,0
BRDA:85,20,0,0
BRDA:85,20,1,0
BRDA:85,21,0,0
BRDA:85,21,1,0
BRDA:86,22,0,0
BRDA:86,22,1,0
BRDA:95,23,0,0
BRDA:95,23,1,0
BRDA:95,24,0,0
BRDA:95,24,1,0
BRDA:110,25,0,60
BRDA:110,25,1,60
BRDA:120,26,0,0
BRDA:120,26,1,60
BRDA:120,27,0,0
BRDA:120,27,1,60
BRDA:122,28,0,0
BRDA:122,28,1,60
BRDA:122,29,0,60
BRDA:122,29,1,60
BRDA:123,30,0,60
BRDA:123,30,1,60
BRDA:124,31,0,60
BRDA:124,31,1,60
BRDA:125,32,0,60
BRDA:125,32,1,60
BRDA:126,33,0,60
BRDA:126,33,1,60
BRDA:127,34,0,60
BRDA:127,34,1,60
BRDA:128,35,0,60
BRDA:128,35,1,60
BRDA:133,36,0,6
BRDA:133,36,1,6
BRDA:153,37,0,0
BRDA:153,37,1,0
BRDA:163,38,0,20
BRDA:163,38,1,20
BRDA:166,39,0,0
BRDA:166,39,1,20
BRDA:166,40,0,20
BRDA:166,40,1,20
BRDA:166,40,2,0
BRDA:166,40,3,0
BRDA:175,41,0,6
BRDA:175,41,1,1
BRDA:176,42,0,6
BRDA:176,42,1,5
BRDA:177,43,0,6
BRDA:177,43,1,6
BRDA:178,44,0,6
BRDA:178,44,1,6
BRDA:179,45,0,6
BRDA:179,45,1,6
BRDA:180,46,0,6
BRDA:180,46,1,5
BRDA:181,47,0,6
BRDA:181,47,1,6
BRDA:182,48,0,6
BRDA:182,48,1,6
BRDA:183,49,0,6
BRDA:183,49,1,6
BRDA:184,50,0,6
BRDA:184,50,1,6
BRDA:185,51,0,6
BRDA:185,51,1,6
BRDA:186,52,0,6
BRDA:186,52,1,6
BRDA:187,53,0,6
BRDA:187,53,1,6
BRDA:188,54,0,6
BRDA:188,54,1,6
BRDA:189,55,0,6
BRDA:189,55,1,6
BRDA:190,56,0,6
BRDA:190,56,1,6
BRDA:192,57,0,6
BRDA:192,57,1,6
BRDA:193,58,0,6
BRDA:193,58,1,6
BRDA:196,59,0,6
BRDA:196,59,1,6
BRDA:197,60,0,6
BRDA:197,60,1,6
BRDA:198,61,0,6
BRDA:198,61,1,6
BRDA:199,62,0,6
BRDA:199,62,1,6
BRDA:200,63,0,6
BRDA:200,63,1,6
BRDA:201,64,0,6
BRDA:201,64,1,6
BRDA:202,65,0,6
BRDA:202,65,1,6
BRDA:203,66,0,6
BRDA:203,66,1,6
BRDA:205,67,0,6
BRDA:205,67,1,6
BRDA:207,68,0,6
BRDA:207,68,1,6
BRDA:208,69,0,6
BRDA:208,69,1,6
BRDA:209,70,0,6
BRDA:209,70,1,6
BRDA:210,71,0,6
BRDA:210,71,1,6
BRDA:211,72,0,6
BRDA:211,72,1,6
BRDA:212,73,0,6
BRDA:212,73,1,6
BRDA:213,74,0,6
BRDA:213,74,1,6
BRDA:214,75,0,6
BRDA:214,75,1,6
BRDA:215,76,0,6
BRDA:215,76,1,6
BRDA:216,77,0,6
BRDA:216,77,1,6
BRDA:217,78,0,6
BRDA:217,78,1,6
BRDA:236,79,0,0
BRDA:236,79,1,6
BRDA:238,80,0,6
BRDA:238,80,1,0
BRDA:246,81,0,0
BRDA:246,81,1,0
BRDA:300,82,0,0
BRDA:300,82,1,0
BRDA:306,83,0,6
BRDA:315,84,0,0
BRDA:315,84,1,6
BRDA:316,85,0,0
BRDA:316,85,1,6
BRDA:320,86,0,6
BRDA:347,87,0,0
BRDA:347,87,1,6
BRDA:355,88,0,6
BRDA:355,88,1,0
BRDA:357,89,0,6
BRDA:360,90,0,0
BRDA:360,90,1,6
BRDA:371,91,0,6
BRDA:373,92,0,0
BRDA:373,92,1,5
BRDA:386,93,0,10
BRDA:390,94,0,0
BRDA:404,95,0,6
BRDA:404,95,1,6
BRDA:407,96,0,0
BRDA:407,96,1,5
BRDA:407,97,0,5
BRDA:407,97,1,0
BRDA:409,98,0,0
BRDA:409,98,1,0
BRDA:409,99,0,0
BRDA:409,99,1,0
BRDA:413,100,0,0
BRDA:413,100,1,5
BRDA:413,101,0,5
BRDA:413,101,1,5
BRDA:421,102,0,0
BRDA:421,102,1,5
BRDA:433,103,0,5
BRDA:435,104,0,0
BRDA:435,104,1,5
BRDA:439,105,0,5
BRDA:439,105,1,5
BRDA:445,106,0,0
BRDA:445,106,1,5
BRDA:449,107,0,5
BRDA:449,107,1,5
BRDA:450,108,0,5
BRDA:450,108,1,5
BRDA:459,109,0,6
BRDA:459,109,1,6
BRDA:459,109,2,5
BRDA:462,110,0,0
BRDA:462,110,1,5
BRDA:462,111,0,5
BRDA:462,111,1,0
BRDA:464,112,0,0
BRDA:464,112,1,0
BRDA:464,113,0,0
BRDA:464,113,1,0
BRDA:468,114,0,0
BRDA:468,114,1,5
BRDA:468,115,0,5
BRDA:468,115,1,5
BRDA:476,116,0,0
BRDA:476,116,1,5
BRDA:488,117,0,5
BRDA:490,118,0,0
BRDA:490,118,1,5
BRDA:494,119,0,5
BRDA:494,119,1,5
BRDA:502,120,0,0
BRDA:502,120,1,5
BRDA:502,121,0,5
BRDA:502,121,1,0
BRDA:506,122,0,5
BRDA:506,122,1,5
BRDA:507,123,0,5
BRDA:507,123,1,5
BRDA:513,124,0,5
BRDA:513,124,1,5
BRDA:515,125,0,5
BRDA:515,125,1,5
BRDA:517,126,0,5
BRDA:517,126,1,5
BRDA:519,127,0,5
BRDA:519,127,1,0
BRDA:520,128,0,5
BRDA:528,129,0,6
BRDA:528,129,1,6
BRDA:528,129,2,5
BRDA:531,130,0,0
BRDA:531,130,1,5
BRDA:531,131,0,5
BRDA:531,131,1,0
BRDA:533,132,0,0
BRDA:533,132,1,0
BRDA:533,133,0,0
BRDA:533,133,1,0
BRDA:537,134,0,0
BRDA:537,134,1,5
BRDA:537,135,0,5
BRDA:537,135,1,5
BRDA:545,136,0,0
BRDA:545,136,1,5
BRDA:557,137,0,5
BRDA:559,138,0,0
BRDA:559,138,1,5
BRDA:563,139,0,5
BRDA:563,139,1,5
BRDA:571,140,0,0
BRDA:571,140,1,5
BRDA:571,141,0,5
BRDA:571,141,1,0
BRDA:575,142,0,5
BRDA:575,142,1,5
BRDA:576,143,0,5
BRDA:576,143,1,5
BRDA:582,144,0,5
BRDA:582,144,1,5
BRDA:584,145,0,5
BRDA:584,145,1,0
BRDA:586,146,0,5
BRDA:586,146,1,5
BRDA:588,147,0,5
BRDA:588,147,1,0
BRDA:594,148,0,6
BRDA:594,148,1,6
BRDA:594,148,2,0
BRDA:597,149,0,0
BRDA:597,149,1,0
BRDA:597,150,0,0
BRDA:597,150,1,0
BRDA:599,151,0,0
BRDA:599,151,1,0
BRDA:599,152,0,0
BRDA:599,152,1,0
BRDA:603,153,0,0
BRDA:603,153,1,0
BRDA:603,154,0,0
BRDA:603,154,1,0
BRDA:611,155,0,0
BRDA:611,155,1,0
BRDA:623,156,0,0
BRDA:625,157,0,0
BRDA:625,157,1,0
BRDA:629,158,0,0
BRDA:629,158,1,0
BRDA:637,159,0,0
BRDA:637,159,1,0
BRDA:637,160,0,0
BRDA:637,160,1,0
BRDA:641,161,0,0
BRDA:641,161,1,0
BRDA:642,162,0,0
BRDA:642,162,1,0
BRDA:648,163,0,0
BRDA:648,163,1,0
BRDA:650,164,0,0
BRDA:650,164,1,0
BRDA:652,165,0,0
BRDA:654,166,0,0
BRDA:666,167,0,6
BRDA:666,167,1,6
BRDA:666,167,2,5
BRDA:669,168,0,0
BRDA:669,168,1,5
BRDA:669,169,0,5
BRDA:669,169,1,0
BRDA:671,170,0,0
BRDA:671,170,1,0
BRDA:671,171,0,0
BRDA:671,171,1,0
BRDA:675,172,0,0
BRDA:675,172,1,5
BRDA:675,173,0,5
BRDA:675,173,1,5
BRDA:683,174,0,0
BRDA:683,174,1,5
BRDA:695,175,0,5
BRDA:697,176,0,0
BRDA:697,176,1,5
BRDA:701,177,0,5
BRDA:701,177,1,5
BRDA:707,178,0,0
BRDA:707,178,1,5
BRDA:711,179,0,5
BRDA:711,179,1,5
BRDA:712,180,0,5
BRDA:712,180,1,5
BRDA:722,181,0,6
BRDA:722,181,1,6
BRDA:722,181,2,0
BRDA:725,182,0,0
BRDA:725,182,1,0
BRDA:725,183,0,0
BRDA:725,183,1,0
BRDA:727,184,0,0
BRDA:727,184,1,0
BRDA:727,185,0,0
BRDA:727,185,1,0
BRDA:731,186,0,0
BRDA:731,186,1,0
BRDA:731,187,0,0
BRDA:731,187,1,0
BRDA:739,188,0,0
BRDA:739,188,1,0
BRDA:751,189,0,0
BRDA:753,190,0,0
BRDA:753,190,1,0
BRDA:757,191,0,0
BRDA:757,191,1,0
BRDA:763,192,0,0
BRDA:763,192,1,0
BRDA:767,193,0,0
BRDA:767,193,1,0
BRDA:768,194,0,0
BRDA:768,194,1,0
BRDA:776,195,0,6
BRDA:776,195,1,6
BRDA:776,195,2,0
BRDA:779,196,0,0
BRDA:779,196,1,0
BRDA:779,197,0,0
BRDA:779,197,1,0
BRDA:781,198,0,0
BRDA:781,198,1,0
BRDA:781,199,0,0
BRDA:781,199,1,0
BRDA:785,200,0,0
BRDA:785,200,1,0
BRDA:785,201,0,0
BRDA:785,201,1,0
BRDA:793,202,0,0
BRDA:793,202,1,0
BRDA:805,203,0,0
BRDA:807,204,0,0
BRDA:807,204,1,0
BRDA:811,205,0,0
BRDA:811,205,1,0
BRDA:820,206,0,0
BRDA:820,206,1,0
BRDA:820,207,0,0
BRDA:820,207,1,0
BRDA:824,208,0,0
BRDA:824,208,1,0
BRDA:825,209,0,0
BRDA:825,209,1,0
BRDA:828,210,0,0
BRDA:828,210,1,0
BRDA:829,211,0,0
BRDA:829,211,1,0
BRDA:840,212,0,6
BRDA:840,212,1,0
BRDA:846,213,0,0
BRDA:846,213,1,0
BRDA:846,214,0,0
BRDA:846,214,1,0
BRDA:848,215,0,0
BRDA:848,215,1,0
BRDA:848,216,0,0
BRDA:848,216,1,0
BRDA:852,217,0,0
BRDA:852,217,1,0
BRDA:852,218,0,0
BRDA:852,218,1,0
BRDA:860,219,0,0
BRDA:860,219,1,0
BRDA:870,220,0,0
BRDA:870,220,1,0
BRDA:872,221,0,0
BRDA:874,222,0,0
BRDA:874,222,1,0
BRDA:878,223,0,0
BRDA:878,223,1,0
BRDA:884,224,0,0
BRDA:886,225,0,0
BRDA:886,225,1,0
BRDA:890,226,0,0
BRDA:890,226,1,0
BRDA:891,227,0,0
BRDA:891,227,1,0
BRDA:899,228,0,0
BRDA:899,228,1,0
BRDA:904,229,0,0
BRDA:904,229,1,0
BRDA:904,230,0,0
BRDA:904,230,1,0
BRDA:908,231,0,0
BRDA:908,231,1,0
BRDA:909,232,0,0
BRDA:909,232,1,0
BRDA:915,233,0,0
BRDA:915,233,1,0
BRDA:920,234,0,0
BRF:459
BRH:216
end_of_record
TN:
SF:hooks\useKeyboardShortcuts.js
FN:3,useKeyboardShortcuts
FN:19,(anonymous_2)
FN:22,(anonymous_3)
FN:133,(anonymous_4)
FNF:4
FNH:0
FNDA:0,useKeyboardShortcuts
FNDA:0,(anonymous_2)
FNDA:0,(anonymous_3)
FNDA:0,(anonymous_4)
DA:1,0
DA:3,0
DA:19,0
DA:20,0
DA:22,0
DA:24,0
DA:27,0
DA:29,0
DA:30,0
DA:33,0
DA:34,0
DA:35,0
DA:36,0
DA:40,0
DA:41,0
DA:42,0
DA:43,0
DA:47,0
DA:48,0
DA:49,0
DA:50,0
DA:54,0
DA:55,0
DA:56,0
DA:57,0
DA:61,0
DA:62,0
DA:63,0
DA:64,0
DA:68,0
DA:69,0
DA:70,0
DA:71,0
DA:75,0
DA:76,0
DA:77,0
DA:78,0
DA:82,0
DA:83,0
DA:84,0
DA:85,0
DA:89,0
DA:90,0
DA:91,0
DA:92,0
DA:96,0
DA:97,0
DA:98,0
DA:99,0
DA:103,0
DA:104,0
DA:105,0
DA:106,0
DA:110,0
DA:111,0
DA:112,0
DA:113,0
DA:117,0
DA:118,0
DA:119,0
DA:120,0
DA:127,0
DA:128,0
DA:132,0
DA:133,0
LF:65
LH:0
BRDA:17,0,0,0
BRDA:20,1,0,0
BRDA:20,1,1,0
BRDA:24,2,0,0
BRDA:24,2,1,0
BRDA:27,3,0,0
BRDA:27,3,1,0
BRDA:29,4,0,0
BRDA:29,4,1,0
BRDA:33,5,0,0
BRDA:33,5,1,0
BRDA:33,6,0,0
BRDA:33,6,1,0
BRDA:33,6,2,0
BRDA:40,7,0,0
BRDA:40,7,1,0
BRDA:40,8,0,0
BRDA:40,8,1,0
BRDA:40,8,2,0
BRDA:40,8,3,0
BRDA:40,8,4,0
BRDA:47,9,0,0
BRDA:47,9,1,0
BRDA:47,10,0,0
BRDA:47,10,1,0
BRDA:54,11,0,0
BRDA:54,11,1,0
BRDA:54,12,0,0
BRDA:54,12,1,0
BRDA:61,13,0,0
BRDA:61,13,1,0
BRDA:61,14,0,0
BRDA:61,14,1,0
BRDA:68,15,0,0
BRDA:68,15,1,0
BRDA:68,16,0,0
BRDA:68,16,1,0
BRDA:75,17,0,0
BRDA:75,17,1,0
BRDA:75,18,0,0
BRDA:75,18,1,0
BRDA:82,19,0,0
BRDA:82,19,1,0
BRDA:82,20,0,0
BRDA:82,20,1,0
BRDA:89,21,0,0
BRDA:89,21,1,0
BRDA:89,22,0,0
BRDA:89,22,1,0
BRDA:96,23,0,0
BRDA:96,23,1,0
BRDA:96,24,0,0
BRDA:96,24,1,0
BRDA:103,25,0,0
BRDA:103,25,1,0
BRDA:103,26,0,0
BRDA:103,26,1,0
BRDA:103,26,2,0
BRDA:110,27,0,0
BRDA:110,27,1,0
BRDA:110,28,0,0
BRDA:110,28,1,0
BRDA:110,28,2,0
BRDA:117,29,0,0
BRDA:117,29,1,0
BRDA:119,30,0,0
BRDA:119,30,1,0
BRF:67
BRH:0
end_of_record
TN:
SF:hooks\useLongPress.js
FN:3,useLongPress
FN:13,(anonymous_2)
FN:20,(anonymous_3)
FN:29,(anonymous_4)
FN:41,(anonymous_5)
FN:42,(anonymous_6)
FN:43,(anonymous_7)
FN:44,(anonymous_8)
FN:45,(anonymous_9)
FN:49,(anonymous_10)
FN:53,(anonymous_11)
FNF:11
FNH:4
FNDA:4,useLongPress
FNDA:4,(anonymous_2)
FNDA:0,(anonymous_3)
FNDA:0,(anonymous_4)
FNDA:3,(anonymous_5)
FNDA:1,(anonymous_6)
FNDA:0,(anonymous_7)
FNDA:0,(anonymous_8)
FNDA:0,(anonymous_9)
FNDA:0,(anonymous_10)
FNDA:0,(anonymous_11)
DA:1,1
DA:3,4
DA:8,4
DA:9,4
DA:10,4
DA:12,4
DA:14,4
DA:15,0
DA:18,0
DA:20,0
DA:21,0
DA:22,0
DA:28,4
DA:30,0
DA:31,0
DA:32,0
DA:33,0
DA:34,0
DA:40,4
DA:41,3
DA:42,1
DA:43,0
DA:44,0
DA:45,0
DA:49,1
DA:50,0
DA:53,1
DA:54,0
DA:56,0
DA:57,0
LF:30
LH:13
BRDA:6,0,0,4
BRDA:6,1,0,4
BRDA:6,2,0,4
BRDA:14,3,0,0
BRDA:14,3,1,0
BRDA:14,4,0,4
BRDA:14,4,1,4
BRDA:29,5,0,0
BRDA:30,6,0,0
BRDA:30,6,1,0
BRDA:31,7,0,0
BRDA:31,7,1,0
BRDA:31,7,2,0
BRDA:31,7,3,0
BRDA:33,8,0,0
BRDA:33,8,1,0
BRDA:33,9,0,0
BRDA:33,9,1,0
BRDA:54,10,0,0
BRDA:54,10,1,0
BRDA:56,11,0,0
BRDA:56,11,1,0
BRDA:56,12,0,0
BRDA:56,12,1,0
BRF:24
BRH:5
end_of_record
TN:
SF:pages\404.js
FN:4,Custom404
FNF:1
FNH:0
FNDA:0,Custom404
DA:1,0
DA:2,0
DA:4,0
LF:3
LH:0
BRF:0
BRH:0
end_of_record
TN:
SF:pages\_app.js
FN:26,App
FNF:1
FNH:0
FNDA:0,App
DA:2,0
DA:5,0
DA:6,0
DA:7,0
DA:10,0
DA:13,0
DA:16,0
DA:19,0
DA:21,0
DA:22,0
DA:23,0
DA:24,0
DA:26,0
LF:13
LH:0
BRF:0
BRH:0
end_of_record
TN:
SF:pages\dashboard.js
FN:6,Dashboard
FN:14,(anonymous_3)
FN:18,(anonymous_4)
FN:30,(anonymous_5)
FN:48,(anonymous_6)
FN:61,(anonymous_7)
FN:102,(anonymous_8)
FN:133,(anonymous_9)
FN:142,(anonymous_10)
FN:146,(anonymous_11)
FN:171,(anonymous_12)
FN:181,(anonymous_13)
FN:197,(anonymous_14)
FN:198,(anonymous_15)
FN:201,(anonymous_16)
FN:214,(anonymous_17)
FN:224,(anonymous_18)
FN:228,(anonymous_19)
FN:241,(anonymous_20)
FNF:19
FNH:7
FNDA:13,Dashboard
FNDA:5,(anonymous_3)
FNDA:5,(anonymous_4)
FNDA:0,(anonymous_5)
FNDA:0,(anonymous_6)
FNDA:0,(anonymous_7)
FNDA:2,(anonymous_8)
FNDA:0,(anonymous_9)
FNDA:2,(anonymous_10)
FNDA:0,(anonymous_11)
FNDA:0,(anonymous_12)
FNDA:0,(anonymous_13)
FNDA:0,(anonymous_14)
FNDA:0,(anonymous_15)
FNDA:0,(anonymous_16)
FNDA:1,(anonymous_17)
FNDA:9,(anonymous_18)
FNDA:0,(anonymous_19)
FNDA:0,(anonymous_20)
DA:1,1
DA:2,1
DA:3,1
DA:4,1
DA:6,5
DA:7,13
DA:8,13
DA:9,12
DA:10,12
DA:11,12
DA:12,12
DA:14,12
DA:15,5
DA:18,12
DA:19,5
DA:20,5
DA:21,5
DA:22,5
DA:24,0
DA:26,5
DA:30,12
DA:31,0
DA:32,0
DA:41,0
DA:42,0
DA:44,0
DA:48,12
DA:49,0
DA:51,0
DA:53,0
DA:54,0
DA:55,0
DA:57,0
DA:61,12
DA:62,0
DA:64,0
DA:65,0
DA:74,0
DA:77,0
DA:86,0
DA:88,0
DA:102,2
DA:133,0
DA:143,2
DA:146,0
DA:171,0
DA:181,0
DA:197,0
DA:198,0
DA:201,0
DA:214,1
DA:225,9
DA:228,0
DA:241,0
LF:54
LH:26
BRDA:36,0,0,0
BRDA:36,0,1,0
BRDA:51,1,0,0
BRDA:51,1,1,0
BRDA:118,2,0,5
BRDA:123,3,0,6
BRDA:196,4,0,12
BRDA:227,5,0,3
BRDA:227,5,1,6
BRF:9
BRH:5
end_of_record
TN:
SF:pages\editor.js
FN:47,EditorNew
FN:54,(anonymous_6)
FN:56,(anonymous_7)
FN:56,(anonymous_8)
FN:71,(anonymous_9)
FN:72,(anonymous_10)
FN:76,(anonymous_11)
FN:86,(anonymous_12)
FN:94,(anonymous_13)
FN:103,(anonymous_14)
FN:117,(anonymous_15)
FN:118,(anonymous_16)
FN:119,(anonymous_17)
FN:121,(anonymous_18)
FN:124,(anonymous_19)
FN:126,(anonymous_20)
FN:130,(anonymous_21)
FN:135,(anonymous_22)
FN:138,(anonymous_23)
FN:139,(anonymous_24)
FN:141,(anonymous_25)
FN:142,(anonymous_26)
FN:162,(anonymous_27)
FN:164,(anonymous_28)
FN:167,(anonymous_29)
FN:169,(anonymous_30)
FN:172,(anonymous_31)
FN:177,(anonymous_32)
FN:186,(anonymous_33)
FN:187,(anonymous_34)
FN:195,(anonymous_35)
FN:199,(anonymous_36)
FN:200,(anonymous_37)
FN:207,(anonymous_38)
FN:211,(anonymous_39)
FN:217,(anonymous_40)
FN:225,(anonymous_41)
FN:229,(anonymous_42)
FN:233,(anonymous_43)
FN:237,(anonymous_44)
FN:241,(anonymous_45)
FN:245,(anonymous_46)
FN:249,(anonymous_47)
FN:253,(anonymous_48)
FN:257,(anonymous_49)
FN:323,(anonymous_50)
FN:327,(anonymous_51)
FN:328,(anonymous_52)
FN:329,(anonymous_53)
FN:333,(anonymous_54)
FN:334,(anonymous_55)
FN:335,(anonymous_56)
FN:386,(anonymous_57)
FNF:53
FNH:0
FNDA:0,EditorNew
FNDA:0,(anonymous_6)
FNDA:0,(anonymous_7)
FNDA:0,(anonymous_8)
FNDA:0,(anonymous_9)
FNDA:0,(anonymous_10)
FNDA:0,(anonymous_11)
FNDA:0,(anonymous_12)
FNDA:0,(anonymous_13)
FNDA:0,(anonymous_14)
FNDA:0,(anonymous_15)
FNDA:0,(anonymous_16)
FNDA:0,(anonymous_17)
FNDA:0,(anonymous_18)
FNDA:0,(anonymous_19)
FNDA:0,(anonymous_20)
FNDA:0,(anonymous_21)
FNDA:0,(anonymous_22)
FNDA:0,(anonymous_23)
FNDA:0,(anonymous_24)
FNDA:0,(anonymous_25)
FNDA:0,(anonymous_26)
FNDA:0,(anonymous_27)
FNDA:0,(anonymous_28)
FNDA:0,(anonymous_29)
FNDA:0,(anonymous_30)
FNDA:0,(anonymous_31)
FNDA:0,(anonymous_32)
FNDA:0,(anonymous_33)
FNDA:0,(anonymous_34)
FNDA:0,(anonymous_35)
FNDA:0,(anonymous_36)
FNDA:0,(anonymous_37)
FNDA:0,(anonymous_38)
FNDA:0,(anonymous_39)
FNDA:0,(anonymous_40)
FNDA:0,(anonymous_41)
FNDA:0,(anonymous_42)
FNDA:0,(anonymous_43)
FNDA:0,(anonymous_44)
FNDA:0,(anonymous_45)
FNDA:0,(anonymous_46)
FNDA:0,(anonymous_47)
FNDA:0,(anonymous_48)
FNDA:0,(anonymous_49)
FNDA:0,(anonymous_50)
FNDA:0,(anonymous_51)
FNDA:0,(anonymous_52)
FNDA:0,(anonymous_53)
FNDA:0,(anonymous_54)
FNDA:0,(anonymous_55)
FNDA:0,(anonymous_56)
FNDA:0,(anonymous_57)
DA:1,0
DA:2,0
DA:3,0
DA:4,0
DA:5,0
DA:6,0
DA:7,0
DA:8,0
DA:9,0
DA:10,0
DA:11,0
DA:12,0
DA:13,0
DA:45,0
DA:47,0
DA:48,0
DA:49,0
DA:50,0
DA:51,0
DA:54,0
DA:55,0
DA:56,0
DA:57,0
DA:58,0
DA:64,0
DA:65,0
DA:66,0
DA:67,0
DA:68,0
DA:69,0
DA:70,0
DA:71,0
DA:72,0
DA:73,0
DA:76,0
DA:77,0
DA:86,0
DA:87,0
DA:88,0
DA:89,0
DA:94,0
DA:95,0
DA:96,0
DA:97,0
DA:99,0
DA:103,0
DA:104,0
DA:105,0
DA:106,0
DA:107,0
DA:108,0
DA:110,0
DA:116,0
DA:117,0
DA:118,0
DA:120,0
DA:121,0
DA:125,0
DA:126,0
DA:131,0
DA:132,0
DA:136,0
DA:138,0
DA:140,0
DA:141,0
DA:142,0
DA:143,0
DA:144,0
DA:154,0
DA:157,0
DA:158,0
DA:163,0
DA:164,0
DA:168,0
DA:169,0
DA:173,0
DA:174,0
DA:178,0
DA:179,0
DA:186,0
DA:187,0
DA:189,0
DA:190,0
DA:194,0
DA:195,0
DA:199,0
DA:200,0
DA:201,0
DA:202,0
DA:203,0
DA:207,0
DA:211,0
DA:212,0
DA:213,0
DA:217,0
DA:218,0
DA:219,0
DA:221,0
DA:225,0
DA:226,0
DA:229,0
DA:230,0
DA:233,0
DA:234,0
DA:237,0
DA:238,0
DA:241,0
DA:242,0
DA:245,0
DA:246,0
DA:249,0
DA:250,0
DA:253,0
DA:254,0
DA:257,0
DA:258,0
DA:259,0
DA:261,0
DA:262,0
DA:265,0
DA:266,0
DA:268,0
DA:269,0
DA:272,0
DA:273,0
DA:276,0
DA:278,0
DA:282,0
DA:284,0
DA:288,0
DA:290,0
DA:294,0
DA:296,0
DA:299,0
DA:300,0
DA:302,0
DA:305,0
DA:306,0
DA:308,0
DA:323,0
DA:327,0
DA:328,0
DA:329,0
DA:333,0
DA:334,0
DA:335,0
DA:386,0
LF:147
LH:0
BRDA:55,0,0,0
BRDA:55,0,1,0
BRDA:87,1,0,0
BRDA:87,1,1,0
BRDA:87,2,0,0
BRDA:87,2,1,0
BRDA:96,3,0,0
BRDA:96,3,1,0
BRDA:104,4,0,0
BRDA:104,4,1,0
BRDA:106,5,0,0
BRDA:106,5,1,0
BRDA:120,6,0,0
BRDA:120,6,1,0
BRDA:125,7,0,0
BRDA:125,7,1,0
BRDA:131,8,0,0
BRDA:131,8,1,0
BRDA:140,9,0,0
BRDA:140,9,1,0
BRDA:143,10,0,0
BRDA:143,10,1,0
BRDA:157,11,0,0
BRDA:157,11,1,0
BRDA:163,12,0,0
BRDA:163,12,1,0
BRDA:168,13,0,0
BRDA:168,13,1,0
BRDA:173,14,0,0
BRDA:173,14,1,0
BRDA:178,15,0,0
BRDA:178,15,1,0
BRDA:189,16,0,0
BRDA:189,16,1,0
BRDA:202,17,0,0
BRDA:202,17,1,0
BRDA:212,18,0,0
BRDA:212,18,1,0
BRDA:217,19,0,0
BRDA:218,20,0,0
BRDA:218,20,1,0
BRDA:268,21,0,0
BRDA:268,21,1,0
BRDA:272,22,0,0
BRDA:272,22,1,0
BRDA:276,23,0,0
BRDA:276,23,1,0
BRDA:276,23,2,0
BRDA:276,23,3,0
BRDA:291,24,0,0
BRDA:291,24,1,0
BRDA:292,25,0,0
BRDA:292,25,1,0
BRDA:299,26,0,0
BRDA:299,26,1,0
BRDA:356,27,0,0
BRDA:356,27,1,0
BRDA:357,28,0,0
BRDA:357,28,1,0
BRDA:392,29,0,0
BRF:60
BRH:0
end_of_record
TN:
SF:pages\index.js
FN:7,Home
FN:12,(anonymous_3)
FN:13,(anonymous_4)
FN:17,(anonymous_5)
FN:54,(anonymous_6)
FNF:5
FNH:0
FNDA:0,Home
FNDA:0,(anonymous_3)
FNDA:0,(anonymous_4)
FNDA:0,(anonymous_5)
FNDA:0,(anonymous_6)
DA:1,0
DA:2,0
DA:3,0
DA:4,0
DA:5,0
DA:7,0
DA:8,0
DA:9,0
DA:10,0
DA:12,0
DA:13,0
DA:14,0
DA:16,0
DA:17,0
DA:54,0
LF:15
LH:0
BRDA:28,0,0,0
BRDA:28,0,1,0
BRDA:36,1,0,0
BRDA:36,1,1,0
BRF:4
BRH:0
end_of_record
TN:
SF:pages\select.js
FN:8,(anonymous_2)
FN:10,Select
FN:19,(anonymous_4)
FN:24,(anonymous_5)
FN:30,(anonymous_6)
FN:37,(anonymous_7)
FN:48,(anonymous_8)
FN:50,(anonymous_9)
FN:66,(anonymous_10)
FN:80,(anonymous_11)
FN:84,(anonymous_12)
FN:93,(anonymous_13)
FN:97,(anonymous_14)
FN:98,(anonymous_15)
FN:111,(anonymous_16)
FN:124,(anonymous_17)
FN:157,(anonymous_18)
FN:162,(anonymous_19)
FN:175,(anonymous_20)
FN:190,(anonymous_21)
FN:195,(anonymous_22)
FNF:21
FNH:0
FNDA:0,(anonymous_2)
FNDA:0,Select
FNDA:0,(anonymous_4)
FNDA:0,(anonymous_5)
FNDA:0,(anonymous_6)
FNDA:0,(anonymous_7)
FNDA:0,(anonymous_8)
FNDA:0,(anonymous_9)
FNDA:0,(anonymous_10)
FNDA:0,(anonymous_11)
FNDA:0,(anonymous_12)
FNDA:0,(anonymous_13)
FNDA:0,(anonymous_14)
FNDA:0,(anonymous_15)
FNDA:0,(anonymous_16)
FNDA:0,(anonymous_17)
FNDA:0,(anonymous_18)
FNDA:0,(anonymous_19)
FNDA:0,(anonymous_20)
FNDA:0,(anonymous_21)
FNDA:0,(anonymous_22)
DA:1,0
DA:2,0
DA:3,0
DA:4,0
DA:5,0
DA:7,0
DA:8,0
DA:10,0
DA:11,0
DA:12,0
DA:13,0
DA:14,0
DA:15,0
DA:16,0
DA:17,0
DA:19,0
DA:20,0
DA:21,0
DA:24,0
DA:26,0
DA:27,0
DA:30,0
DA:31,0
DA:32,0
DA:35,0
DA:37,0
DA:38,0
DA:39,0
DA:42,0
DA:46,0
DA:48,0
DA:50,0
DA:52,0
DA:66,0
DA:81,0
DA:84,0
DA:94,0
DA:97,0
DA:98,0
DA:112,0
DA:113,0
DA:125,0
DA:126,0
DA:157,0
DA:162,0
DA:175,0
DA:190,0
DA:196,0
DA:197,0
LF:49
LH:0
BRDA:26,0,0,0
BRDA:26,0,1,0
BRDA:31,1,0,0
BRDA:31,1,1,0
BRDA:46,2,0,0
BRDA:46,2,1,0
BRDA:83,3,0,0
BRDA:83,3,1,0
BRDA:96,4,0,0
BRDA:96,4,1,0
BRDA:103,5,0,0
BRDA:106,6,0,0
BRDA:154,7,0,0
BRDA:186,8,0,0
BRF:14
BRH:0
end_of_record
TN:
SF:pages\api\resumes\[id].js
FN:7,handler
FNF:1
FNH:0
FNDA:0,handler
DA:2,0
DA:3,0
DA:5,0
DA:7,0
DA:8,0
DA:9,0
DA:11,0
DA:13,0
DA:14,0
DA:15,0
DA:18,0
DA:19,0
DA:21,0
DA:23,0
DA:25,0
DA:26,0
DA:31,0
DA:32,0
DA:34,0
DA:36,0
DA:38,0
DA:39,0
DA:40,0
DA:43,0
DA:44,0
DA:46,0
DA:49,0
LF:27
LH:0
BRDA:11,0,0,0
BRDA:11,0,1,0
BRDA:14,1,0,0
BRDA:14,1,1,0
BRDA:23,2,0,0
BRDA:23,2,1,0
BRDA:36,3,0,0
BRDA:36,3,1,0
BRDA:39,4,0,0
BRDA:39,4,1,0
BRF:10
BRH:0
end_of_record
TN:
SF:pages\api\resumes\index.js
FN:12,handler
FN:18,(anonymous_3)
FN:19,(anonymous_4)
FNF:3
FNH:3
FNDA:4,handler
FNDA:3,(anonymous_3)
FNDA:3,(anonymous_4)
DA:2,1
DA:3,1
DA:5,1
DA:8,1
DA:9,0
DA:12,4
DA:13,4
DA:15,1
DA:16,1
DA:17,1
DA:18,3
DA:20,3
DA:21,3
DA:22,3
DA:28,1
DA:30,0
DA:32,3
DA:34,2
DA:35,2
DA:36,2
DA:38,2
DA:66,2
DA:67,2
DA:69,2
DA:71,0
DA:74,1
LF:26
LH:23
BRDA:8,0,0,0
BRDA:8,0,1,1
BRDA:13,1,0,1
BRDA:13,1,1,3
BRDA:32,2,0,2
BRDA:32,2,1,1
BRDA:40,3,0,2
BRDA:40,3,1,1
BRDA:43,4,0,2
BRDA:43,4,1,1
BRF:10
BRH:9
end_of_record
TN:
SF:utils\exportCanvas.js
FN:7,exportToPNG
FN:12,(anonymous_9)
FN:25,(anonymous_10)
FN:41,exportToJPG
FN:45,(anonymous_12)
FN:58,(anonymous_13)
FN:74,exportToPDF
FN:78,(anonymous_15)
FN:79,(anonymous_16)
FN:122,exportAllPagesToPDF
FN:126,(anonymous_18)
FN:127,(anonymous_19)
FNF:12
FNH:0
FNDA:0,exportToPNG
FNDA:0,(anonymous_9)
FNDA:0,(anonymous_10)
FNDA:0,exportToJPG
FNDA:0,(anonymous_12)
FNDA:0,(anonymous_13)
FNDA:0,exportToPDF
FNDA:0,(anonymous_15)
FNDA:0,(anonymous_16)
FNDA:0,exportAllPagesToPDF
FNDA:0,(anonymous_18)
FNDA:0,(anonymous_19)
DA:7,0
DA:8,0
DA:11,0
DA:12,0
DA:14,0
DA:17,0
DA:25,0
DA:26,0
DA:27,0
DA:28,0
DA:29,0
DA:30,0
DA:31,0
DA:34,0
DA:36,0
DA:37,0
DA:41,0
DA:42,0
DA:44,0
DA:45,0
DA:47,0
DA:50,0
DA:58,0
DA:59,0
DA:60,0
DA:61,0
DA:62,0
DA:63,0
DA:64,0
DA:67,0
DA:69,0
DA:70,0
DA:74,0
DA:75,0
DA:77,0
DA:78,0
DA:79,0
DA:80,0
DA:82,0
DA:85,0
DA:93,0
DA:94,0
DA:97,0
DA:98,0
DA:101,0
DA:108,0
DA:109,0
DA:112,0
DA:114,0
DA:116,0
DA:117,0
DA:122,0
DA:123,0
DA:125,0
DA:126,0
DA:127,0
DA:128,0
DA:130,0
DA:133,0
DA:139,0
DA:140,0
DA:142,0
DA:149,0
DA:151,0
DA:152,0
DA:155,0
DA:158,0
DA:159,0
DA:161,0
DA:162,0
LF:70
LH:0
BRDA:7,0,0,0
BRDA:7,1,0,0
BRDA:18,2,0,0
BRDA:18,2,1,0
BRDA:19,3,0,0
BRDA:19,3,1,0
BRDA:41,4,0,0
BRDA:41,5,0,0
BRDA:52,6,0,0
BRDA:52,6,1,0
BRDA:65,7,0,0
BRDA:65,7,1,0
BRDA:74,8,0,0
BRDA:74,9,0,0
BRDA:97,10,0,0
BRDA:97,10,1,0
BRDA:98,11,0,0
BRDA:98,11,1,0
BRDA:102,12,0,0
BRDA:102,12,1,0
BRDA:122,13,0,0
BRDA:151,14,0,0
BRDA:151,14,1,0
BRF:23
BRH:0
end_of_record
TN:
SF:utils\projectStorage.js
FN:7,saveProject
FN:19,loadProject
FN:40,autoSaveProject
FN:52,loadAutoSave
FN:73,hasAutoSave
FN:77,clearAutoSave
FN:82,getLastSaveTime
FN:87,formatSaveTime
FN:104,exportProjectAsJSON
FN:121,importProjectFromJSON
FN:122,(anonymous_21)
FN:125,(anonymous_22)
FN:134,(anonymous_23)
FNF:13
FNH:2
FNDA:1,saveProject
FNDA:2,loadProject
FNDA:0,autoSaveProject
FNDA:0,loadAutoSave
FNDA:0,hasAutoSave
FNDA:0,clearAutoSave
FNDA:0,getLastSaveTime
FNDA:0,formatSaveTime
FNDA:0,exportProjectAsJSON
FNDA:0,importProjectFromJSON
FNDA:0,(anonymous_21)
FNDA:0,(anonymous_22)
FNDA:0,(anonymous_23)
DA:3,1
DA:4,1
DA:5,1
DA:7,1
DA:8,1
DA:9,1
DA:10,1
DA:11,1
DA:12,1
DA:14,0
DA:15,0
DA:19,2
DA:20,2
DA:21,2
DA:22,2
DA:23,2
DA:26,0
DA:27,0
DA:29,0
DA:35,0
DA:36,0
DA:40,0
DA:41,0
DA:42,0
DA:43,0
DA:44,0
DA:45,0
DA:47,0
DA:48,0
DA:52,0
DA:53,0
DA:54,0
DA:55,0
DA:56,0
DA:59,0
DA:60,0
DA:62,0
DA:68,0
DA:69,0
DA:73,0
DA:74,0
DA:77,0
DA:78,0
DA:79,0
DA:82,0
DA:83,0
DA:84,0
DA:87,0
DA:88,0
DA:90,0
DA:91,0
DA:93,0
DA:94,0
DA:95,0
DA:96,0
DA:98,0
DA:99,0
DA:100,0
DA:101,0
DA:104,0
DA:105,0
DA:106,0
DA:107,0
DA:108,0
DA:109,0
DA:110,0
DA:111,0
DA:112,0
DA:113,0
DA:114,0
DA:116,0
DA:117,0
DA:121,0
DA:122,0
DA:123,0
DA:125,0
DA:126,0
DA:127,0
DA:128,0
DA:130,0
DA:134,0
DA:135,0
DA:138,0
LF:83
LH:14
BRDA:22,0,0,2
BRDA:22,0,1,0
BRDA:32,1,0,0
BRDA:32,1,1,0
BRDA:55,2,0,0
BRDA:55,2,1,0
BRDA:65,3,0,0
BRDA:65,3,1,0
BRDA:84,4,0,0
BRDA:84,4,1,0
BRDA:88,5,0,0
BRDA:88,5,1,0
BRDA:98,6,0,0
BRDA:98,6,1,0
BRDA:99,7,0,0
BRDA:99,7,1,0
BRDA:99,8,0,0
BRDA:99,8,1,0
BRDA:100,9,0,0
BRDA:100,9,1,0
BRDA:100,10,0,0
BRDA:100,10,1,0
BRDA:101,11,0,0
BRDA:101,11,1,0
BRDA:110,12,0,0
BRDA:110,12,1,0
BRDA:110,13,0,0
BRDA:110,13,1,0
BRF:28
BRH:1
end_of_record
